
--- Module:   C:\qp_lab\qpcpp\src\qs\qs.cpp (C++)
"C:\qp_lab\qpcpp\src\qs\qs.cpp" 123 57 Note 930: cast from enum to unsigned int [MISRA C++ Rule 5-2-7], [MISRA C++ Rule 5-2-8]
"C:\qp_lab\qpcpp\src\qs\qs.cpp" 134 61 Note 930: cast from enum to unsigned int [MISRA C++ Rule 5-2-7], [MISRA C++ Rule 5-2-8]
"C:\qp_lab\qpcpp\src\qs\qs.cpp" 140 61 Note 930: cast from enum to unsigned int [MISRA C++ Rule 5-2-7], [MISRA C++ Rule 5-2-8]
"C:\qp_lab\qpcpp\src\qs\qs.cpp" 145 61 Note 930: cast from enum to unsigned int [MISRA C++ Rule 5-2-7], [MISRA C++ Rule 5-2-8]
"C:\qp_lab\qpcpp\src\qs\qs.cpp" 149 61 Note 930: cast from enum to unsigned int [MISRA C++ Rule 5-2-7], [MISRA C++ Rule 5-2-8]
"C:\qp_lab\qpcpp\src\qs\qs.cpp" 154 61 Note 930: cast from enum to unsigned int [MISRA C++ Rule 5-2-7], [MISRA C++ Rule 5-2-8]
"C:\qp_lab\qpcpp\src\qs\qs.cpp" 159 61 Note 930: cast from enum to unsigned int [MISRA C++ Rule 5-2-7], [MISRA C++ Rule 5-2-8]
"C:\qp_lab\qpcpp\src\qs\qs.cpp" 162 61 Note 930: cast from enum to unsigned int [MISRA C++ Rule 5-2-7], [MISRA C++ Rule 5-2-8]
"C:\qp_lab\qpcpp\src\qs\qs.cpp" 165 61 Note 930: cast from enum to unsigned int [MISRA C++ Rule 5-2-7], [MISRA C++ Rule 5-2-8]
"C:\qp_lab\qpcpp\src\qs\qs.cpp" 169 61 Note 930: cast from enum to unsigned int [MISRA C++ Rule 5-2-7], [MISRA C++ Rule 5-2-8]
"C:\qp_lab\qpcpp\src\qs\qs.cpp" 173 61 Note 930: cast from enum to unsigned int [MISRA C++ Rule 5-2-7], [MISRA C++ Rule 5-2-8]
"C:\qp_lab\qpcpp\src\qs\qs.cpp" 177 61 Note 930: cast from enum to unsigned int [MISRA C++ Rule 5-2-7], [MISRA C++ Rule 5-2-8]
"C:\qp_lab\qpcpp\src\qs\qs.cpp" 181 61 Note 930: cast from enum to unsigned int [MISRA C++ Rule 5-2-7], [MISRA C++ Rule 5-2-8]
"C:\qp_lab\qpcpp\src\qs\qs.cpp" 185 61 Note 930: cast from enum to unsigned int [MISRA C++ Rule 5-2-7], [MISRA C++ Rule 5-2-8]
"C:\qp_lab\qpcpp\src\qs\qs.cpp" 214 57 Note 930: cast from enum to unsigned int [MISRA C++ Rule 5-2-7], [MISRA C++ Rule 5-2-8]
"C:\qp_lab\qpcpp\src\qs\qs.cpp" 226 61 Note 930: cast from enum to unsigned int [MISRA C++ Rule 5-2-7], [MISRA C++ Rule 5-2-8]
"C:\qp_lab\qpcpp\src\qs\qs.cpp" 232 61 Note 930: cast from enum to unsigned int [MISRA C++ Rule 5-2-7], [MISRA C++ Rule 5-2-8]
"C:\qp_lab\qpcpp\src\qs\qs.cpp" 237 61 Note 930: cast from enum to unsigned int [MISRA C++ Rule 5-2-7], [MISRA C++ Rule 5-2-8]
"C:\qp_lab\qpcpp\src\qs\qs.cpp" 241 61 Note 930: cast from enum to unsigned int [MISRA C++ Rule 5-2-7], [MISRA C++ Rule 5-2-8]
"C:\qp_lab\qpcpp\src\qs\qs.cpp" 246 61 Note 930: cast from enum to unsigned int [MISRA C++ Rule 5-2-7], [MISRA C++ Rule 5-2-8]
"C:\qp_lab\qpcpp\src\qs\qs.cpp" 251 61 Note 930: cast from enum to unsigned int [MISRA C++ Rule 5-2-7], [MISRA C++ Rule 5-2-8]
"C:\qp_lab\qpcpp\src\qs\qs.cpp" 254 61 Note 930: cast from enum to unsigned int [MISRA C++ Rule 5-2-7], [MISRA C++ Rule 5-2-8]
"C:\qp_lab\qpcpp\src\qs\qs.cpp" 257 61 Note 930: cast from enum to unsigned int [MISRA C++ Rule 5-2-7], [MISRA C++ Rule 5-2-8]
"C:\qp_lab\qpcpp\src\qs\qs.cpp" 261 61 Note 930: cast from enum to unsigned int [MISRA C++ Rule 5-2-7], [MISRA C++ Rule 5-2-8]
"C:\qp_lab\qpcpp\src\qs\qs.cpp" 265 61 Note 930: cast from enum to unsigned int [MISRA C++ Rule 5-2-7], [MISRA C++ Rule 5-2-8]
"C:\qp_lab\qpcpp\src\qs\qs.cpp" 269 61 Note 930: cast from enum to unsigned int [MISRA C++ Rule 5-2-7], [MISRA C++ Rule 5-2-8]
"C:\qp_lab\qpcpp\src\qs\qs.cpp" 273 61 Note 930: cast from enum to unsigned int [MISRA C++ Rule 5-2-7], [MISRA C++ Rule 5-2-8]
"C:\qp_lab\qpcpp\src\qs\qs.cpp" 277 61 Note 930: cast from enum to unsigned int [MISRA C++ Rule 5-2-7], [MISRA C++ Rule 5-2-8]

--- Module:   C:\qp_lab\qpcpp\src\qs\qs_64bit.cpp (C++)

--- Module:   C:\qp_lab\qpcpp\src\qs\qs_fp.cpp (C++)
"C:\qp_lab\qpcpp\src\qs\qs_fp.cpp" 96 24 Info 708: union initialization

--- Module:   C:\qp_lab\qpcpp\src\qs\qs_rx.cpp (C++)
"C:\qp_lab\qpcpp\src\qs\qs_rx.cpp" 219 46 Note 930: cast from enum to unsigned char [MISRA C++ Rule 5-2-7], [MISRA C++ Rule 5-2-8]
"C:\qp_lab\qpcpp\src\qs\qs_rx.cpp" 262 52 Note 930: cast from enum to unsigned int [MISRA C++ Rule 5-2-7], [MISRA C++ Rule 5-2-8]
"C:\qp_lab\qpcpp\src\qs\qs_rx.cpp" 377 72 Note 930: cast from enum to unsigned char [MISRA C++ Rule 5-2-7], [MISRA C++ Rule 5-2-8]
"C:\qp_lab\qpcpp\src\qs\qs_rx.cpp" 377 72 Note 930: cast from enum to unsigned char [MISRA C++ Rule 5-2-7], [MISRA C++ Rule 5-2-8]
"C:\qp_lab\qpcpp\src\qs\qs_rx.cpp" 384 63 Note 930: cast from enum to unsigned char [MISRA C++ Rule 5-2-7], [MISRA C++ Rule 5-2-8]
"C:\qp_lab\qpcpp\src\qs\qs_rx.cpp" 398 33 Note 930: cast from enum to unsigned char [MISRA C++ Rule 5-2-7], [MISRA C++ Rule 5-2-8]
"C:\qp_lab\qpcpp\src\qs\qs_rx.cpp" 398 67 Note 930: cast from enum to unsigned char [MISRA C++ Rule 5-2-7], [MISRA C++ Rule 5-2-8]
"C:\qp_lab\qpcpp\src\qs\qs_rx.cpp" 398 33 Note 930: cast from enum to unsigned char [MISRA C++ Rule 5-2-7], [MISRA C++ Rule 5-2-8]
"C:\qp_lab\qpcpp\src\qs\qs_rx.cpp" 398 67 Note 930: cast from enum to unsigned char [MISRA C++ Rule 5-2-7], [MISRA C++ Rule 5-2-8]
"C:\qp_lab\qpcpp\src\qs\qs_rx.cpp" 407 63 Note 930: cast from enum to unsigned char [MISRA C++ Rule 5-2-7], [MISRA C++ Rule 5-2-8]
"C:\qp_lab\qpcpp\src\qs\qs_rx.cpp" 414 78 Note 930: cast from enum to unsigned char [MISRA C++ Rule 5-2-7], [MISRA C++ Rule 5-2-8]
"C:\qp_lab\qpcpp\src\qs\qs_rx.cpp" 443 67 Note 930: cast from enum to unsigned char [MISRA C++ Rule 5-2-7], [MISRA C++ Rule 5-2-8]
"C:\qp_lab\qpcpp\src\qs\qs_rx.cpp" 443 67 Note 930: cast from enum to unsigned char [MISRA C++ Rule 5-2-7], [MISRA C++ Rule 5-2-8]
"C:\qp_lab\qpcpp\src\qs\qs_rx.cpp" 537 64 Note 930: cast from enum to unsigned char [MISRA C++ Rule 5-2-7], [MISRA C++ Rule 5-2-8]
"C:\qp_lab\qpcpp\src\qs\qs_rx.cpp" 537 64 Note 930: cast from enum to unsigned char [MISRA C++ Rule 5-2-7], [MISRA C++ Rule 5-2-8]
"C:\qp_lab\qpcpp\src\qs\qs_rx.cpp" 574 35 Note 930: cast from enum to unsigned char [MISRA C++ Rule 5-2-7], [MISRA C++ Rule 5-2-8]
"C:\qp_lab\qpcpp\src\qs\qs_rx.cpp" 574 69 Note 930: cast from enum to unsigned char [MISRA C++ Rule 5-2-7], [MISRA C++ Rule 5-2-8]
"C:\qp_lab\qpcpp\src\qs\qs_rx.cpp" 574 35 Note 930: cast from enum to unsigned char [MISRA C++ Rule 5-2-7], [MISRA C++ Rule 5-2-8]
"C:\qp_lab\qpcpp\src\qs\qs_rx.cpp" 574 69 Note 930: cast from enum to unsigned char [MISRA C++ Rule 5-2-7], [MISRA C++ Rule 5-2-8]
"C:\qp_lab\qpcpp\src\qs\qs_rx.cpp" 591 35 Note 930: cast from enum to unsigned char [MISRA C++ Rule 5-2-7], [MISRA C++ Rule 5-2-8]
"C:\qp_lab\qpcpp\src\qs\qs_rx.cpp" 591 69 Note 930: cast from enum to unsigned char [MISRA C++ Rule 5-2-7], [MISRA C++ Rule 5-2-8]
"C:\qp_lab\qpcpp\src\qs\qs_rx.cpp" 591 35 Note 930: cast from enum to unsigned char [MISRA C++ Rule 5-2-7], [MISRA C++ Rule 5-2-8]
"C:\qp_lab\qpcpp\src\qs\qs_rx.cpp" 591 69 Note 930: cast from enum to unsigned char [MISRA C++ Rule 5-2-7], [MISRA C++ Rule 5-2-8]
"C:\qp_lab\qpcpp\src\qs\qs_rx.cpp" 632 70 Note 930: cast from enum to unsigned char [MISRA C++ Rule 5-2-7], [MISRA C++ Rule 5-2-8]
"C:\qp_lab\qpcpp\src\qs\qs_rx.cpp" 632 70 Note 930: cast from enum to unsigned char [MISRA C++ Rule 5-2-7], [MISRA C++ Rule 5-2-8]
"C:\qp_lab\qpcpp\src\qs\qs_rx.cpp" 725 72 Note 928: cast from pointer to pointer [MISRA C++ Rule 5-2-7]
"C:\qp_lab\qpcpp\src\qs\qs_rx.cpp" 726 55 Note 1960: Violates MISRA C++ 2008 Required Rule 5-0-15, pointer arithmetic other than array indexing used
"C:\qp_lab\qpcpp\src\qs\qs_rx.cpp" 735 73 Note 930: cast from enum to unsigned char [MISRA C++ Rule 5-2-7], [MISRA C++ Rule 5-2-8]
"C:\qp_lab\qpcpp\src\qs\qs_rx.cpp" 735 73 Note 930: cast from enum to unsigned char [MISRA C++ Rule 5-2-7], [MISRA C++ Rule 5-2-8]
"C:\qp_lab\qpcpp\src\qs\qs_rx.cpp" 740 69 Note 930: cast from enum to unsigned char [MISRA C++ Rule 5-2-7], [MISRA C++ Rule 5-2-8]
"C:\qp_lab\qpcpp\src\qs\qs_rx.cpp" 740 69 Note 930: cast from enum to unsigned char [MISRA C++ Rule 5-2-7], [MISRA C++ Rule 5-2-8]
"C:\qp_lab\qpcpp\src\qs\qs_rx.cpp" 845 65 Note 930: cast from enum to unsigned int [MISRA C++ Rule 5-2-7], [MISRA C++ Rule 5-2-8]
"C:\qp_lab\qpcpp\src\qs\qs_rx.cpp" 847 24 Note 925: cast from pointer to pointer [MISRA C++ Rule 5-2-8], [MISRA C++ Rule 5-2-9]
"C:\qp_lab\qpcpp\src\qs\qs_rx.cpp" 847 44 Note 1960: Violates MISRA C++ 2008 Required Rule 5-0-15, pointer arithmetic other than array indexing used
"C:\qp_lab\qpcpp\src\qs\qs_rx.cpp" 855 46 Note 1960: Violates MISRA C++ 2008 Required Rule 5-0-15, pointer arithmetic other than array indexing used
"C:\qp_lab\qpcpp\src\qs\qs_rx.cpp" 858 77 Note 927: cast from pointer to pointer [MISRA C++ Rule 5-2-7]
"C:\qp_lab\qpcpp\src\qs\qs_rx.cpp" 858 77 Note 1960: Violates MISRA C++ 2008 Required Rule 5-0-15, pointer arithmetic other than array indexing used
"C:\qp_lab\qpcpp\src\qs\qs_rx.cpp" 858 77 Info 826: Suspicious pointer-to-pointer conversion (area too small)
"C:\qp_lab\qpcpp\src\qs\qs_rx.cpp" 861 77 Note 927: cast from pointer to pointer [MISRA C++ Rule 5-2-7]
"C:\qp_lab\qpcpp\src\qs\qs_rx.cpp" 861 77 Note 1960: Violates MISRA C++ 2008 Required Rule 5-0-15, pointer arithmetic other than array indexing used
"C:\qp_lab\qpcpp\src\qs\qs_rx.cpp" 861 77 Info 826: Suspicious pointer-to-pointer conversion (area too small)
"C:\qp_lab\qpcpp\src\qs\qs_rx.cpp" 873 60 Note 930: cast from enum to unsigned char [MISRA C++ Rule 5-2-7], [MISRA C++ Rule 5-2-8]
"C:\qp_lab\qpcpp\src\qs\qs_rx.cpp" 873 60 Note 930: cast from enum to unsigned char [MISRA C++ Rule 5-2-7], [MISRA C++ Rule 5-2-8]
"C:\qp_lab\qpcpp\src\qs\qs_rx.cpp" 884 20 Note 925: cast from pointer to pointer [MISRA C++ Rule 5-2-8], [MISRA C++ Rule 5-2-9]
"C:\qp_lab\qpcpp\src\qs\qs_rx.cpp" 884 40 Note 1960: Violates MISRA C++ 2008 Required Rule 5-0-15, pointer arithmetic other than array indexing used
"C:\qp_lab\qpcpp\src\qs\qs_rx.cpp" 888 34 Note 1960: Violates MISRA C++ 2008 Required Rule 5-0-15, pointer arithmetic other than array indexing used
"C:\qp_lab\qpcpp\src\qs\qs_rx.cpp" 891 61 Note 927: cast from pointer to pointer [MISRA C++ Rule 5-2-7]
"C:\qp_lab\qpcpp\src\qs\qs_rx.cpp" 891 64 Note 1960: Violates MISRA C++ 2008 Required Rule 5-0-15, pointer arithmetic other than array indexing used
"C:\qp_lab\qpcpp\src\qs\qs_rx.cpp" 892 70 Info 826: Suspicious pointer-to-pointer conversion (area too small)
"C:\qp_lab\qpcpp\src\qs\qs_rx.cpp" 895 61 Note 927: cast from pointer to pointer [MISRA C++ Rule 5-2-7]
"C:\qp_lab\qpcpp\src\qs\qs_rx.cpp" 895 64 Note 1960: Violates MISRA C++ 2008 Required Rule 5-0-15, pointer arithmetic other than array indexing used
"C:\qp_lab\qpcpp\src\qs\qs_rx.cpp" 896 47 Info 826: Suspicious pointer-to-pointer conversion (area too small)
"C:\qp_lab\qpcpp\src\qs\qs_rx.cpp" 924 70 Note 930: cast from enum to unsigned char [MISRA C++ Rule 5-2-7], [MISRA C++ Rule 5-2-8]
"C:\qp_lab\qpcpp\src\qs\qs_rx.cpp" 926 62 Note 930: cast from enum to unsigned char [MISRA C++ Rule 5-2-7], [MISRA C++ Rule 5-2-8]
"C:\qp_lab\qpcpp\src\qs\qs_rx.cpp" 929 71 Note 923: cast from unsigned long to pointer [MISRA C++ Rule 5-2-7], [MISRA C++ Rule 5-2-8]
"C:\qp_lab\qpcpp\src\qs\qs_rx.cpp" 933 68 Note 923: cast from unsigned long to pointer [MISRA C++ Rule 5-2-7], [MISRA C++ Rule 5-2-8]
"C:\qp_lab\qpcpp\src\qs\qs_rx.cpp" 936 72 Note 930: cast from unsigned char to enum [MISRA C++ Rule 5-2-7], [MISRA C++ Rule 5-2-8]
"C:\qp_lab\qpcpp\src\qs\qs_rx.cpp" 936 72 Note 930: cast from unsigned char to enum [MISRA C++ Rule 5-2-7], [MISRA C++ Rule 5-2-8]
"C:\qp_lab\qpcpp\src\qs\qs_rx.cpp" 941 62 Note 930: cast from enum to unsigned char [MISRA C++ Rule 5-2-7], [MISRA C++ Rule 5-2-8]
"C:\qp_lab\qpcpp\src\qs\qs_rx.cpp" 944 68 Note 923: cast from unsigned long to pointer [MISRA C++ Rule 5-2-7], [MISRA C++ Rule 5-2-8]
"C:\qp_lab\qpcpp\src\qs\qs_rx.cpp" 946 68 Note 923: cast from unsigned long to pointer [MISRA C++ Rule 5-2-7], [MISRA C++ Rule 5-2-8]
"C:\qp_lab\qpcpp\src\qs\qs_rx.cpp" 950 68 Note 923: cast from unsigned long to pointer [MISRA C++ Rule 5-2-7], [MISRA C++ Rule 5-2-8]
"C:\qp_lab\qpcpp\src\qs\qs_rx.cpp" 952 68 Note 923: cast from unsigned long to pointer [MISRA C++ Rule 5-2-7], [MISRA C++ Rule 5-2-8]
"C:\qp_lab\qpcpp\src\qs\qs_rx.cpp" 955 72 Note 930: cast from unsigned char to enum [MISRA C++ Rule 5-2-7], [MISRA C++ Rule 5-2-8]
"C:\qp_lab\qpcpp\src\qs\qs_rx.cpp" 955 72 Note 930: cast from unsigned char to enum [MISRA C++ Rule 5-2-7], [MISRA C++ Rule 5-2-8]
"C:\qp_lab\qpcpp\src\qs\qs_rx.cpp" 972 69 Note 930: cast from enum to unsigned char [MISRA C++ Rule 5-2-7], [MISRA C++ Rule 5-2-8]
"C:\qp_lab\qpcpp\src\qs\qs_rx.cpp" 972 69 Note 930: cast from enum to unsigned char [MISRA C++ Rule 5-2-7], [MISRA C++ Rule 5-2-8]
"C:\qp_lab\qpcpp\src\qs\qs_rx.cpp" 1006 29 Note 925: cast from pointer to pointer [MISRA C++ Rule 5-2-8], [MISRA C++ Rule 5-2-9]
"C:\qp_lab\qpcpp\src\qs\qs_rx.cpp" 1018 29 Note 925: cast from pointer to pointer [MISRA C++ Rule 5-2-8], [MISRA C++ Rule 5-2-9]
"C:\qp_lab\qpcpp\src\qs\qs_rx.cpp" 1030 61 Note 925: cast from pointer to pointer [MISRA C++ Rule 5-2-8], [MISRA C++ Rule 5-2-9]
"C:\qp_lab\qpcpp\src\qs\qs_rx.cpp" 1053 65 Note 930: cast from enum to unsigned char [MISRA C++ Rule 5-2-7], [MISRA C++ Rule 5-2-8]
"C:\qp_lab\qpcpp\src\qs\qs_rx.cpp" 1053 65 Note 930: cast from enum to unsigned char [MISRA C++ Rule 5-2-7], [MISRA C++ Rule 5-2-8]
"C:\qp_lab\qpcpp\src\qs\qs_rx.cpp" 1104 1 Note 952: Parameter 'state' (line 812) could be declared const [MISRA C++ Rule 7-1-1]
"C:\qp_lab\qpcpp\src\qs\qs_rx.cpp" 812 1 Info 830: Location cited in prior message

During Specific Walk:
  File C:\qp_lab\qpcpp\src\qs\qs_rx.cpp line 327: QP::rxHandleGoodFrame_(?) #1
"C:\qp_lab\qpcpp\src\qs\qs_rx.cpp" 858 1 Info 826: Suspicious pointer-to-pointer conversion (area too small)

During Specific Walk:
  File C:\qp_lab\qpcpp\src\qs\qs_rx.cpp line 327: QP::rxHandleGoodFrame_(?) #1
"C:\qp_lab\qpcpp\src\qs\qs_rx.cpp" 861 1 Info 826: Suspicious pointer-to-pointer conversion (area too small)

During Specific Walk:
  File C:\qp_lab\qpcpp\src\qs\qs_rx.cpp line 327: QP::rxHandleGoodFrame_(?) #1
"C:\qp_lab\qpcpp\src\qs\qs_rx.cpp" 891 1 Info 826: Suspicious pointer-to-pointer conversion (area too small)

During Specific Walk:
  File C:\qp_lab\qpcpp\src\qs\qs_rx.cpp line 327: QP::rxHandleGoodFrame_(?) #1
"C:\qp_lab\qpcpp\src\qs\qs_rx.cpp" 895 1 Info 826: Suspicious pointer-to-pointer conversion (area too small)
"C:\qp_lab\qpcpp\src\qs\qs_rx.cpp" 1119 1 Note 952: Parameter 'state' (line 1107) could be declared const [MISRA C++ Rule 7-1-1]
"C:\qp_lab\qpcpp\src\qs\qs_rx.cpp" 1107 1 Info 830: Location cited in prior message
"C:\qp_lab\qpcpp\src\qs\qs_rx.cpp" 1123 57 Note 930: cast from enum to unsigned int [MISRA C++ Rule 5-2-7], [MISRA C++ Rule 5-2-8]
"C:\qp_lab\qpcpp\src\qs\qs_rx.cpp" 1127 1 Note 952: Parameter 'recId' (line 1122) could be declared const [MISRA C++ Rule 7-1-1]
"C:\qp_lab\qpcpp\src\qs\qs_rx.cpp" 1122 1 Info 830: Location cited in prior message
"C:\qp_lab\qpcpp\src\qs\qs_rx.cpp" 1131 57 Note 930: cast from enum to unsigned int [MISRA C++ Rule 5-2-7], [MISRA C++ Rule 5-2-8]
"C:\qp_lab\qpcpp\src\qs\qs_rx.cpp" 1132 50 Warning 639: Strong type mismatch for type 'uint8_t' in binary operation
"C:\qp_lab\qpcpp\src\qs\qs_rx.cpp" 1139 59 Note 930: cast from enum to unsigned int [MISRA C++ Rule 5-2-7], [MISRA C++ Rule 5-2-8]
"C:\qp_lab\qpcpp\src\qs\qs_rx.cpp" 1144 1 Note 952: Parameter 'recId' (line 1138) could be declared const [MISRA C++ Rule 7-1-1]
"C:\qp_lab\qpcpp\src\qs\qs_rx.cpp" 1138 1 Info 830: Location cited in prior message
"C:\qp_lab\qpcpp\src\qs\qs_rx.cpp" 1148 31 Note 1924: C-style cast [MISRA C++ Rule 5-2-4]
"C:\qp_lab\qpcpp\src\qs\qs_rx.cpp" 1149 21 Note 925: cast from pointer to pointer [MISRA C++ Rule 5-2-8], [MISRA C++ Rule 5-2-9]
"C:\qp_lab\qpcpp\src\qs\qs_rx.cpp" 1149 41 Note 1960: Violates MISRA C++ 2008 Required Rule 5-0-15, pointer arithmetic other than array indexing used
"C:\qp_lab\qpcpp\src\qs\qs_rx.cpp" 1155 25 Note 1924: C-style cast [MISRA C++ Rule 5-2-4]
"C:\qp_lab\qpcpp\src\qs\qs_rx.cpp" 1155 30 Note 927: cast from pointer to pointer [MISRA C++ Rule 5-2-7]
"C:\qp_lab\qpcpp\src\qs\qs_rx.cpp" 1155 73 Info 826: Suspicious pointer-to-pointer conversion (area too small)
"C:\qp_lab\qpcpp\src\qs\qs_rx.cpp" 1158 25 Note 1924: C-style cast [MISRA C++ Rule 5-2-4]
"C:\qp_lab\qpcpp\src\qs\qs_rx.cpp" 1158 30 Note 927: cast from pointer to pointer [MISRA C++ Rule 5-2-7]
"C:\qp_lab\qpcpp\src\qs\qs_rx.cpp" 1158 50 Info 826: Suspicious pointer-to-pointer conversion (area too small)
"C:\qp_lab\qpcpp\src\qs\qs_rx.cpp" 1167 45 Warning 639: Strong type mismatch for type 'uint16_t' in binary operation
"C:\qp_lab\qpcpp\src\qs\qs_rx.cpp" 1167 45 Warning 639: Strong type mismatch for type 'uint8_t' in binary operation
"C:\qp_lab\qpcpp\src\qs\qs_rx.cpp" 1167 45 Warning 632: Assignment to strong type 'uint16_t' in context: assignment

During Specific Walk:
  File C:\qp_lab\qpcpp\src\qs\qs_rx.cpp line 610: QP::rxPoke_() #1
"C:\qp_lab\qpcpp\src\qs\qs_rx.cpp" 1155 1 Info 826: Suspicious pointer-to-pointer conversion (area too small)

During Specific Walk:
  File C:\qp_lab\qpcpp\src\qs\qs_rx.cpp line 610: QP::rxPoke_() #1
"C:\qp_lab\qpcpp\src\qs\qs_rx.cpp" 1158 1 Info 826: Suspicious pointer-to-pointer conversion (area too small)
"C:\qp_lab\qpcpp\src\qs\qs_rx.cpp" 1189 47 Note 1924: C-style cast [MISRA C++ Rule 5-2-4]
"C:\qp_lab\qpcpp\src\qs\qs_rx.cpp" 1189 51 Note 923: cast from pointer to unsigned long [MISRA C++ Rule 5-2-7], [MISRA C++ Rule 5-2-8]
"C:\qp_lab\qpcpp\src\qs\qs_rx.cpp" 1189 51 Note 9091: casting from pointer type to integer type [MISRA C++ Rule 5-2-9]
"C:\qp_lab\qpcpp\src\qs\qs_rx.cpp" 1195 45 Warning 445: Reuse of for loop variable 'i' at 'line 1188' could cause chaos
"C:\qp_lab\qpcpp\src\qs\qs_rx.cpp" 1188 1 Info 830: Location cited in prior message
"C:\qp_lab\qpcpp\src\qs\qs_rx.cpp" 1196 61 Warning 639: Strong type mismatch for type 'uint8_t' in binary operation
"C:\qp_lab\qpcpp\src\qs\qs_rx.cpp" 1196 61 Note 1960: Violates MISRA C++ 2008 Required Rule 5-0-4, Implicit conversion changes signedness
"C:\qp_lab\qpcpp\src\qs\qs_rx.cpp" 1199 70 Note 930: cast from enum to unsigned int [MISRA C++ Rule 5-2-7], [MISRA C++ Rule 5-2-8]
"C:\qp_lab\qpcpp\src\qs\qs_rx.cpp" 1205 9 Warning 529: Symbol 'critStat_' (line 1190) not subsequently referenced [MISRA C++ Rule 0-1-3], [MISRA C++ Rule 0-1-4]
"C:\qp_lab\qpcpp\src\qs\qs_rx.cpp" 1190 1 Info 830: Location cited in prior message
"C:\qp_lab\qpcpp\src\qs\qs_rx.cpp" 1207 5 Info 850: for loop index variable 'i' whose type category is 'integral' is modified in body of the for loop that began at 'line 1188' [MISRA C++ Rule 6-5-3]
"C:\qp_lab\qpcpp\src\qs\qs_rx.cpp" 1188 1 Info 830: Location cited in prior message

--- Module:   C:\qp_lab\qpcpp\src\qs\qutest.cpp (C++)
"C:\qp_lab\qpcpp\src\qs\qutest.cpp" 72 13 Warning 632: Assignment to strong type 'int_t' in context: return
"C:\qp_lab\qpcpp\src\qs\qutest.cpp" 141 4 Warning 525: Negative indentation from line 121
"C:\qp_lab\qpcpp\src\qs\qutest.cpp" 121 1 Info 830: Location cited in prior message
"C:\qp_lab\qpcpp\src\qs\qutest.cpp" 152 20 Info 838: Previously assigned value to variable 'critStat_' has not been used [MISRA C++ Rule 0-1-9]
"C:\qp_lab\qpcpp\src\qs\qutest.cpp" 153 29 Info 838: Previously assigned value to variable 'nFree' has not been used [MISRA C++ Rule 0-1-9]
"C:\qp_lab\qpcpp\src\qs\qutest.cpp" 213 50 Note 1924: C-style cast [MISRA C++ Rule 5-2-4]
"C:\qp_lab\qpcpp\src\qs\qutest.cpp" 213 50 Note 1924: C-style cast [MISRA C++ Rule 5-2-4]
"C:\qp_lab\qpcpp\src\qs\qutest.cpp" 233 63 Warning 638: Strong type mismatch for type 'uint_fast8_t' in relational
"C:\qp_lab\qpcpp\src\qs\qutest.cpp" 233 63 Warning 638: Strong type mismatch for type 'uint8_t' in relational
"C:\qp_lab\qpcpp\src\qs\qutest.cpp" 385 34 Note 1924: C-style cast [MISRA C++ Rule 5-2-4]
"C:\qp_lab\qpcpp\src\qs\qutest.cpp" 385 66 Note 925: cast from pointer to pointer [MISRA C++ Rule 5-2-8], [MISRA C++ Rule 5-2-9]
"C:\qp_lab\qpcpp\src\qs\qutest.cpp" 386 34 Note 1924: C-style cast [MISRA C++ Rule 5-2-4]
"C:\qp_lab\qpcpp\src\qs\qutest.cpp" 386 43 Note 925: cast from pointer to pointer [MISRA C++ Rule 5-2-8], [MISRA C++ Rule 5-2-9]
"C:\qp_lab\qpcpp\src\qs\qutest.cpp" 387 42 Note 1924: C-style cast [MISRA C++ Rule 5-2-4]
"C:\qp_lab\qpcpp\src\qs\qutest.cpp" 388 36 Note 1924: C-style cast [MISRA C++ Rule 5-2-4]
"C:\qp_lab\qpcpp\src\qs\qutest.cpp" 427 17 Note 970: Use of modifier or type 'char' outside of a typedef [MISRA C++ Rule 3-9-2]
"C:\qp_lab\qpcpp\src\qs\qutest.cpp" 427 17 Note 970: Use of modifier or type 'char' outside of a typedef [MISRA C++ Rule 3-9-2]
"C:\qp_lab\qpcpp\src\qs\qutest.cpp" 427 55 Error 1053: 'Q_onAssert(const char *, int_t)' cannot be distinguished from 'Q_onAssert(const char_t *, int_t)', type difference is ''
"C:\qp_lab\qpcpp\src\qs\qutest.cpp" 427 55 Note 1960: Violates MISRA C++ 2008 Required Rule 8-4-2, function parameter list differs from prior declaration
"C:\qp_lab\qpcpp\src\qs\qutest.cpp" 427 55 Info 1784: Symbol 'Q_onAssert(const char_t *, int_t)' previously declared as "C", compare with line 229, file C:\qp_lab\qpcpp\include\qassert.h, module C:\qp_lab\qpcpp\src\qs\qs.cpp
"C:\qp_lab\qpcpp\include\qassert.h" 229 1 Info 830: Location cited in prior message
"C:\qp_lab\qpcpp\src\qs\qutest.cpp" 427 55 Warning 516: Symbol 'Q_onAssert(const char *, int_t)' has arg. type conflict (arg. no. 1 -- strong type char_t) with line 229, file C:\qp_lab\qpcpp\include\qassert.h, module C:\qp_lab\qpcpp\src\qs\qs.cpp
"C:\qp_lab\qpcpp\include\qassert.h" 229 1 Info 830: Location cited in prior message
"C:\qp_lab\qpcpp\src\qs\qutest.cpp" 428 42 Warning 632: Assignment to strong type 'char_t' in context: arg. no. 1
"C:\qp_lab\qpcpp\src\qs\qutest.cpp" 428 42 Note 1924: C-style cast [MISRA C++ Rule 5-2-4]
"C:\qp_lab\qpcpp\src\qs\qutest.cpp" 431 1 Note 952: Parameter 'loc' (line 427) could be declared const [MISRA C++ Rule 7-1-1]
"C:\qp_lab\qpcpp\src\qs\qutest.cpp" 427 1 Info 830: Location cited in prior message

/// Start of Pass 2 ///

--- Module:   C:\qp_lab\qpcpp\src\qs\qs.cpp (C++)

--- Module:   C:\qp_lab\qpcpp\src\qs\qs_64bit.cpp (C++)

--- Module:   C:\qp_lab\qpcpp\src\qs\qs_fp.cpp (C++)

--- Module:   C:\qp_lab\qpcpp\src\qs\qs_rx.cpp (C++)
"C:\qp_lab\qpcpp\src\qs\qs_rx.cpp" 858 77 Info 826: Suspicious pointer-to-pointer conversion (area too small)
"C:\qp_lab\qpcpp\src\qs\qs_rx.cpp" 861 77 Info 826: Suspicious pointer-to-pointer conversion (area too small)
"C:\qp_lab\qpcpp\src\qs\qs_rx.cpp" 892 70 Info 826: Suspicious pointer-to-pointer conversion (area too small)
"C:\qp_lab\qpcpp\src\qs\qs_rx.cpp" 896 47 Info 826: Suspicious pointer-to-pointer conversion (area too small)

During Specific Walk:
  File C:\qp_lab\qpcpp\src\qs\qs_rx.cpp line 327: QP::rxHandleGoodFrame_(?) #1
"C:\qp_lab\qpcpp\src\qs\qs_rx.cpp" 858 1 Info 826: Suspicious pointer-to-pointer conversion (area too small)

During Specific Walk:
  File C:\qp_lab\qpcpp\src\qs\qs_rx.cpp line 327: QP::rxHandleGoodFrame_(?) #1
"C:\qp_lab\qpcpp\src\qs\qs_rx.cpp" 861 1 Info 826: Suspicious pointer-to-pointer conversion (area too small)

During Specific Walk:
  File C:\qp_lab\qpcpp\src\qs\qs_rx.cpp line 327: QP::rxHandleGoodFrame_(?) #1
"C:\qp_lab\qpcpp\src\qs\qs_rx.cpp" 891 1 Info 826: Suspicious pointer-to-pointer conversion (area too small)

During Specific Walk:
  File C:\qp_lab\qpcpp\src\qs\qs_rx.cpp line 327: QP::rxHandleGoodFrame_(?) #1
"C:\qp_lab\qpcpp\src\qs\qs_rx.cpp" 895 1 Info 826: Suspicious pointer-to-pointer conversion (area too small)

During Specific Walk:
  File C:\qp_lab\qpcpp\src\qs\qs_rx.cpp line 327: QP::rxHandleGoodFrame_(?) #2
"C:\qp_lab\qpcpp\src\qs\qs_rx.cpp" 858 1 Info 826: Suspicious pointer-to-pointer conversion (area too small)

During Specific Walk:
  File C:\qp_lab\qpcpp\src\qs\qs_rx.cpp line 327: QP::rxHandleGoodFrame_(?) #2
"C:\qp_lab\qpcpp\src\qs\qs_rx.cpp" 861 1 Info 826: Suspicious pointer-to-pointer conversion (area too small)

During Specific Walk:
  File C:\qp_lab\qpcpp\src\qs\qs_rx.cpp line 327: QP::rxHandleGoodFrame_(?) #2
"C:\qp_lab\qpcpp\src\qs\qs_rx.cpp" 891 1 Info 826: Suspicious pointer-to-pointer conversion (area too small)

During Specific Walk:
  File C:\qp_lab\qpcpp\src\qs\qs_rx.cpp line 327: QP::rxHandleGoodFrame_(?) #2
"C:\qp_lab\qpcpp\src\qs\qs_rx.cpp" 895 1 Info 826: Suspicious pointer-to-pointer conversion (area too small)
"C:\qp_lab\qpcpp\src\qs\qs_rx.cpp" 1155 73 Info 826: Suspicious pointer-to-pointer conversion (area too small)
"C:\qp_lab\qpcpp\src\qs\qs_rx.cpp" 1158 50 Info 826: Suspicious pointer-to-pointer conversion (area too small)

During Specific Walk:
  File C:\qp_lab\qpcpp\src\qs\qs_rx.cpp line 610: QP::rxPoke_() #1
"C:\qp_lab\qpcpp\src\qs\qs_rx.cpp" 1155 1 Info 826: Suspicious pointer-to-pointer conversion (area too small)

During Specific Walk:
  File C:\qp_lab\qpcpp\src\qs\qs_rx.cpp line 610: QP::rxPoke_() #1
"C:\qp_lab\qpcpp\src\qs\qs_rx.cpp" 1158 1 Info 826: Suspicious pointer-to-pointer conversion (area too small)

During Specific Walk:
  File C:\qp_lab\qpcpp\src\qs\qs_rx.cpp line 610: QP::rxPoke_() #2
"C:\qp_lab\qpcpp\src\qs\qs_rx.cpp" 1155 1 Info 826: Suspicious pointer-to-pointer conversion (area too small)

During Specific Walk:
  File C:\qp_lab\qpcpp\src\qs\qs_rx.cpp line 610: QP::rxPoke_() #2
"C:\qp_lab\qpcpp\src\qs\qs_rx.cpp" 1158 1 Info 826: Suspicious pointer-to-pointer conversion (area too small)

--- Module:   C:\qp_lab\qpcpp\src\qs\qutest.cpp (C++)

--- Global Wrap-up

"C:\qp_lab\qpcpp\ports\lint\qv\qf_port.h" 199 1 Info 757: global declarator 'intEnable(void)' (line 199, file C:\qp_lab\qpcpp\ports\lint\qv\qf_port.h) not referenced [MISRA C++ Rule 0-1-3]
"C:\qp_lab\qpcpp\ports\lint\stdint.h" 32 1 Info 756: global typedef 'uint64_t' (line 32, file C:\qp_lab\qpcpp\ports\lint\stdint.h) not referenced [MISRA C++ Rule 0-1-5]
"C:\qp_lab\qpcpp\ports\lint\stdint.h" 27 1 Info 756: global typedef 'int64_t' (line 27, file C:\qp_lab\qpcpp\ports\lint\stdint.h) not referenced [MISRA C++ Rule 0-1-5]
"C:\qp_lab\qpcpp\ports\lint\qv\qf_port.h" 253 1 Warning 526: Symbol 'critEntry(void)' (line 253, file C:\qp_lab\qpcpp\ports\lint\qv\qf_port.h, module C:\qp_lab\qpcpp\src\qs\qs.cpp) not defined
"C:\qp_lab\qpcpp\ports\lint\qv\qf_port.h" 254 1 Warning 526: Symbol 'critExit(crit_stat_t)' (line 254, file C:\qp_lab\qpcpp\ports\lint\qv\qf_port.h, module C:\qp_lab\qpcpp\src\qs\qs.cpp) not defined
"C:\qp_lab\qpcpp\ports\lint\stdint.h" 24 1 Info 756: global typedef 'int8_t' (line 24, file C:\qp_lab\qpcpp\ports\lint\stdint.h) not referenced [MISRA C++ Rule 0-1-5]
"C:\qp_lab\qpcpp\include\qv.h" 95 1 Info 757: global declarator 'QV_readySet_' (line 95, file C:\qp_lab\qpcpp\include\qv.h) not referenced [MISRA C++ Rule 0-1-3]
"C:\qp_lab\qpcpp\ports\lint\stdint.h" 37 1 Info 756: global typedef 'int_fast16_t' (line 37, file C:\qp_lab\qpcpp\ports\lint\stdint.h) not referenced [MISRA C++ Rule 0-1-5]
"C:\qp_lab\qpcpp\ports\lint\stdint.h" 39 1 Info 756: global typedef 'int_fast32_t' (line 39, file C:\qp_lab\qpcpp\ports\lint\stdint.h) not referenced [MISRA C++ Rule 0-1-5]
"C:\qp_lab\qpcpp\ports\lint\stdint.h" 25 1 Info 756: global typedef 'int16_t' (line 25, file C:\qp_lab\qpcpp\ports\lint\stdint.h) not referenced [MISRA C++ Rule 0-1-5]
"C:\qp_lab\qpcpp\ports\lint\stdint.h" 26 1 Info 756: global typedef 'int32_t' (line 26, file C:\qp_lab\qpcpp\ports\lint\stdint.h) not referenced [MISRA C++ Rule 0-1-5]
"C:\qp_lab\qpcpp\ports\lint\qv\qf_port.h" 198 1 Info 757: global declarator 'intDisable(void)' (line 198, file C:\qp_lab\qpcpp\ports\lint\qv\qf_port.h) not referenced [MISRA C++ Rule 0-1-3]
"C:\qp_lab\qpcpp\include\qep.h" 129 1 Info 755: global macro 'QEVT_INITIALIZER' (line 129, file C:\qp_lab\qpcpp\include\qep.h) not referenced
"C:\qp_lab\qpcpp\include\qep.h" 614 1 Info 755: global macro 'QM_SM_EXIT' (line 614, file C:\qp_lab\qpcpp\include\qep.h) not referenced
"C:\qp_lab\qpcpp\include\qep.h" 644 1 Info 755: global macro 'QM_SUPER_SUB' (line 644, file C:\qp_lab\qpcpp\include\qep.h) not referenced
"C:\qp_lab\qpcpp\include\qs.h" 919 1 Info 755: global macro 'QS_MEM' (line 919, file C:\qp_lab\qpcpp\include\qs.h) not referenced
"C:\qp_lab\qpcpp\src\qf_pkg.h" 173 1 Info 755: global macro 'QS_MPS_' (line 173, file C:\qp_lab\qpcpp\src\qf_pkg.h) not referenced
"C:\qp_lab\qpcpp\src\qf_pkg.h" 185 1 Info 755: global macro 'QS_MPC_' (line 185, file C:\qp_lab\qpcpp\src\qf_pkg.h) not referenced
"C:\qp_lab\qpcpp\include\qep.h" 619 1 Info 755: global macro 'QM_TRAN' (line 619, file C:\qp_lab\qpcpp\include\qep.h) not referenced
"C:\qp_lab\qpcpp\include\qep.h" 630 1 Info 755: global macro 'QM_TRAN_HIST' (line 630, file C:\qp_lab\qpcpp\include\qep.h) not referenced
"C:\qp_lab\qpcpp\include\qep.h" 635 1 Info 755: global macro 'QM_TRAN_EP' (line 635, file C:\qp_lab\qpcpp\include\qep.h) not referenced
"C:\qp_lab\qpcpp\include\qep.h" 624 1 Info 755: global macro 'QM_TRAN_INIT' (line 624, file C:\qp_lab\qpcpp\include\qep.h) not referenced
"C:\qp_lab\qpcpp\include\qep.h" 641 1 Info 755: global macro 'QM_TRAN_XP' (line 641, file C:\qp_lab\qpcpp\include\qep.h) not referenced
"C:\qp_lab\qpcpp\include\qep.h" 604 1 Info 755: global macro 'QM_ENTRY' (line 604, file C:\qp_lab\qpcpp\include\qep.h) not referenced
"C:\qp_lab\qpcpp\include\qep.h" 607 1 Info 755: global macro 'QM_EXIT' (line 607, file C:\qp_lab\qpcpp\include\qep.h) not referenced
"C:\qp_lab\qpcpp\include\qep.h" 54 1 Info 755: global macro 'QP_RELEASE' (line 54, file C:\qp_lab\qpcpp\include\qep.h) not referenced
"C:\qp_lab\qpcpp\include\qs.h" 927 1 Info 755: global macro 'QS_OBJ' (line 927, file C:\qp_lab\qpcpp\include\qs.h) not referenced
"C:\qp_lab\qpcpp\include\qs.h" 1009 1 Info 755: global macro 'QS_OBJ_DICTIONARY' (line 1009, file C:\qp_lab\qpcpp\include\qs.h) not referenced
"C:\qp_lab\qpcpp\include\qmpool.h" 164 1 Info 755: global macro 'QF_MPOOL_EL' (line 164, file C:\qp_lab\qpcpp\include\qmpool.h) not referenced
"C:\qp_lab\qpcpp\include\qassert.h" 262 1 Info 755: global macro 'Q_ENSURE' (line 262, file C:\qp_lab\qpcpp\include\qassert.h) not referenced
"C:\qp_lab\qpcpp\include\qassert.h" 273 1 Info 755: global macro 'Q_ENSURE_ID' (line 273, file C:\qp_lab\qpcpp\include\qassert.h) not referenced
"C:\qp_lab\qpcpp\include\qf.h" 670 1 Info 755: global macro 'Q_NEW' (line 670, file C:\qp_lab\qpcpp\include\qf.h) not referenced
"C:\qp_lab\qpcpp\include\qf.h" 698 1 Info 755: global macro 'Q_NEW_X' (line 698, file C:\qp_lab\qpcpp\include\qf.h) not referenced
"C:\qp_lab\qpcpp\include\qf.h" 722 1 Info 755: global macro 'Q_NEW_REF' (line 722, file C:\qp_lab\qpcpp\include\qf.h) not referenced
"C:\qp_lab\qpcpp\include\qep.h" 600 1 Info 755: global macro 'Q_ACTION_CAST' (line 600, file C:\qp_lab\qpcpp\include\qep.h) not referenced
"C:\qp_lab\qpcpp\include\qassert.h" 118 1 Info 755: global macro 'Q_ASSERT' (line 118, file C:\qp_lab\qpcpp\include\qassert.h) not referenced
"C:\qp_lab\qpcpp\include\qassert.h" 307 1 Info 755: global macro 'Q_ASSERT_COMPILE' (line 307, file C:\qp_lab\qpcpp\include\qassert.h) not referenced
"C:\qp_lab\qpcpp\include\qs.h" 739 1 Info 755: global macro 'QS_BEGIN' (line 739, file C:\qp_lab\qpcpp\include\qs.h) not referenced
"C:\qp_lab\qpcpp\include\qs.h" 761 1 Info 755: global macro 'QS_BEGIN_' (line 761, file C:\qp_lab\qpcpp\include\qs.h) not referenced
"C:\qp_lab\qpcpp\include\qs.h" 655 1 Info 755: global macro 'QS_BEGIN_NOCRIT' (line 655, file C:\qp_lab\qpcpp\include\qs.h) not referenced
"C:\qp_lab\qpcpp\src\qf_pkg.h" 127 1 Info 755: global macro 'QF_PTR_RANGE_' (line 127, file C:\qp_lab\qpcpp\src\qf_pkg.h) not referenced
"C:\qp_lab\qpcpp\src\qf_pkg.h" 133 1 Info 755: global macro 'QF_PTR_AT_' (line 133, file C:\qp_lab\qpcpp\src\qf_pkg.h) not referenced
"C:\qp_lab\qpcpp\include\qep.h" 51 1 Info 755: global macro 'QP_VERSION_STR' (line 51, file C:\qp_lab\qpcpp\include\qep.h) not referenced
"C:\qp_lab\qpcpp\include\qs.h" 916 1 Info 755: global macro 'QS_STR' (line 916, file C:\qp_lab\qpcpp\include\qs.h) not referenced
"C:\qp_lab\qpcpp\include\qs.h" 992 1 Info 755: global macro 'QS_SIG_DICTIONARY' (line 992, file C:\qp_lab\qpcpp\include\qs.h) not referenced
"C:\qp_lab\qpcpp\include\qep.h" 651 1 Info 755: global macro 'Q_TRAN' (line 651, file C:\qp_lab\qpcpp\include\qep.h) not referenced
"C:\qp_lab\qpcpp\include\qep.h" 657 1 Info 755: global macro 'Q_TRAN_HIST' (line 657, file C:\qp_lab\qpcpp\include\qep.h) not referenced
"C:\qp_lab\qpcpp\include\qs.h" 1093 1 Info 755: global macro 'QF_QS_ACTION' (line 1093, file C:\qp_lab\qpcpp\include\qs.h) not referenced
"C:\qp_lab\qpcpp\include\qs.h" 1064 1 Info 755: global macro 'QF_QS_CRIT_ENTRY' (line 1064, file C:\qp_lab\qpcpp\include\qs.h) not referenced
"C:\qp_lab\qpcpp\include\qs.h" 1072 1 Info 755: global macro 'QF_QS_CRIT_EXIT' (line 1072, file C:\qp_lab\qpcpp\include\qs.h) not referenced
"C:\qp_lab\qpcpp\include\qs.h" 1081 1 Info 755: global macro 'QF_QS_ISR_ENTRY' (line 1081, file C:\qp_lab\qpcpp\include\qs.h) not referenced
"C:\qp_lab\qpcpp\include\qs.h" 1090 1 Info 755: global macro 'QF_QS_ISR_EXIT' (line 1090, file C:\qp_lab\qpcpp\include\qs.h) not referenced
"C:\qp_lab\qpcpp\include\qs.h" 1114 1 Info 755: global macro 'QS_TEST_PAUSE' (line 1114, file C:\qp_lab\qpcpp\include\qs.h) not referenced
"C:\qp_lab\qpcpp\include\qep.h" 592 1 Info 755: global macro 'Q_STATE_CAST' (line 592, file C:\qp_lab\qpcpp\include\qep.h) not referenced
"C:\qp_lab\qpcpp\include\qassert.h" 177 1 Info 755: global macro 'Q_ERROR' (line 177, file C:\qp_lab\qpcpp\include\qassert.h) not referenced
"C:\qp_lab\qpcpp\include\qassert.h" 283 1 Info 755: global macro 'Q_INVARIANT' (line 283, file C:\qp_lab\qpcpp\include\qassert.h) not referenced
"C:\qp_lab\qpcpp\include\qassert.h" 294 1 Info 755: global macro 'Q_INVARIANT_ID' (line 294, file C:\qp_lab\qpcpp\include\qassert.h) not referenced
"C:\qp_lab\qpcpp\include\qassert.h" 243 1 Info 755: global macro 'Q_REQUIRE' (line 243, file C:\qp_lab\qpcpp\include\qassert.h) not referenced
"C:\qp_lab\qpcpp\include\qs.h" 745 1 Info 755: global macro 'QS_END' (line 745, file C:\qp_lab\qpcpp\include\qs.h) not referenced
"C:\qp_lab\qpcpp\include\qs.h" 770 1 Info 755: global macro 'QS_END_' (line 770, file C:\qp_lab\qpcpp\include\qs.h) not referenced
"C:\qp_lab\qpcpp\include\qs.h" 659 1 Info 755: global macro 'QS_END_NOCRIT' (line 659, file C:\qp_lab\qpcpp\include\qs.h) not referenced
"C:\qp_lab\qpcpp\src\qf_pkg.h" 160 1 Info 755: global macro 'QS_EVS_' (line 160, file C:\qp_lab\qpcpp\src\qf_pkg.h) not referenced
"C:\qp_lab\qpcpp\include\qs.h" 492 1 Info 755: global macro 'QS_EXIT' (line 492, file C:\qp_lab\qpcpp\include\qs.h) not referenced
"C:\qp_lab\qpcpp\include\qs.h" 878 1 Info 755: global macro 'QS_U16' (line 878, file C:\qp_lab\qpcpp\include\qs.h) not referenced
"C:\qp_lab\qpcpp\include\qs.h" 888 1 Info 755: global macro 'QS_U32' (line 888, file C:\qp_lab\qpcpp\include\qs.h) not referenced
"C:\qp_lab\qpcpp\include\qs.h" 868 1 Info 755: global macro 'QS_U8' (line 868, file C:\qp_lab\qpcpp\include\qs.h) not referenced
"C:\qp_lab\qpcpp\include\qs.h" 908 1 Info 755: global macro 'QS_U64' (line 908, file C:\qp_lab\qpcpp\include\qs.h) not referenced
"C:\qp_lab\qpcpp\include\qs.h" 913 1 Info 755: global macro 'QS_U32_HEX' (line 913, file C:\qp_lab\qpcpp\include\qs.h) not referenced
"C:\qp_lab\qpcpp\include\qs.h" 1034 1 Info 755: global macro 'QS_USR_DICTIONARY' (line 1034, file C:\qp_lab\qpcpp\include\qs.h) not referenced
"C:\qp_lab\qpcpp\include\qep.h" 662 1 Info 755: global macro 'Q_SUPER' (line 662, file C:\qp_lab\qpcpp\include\qep.h) not referenced
"C:\qp_lab\qpcpp\ports\lint\qv\qf_port.h" 250 1 Info 755: global macro 'QF_CPU_SLEEP' (line 250, file C:\qp_lab\qpcpp\ports\lint\qv\qf_port.h) not referenced
"C:\qp_lab\qpcpp\include\qv.h" 110 1 Info 755: global macro 'QACTIVE_EQUEUE_WAIT_' (line 110, file C:\qp_lab\qpcpp\include\qv.h) not referenced
"C:\qp_lab\qpcpp\include\qv.h" 112 1 Info 755: global macro 'QACTIVE_EQUEUE_SIGNAL_' (line 112, file C:\qp_lab\qpcpp\include\qv.h) not referenced
"C:\qp_lab\qpcpp\include\qv.h" 105 1 Info 755: global macro 'QF_SCHED_LOCK_' (line 105, file C:\qp_lab\qpcpp\include\qv.h) not referenced
"C:\qp_lab\qpcpp\include\qv.h" 104 1 Info 755: global macro 'QF_SCHED_STAT_' (line 104, file C:\qp_lab\qpcpp\include\qv.h) not referenced
"C:\qp_lab\qpcpp\include\qv.h" 106 1 Info 755: global macro 'QF_SCHED_UNLOCK_' (line 106, file C:\qp_lab\qpcpp\include\qv.h) not referenced
"C:\qp_lab\qpcpp\include\qs.h" 893 1 Info 755: global macro 'QS_F32' (line 893, file C:\qp_lab\qpcpp\include\qs.h) not referenced
"C:\qp_lab\qpcpp\include\qs.h" 898 1 Info 755: global macro 'QS_F64' (line 898, file C:\qp_lab\qpcpp\include\qs.h) not referenced
"C:\qp_lab\qpcpp\include\qs.h" 559 1 Info 755: global macro 'QS_FILTER_AO_OBJ' (line 559, file C:\qp_lab\qpcpp\include\qs.h) not referenced
"C:\qp_lab\qpcpp\include\qs.h" 578 1 Info 755: global macro 'QS_FILTER_MP_OBJ' (line 578, file C:\qp_lab\qpcpp\include\qs.h) not referenced
"C:\qp_lab\qpcpp\include\qs.h" 598 1 Info 755: global macro 'QS_FILTER_EQ_OBJ' (line 598, file C:\qp_lab\qpcpp\include\qs.h) not referenced
"C:\qp_lab\qpcpp\include\qs.h" 634 1 Info 755: global macro 'QS_FILTER_AP_OBJ' (line 634, file C:\qp_lab\qpcpp\include\qs.h) not referenced
"C:\qp_lab\qpcpp\include\qs.h" 503 1 Info 755: global macro 'QS_FILTER_ON' (line 503, file C:\qp_lab\qpcpp\include\qs.h) not referenced
"C:\qp_lab\qpcpp\include\qs.h" 538 1 Info 755: global macro 'QS_FILTER_SM_OBJ' (line 538, file C:\qp_lab\qpcpp\include\qs.h) not referenced
"C:\qp_lab\qpcpp\include\qs.h" 618 1 Info 755: global macro 'QS_FILTER_TE_OBJ' (line 618, file C:\qp_lab\qpcpp\include\qs.h) not referenced
"C:\qp_lab\qpcpp\include\qs.h" 941 1 Info 755: global macro 'QS_FUN' (line 941, file C:\qp_lab\qpcpp\include\qs.h) not referenced
"C:\qp_lab\qpcpp\include\qf.h" 741 1 Info 755: global macro 'Q_DELETE_REF' (line 741, file C:\qp_lab\qpcpp\include\qf.h) not referenced
"C:\qp_lab\qpcpp\include\qassert.h" 86 1 Info 755: global macro 'Q_DEFINE_THIS_FILE' (line 86, file C:\qp_lab\qpcpp\include\qassert.h) not referenced
"C:\qp_lab\qpcpp\include\qv.h" 119 1 Info 755: global macro 'QF_EPOOL_EVENT_SIZE_' (line 119, file C:\qp_lab\qpcpp\include\qv.h) not referenced
"C:\qp_lab\qpcpp\include\qv.h" 121 1 Info 755: global macro 'QF_EPOOL_GET_' (line 121, file C:\qp_lab\qpcpp\include\qv.h) not referenced
"C:\qp_lab\qpcpp\include\qv.h" 117 1 Info 755: global macro 'QF_EPOOL_INIT_' (line 117, file C:\qp_lab\qpcpp\include\qv.h) not referenced
"C:\qp_lab\qpcpp\include\qv.h" 122 1 Info 755: global macro 'QF_EPOOL_PUT_' (line 122, file C:\qp_lab\qpcpp\include\qv.h) not referenced
"C:\qp_lab\qpcpp\include\qep.h" 112 1 Info 755: global macro 'Q_EVT_CAST' (line 112, file C:\qp_lab\qpcpp\include\qep.h) not referenced
"C:\qp_lab\qpcpp\include\qf.h" 770 1 Info 755: global macro 'TICK_X' (line 770, file C:\qp_lab\qpcpp\include\qf.h) not referenced
"C:\qp_lab\qpcpp\include\qf.h" 865 1 Info 755: global macro 'TICK' (line 865, file C:\qp_lab\qpcpp\include\qf.h) not referenced
"C:\qp_lab\qpcpp\include\qs.h" 863 1 Info 755: global macro 'QS_I8' (line 863, file C:\qp_lab\qpcpp\include\qs.h) not referenced
"C:\qp_lab\qpcpp\include\qs.h" 873 1 Info 755: global macro 'QS_I16' (line 873, file C:\qp_lab\qpcpp\include\qs.h) not referenced
"C:\qp_lab\qpcpp\include\qs.h" 883 1 Info 755: global macro 'QS_I32' (line 883, file C:\qp_lab\qpcpp\include\qs.h) not referenced
"C:\qp_lab\qpcpp\include\qs.h" 903 1 Info 755: global macro 'QS_I64' (line 903, file C:\qp_lab\qpcpp\include\qs.h) not referenced
"C:\qp_lab\qpcpp\include\qs.h" 485 1 Info 755: global macro 'QS_INIT' (line 485, file C:\qp_lab\qpcpp\include\qs.h) not referenced
"C:\qp_lab\qpcpp\include\qep.h" 69 1 Info 755: global macro 'Q_DIM' (line 69, file C:\qp_lab\qpcpp\include\qep.h) not referenced
"C:\qp_lab\qpcpp\include\qassert.h" 152 1 Info 755: global macro 'Q_ALLEGE' (line 152, file C:\qp_lab\qpcpp\include\qassert.h) not referenced
"C:\qp_lab\qpcpp\include\qassert.h" 167 1 Info 755: global macro 'Q_ALLEGE_ID' (line 167, file C:\qp_lab\qpcpp\include\qassert.h) not referenced
"C:\qp_lab\qpcpp\include\qep.h" 121 1 Info 755: global macro 'Q_UINT2PTR_CAST' (line 121, file C:\qp_lab\qpcpp\include\qep.h) not referenced
"C:\qp_lab\qpcpp\ports\lint\qv\qf_port.h" 186 1 Info 755: global macro 'QF_INT_DISABLE' (line 186, file C:\qp_lab\qpcpp\ports\lint\qv\qf_port.h) not referenced
"C:\qp_lab\qpcpp\ports\lint\qv\qf_port.h" 196 1 Info 755: global macro 'QF_INT_ENABLE' (line 196, file C:\qp_lab\qpcpp\ports\lint\qv\qf_port.h) not referenced
"C:\qp_lab\qpcpp\include\qep.h" 378 1 Info 758: global enum 'QP::QHsm::ReservedHsmSignals' (line 378, file C:\qp_lab\qpcpp\include\qep.h) not referenced [MISRA C++ Rule 0-1-5]
"C:\qp_lab\qpcpp\include\qs.h" 180 1 Info 758: global enum 'QP::QSpyUserRecords' (line 180, file C:\qp_lab\qpcpp\include\qs.h) not referenced [MISRA C++ Rule 0-1-5]
"C:\qp_lab\qpcpp\include\qep.h" 138 1 Warning 526: Symbol 'QP::versionStr' (line 138, file C:\qp_lab\qpcpp\include\qep.h) not defined
"C:\qp_lab\qpcpp\include\qep.h" 318 1 Warning 1526: Member function 'QP::QHsm::init(const struct QP::QEvt *)' (line 318, file C:\qp_lab\qpcpp\include\qep.h) not defined
"C:\qp_lab\qpcpp\include\qep.h" 319 1 Info 1716: Virtual member function 'QP::QHsm::init(void)' (line 319, file C:\qp_lab\qpcpp\include\qep.h) not referenced [MISRA C++ Rule 0-1-10]
"C:\qp_lab\qpcpp\include\qep.h" 322 1 Warning 1526: Member function 'QP::QHsm::dispatch(const struct QP::QEvt *)' (line 322, file C:\qp_lab\qpcpp\include\qep.h) not defined
"C:\qp_lab\qpcpp\include\qep.h" 326 1 Info 1714: Member function 'QP::QHsm::isIn(QP::QStateHandler)' (line 326, file C:\qp_lab\qpcpp\include\qep.h) not referenced [MISRA C++ Rule 0-1-10]
"C:\qp_lab\qpcpp\include\qep.h" 326 1 Warning 1526: Member function 'QP::QHsm::isIn(QP::QStateHandler)' (line 326, file C:\qp_lab\qpcpp\include\qep.h) not defined
"C:\qp_lab\qpcpp\include\qep.h" 329 1 Info 1714: Member function 'QP::QHsm::top(void *, const struct QP::QEvt *)' (line 329, file C:\qp_lab\qpcpp\include\qep.h) not referenced [MISRA C++ Rule 0-1-10]
"C:\qp_lab\qpcpp\include\qep.h" 329 1 Warning 1526: Member function 'QP::QHsm::top(void *, const struct QP::QEvt *)' (line 329, file C:\qp_lab\qpcpp\include\qep.h) not defined
"C:\qp_lab\qpcpp\include\qep.h" 333 1 Info 1714: Member function 'QP::QHsm::state(void) const' (line 333, file C:\qp_lab\qpcpp\include\qep.h) not referenced [MISRA C++ Rule 0-1-10]
"C:\qp_lab\qpcpp\include\qep.h" 339 1 Info 1714: Member function 'QP::QHsm::childState(QP::QStateHandler)' (line 339, file C:\qp_lab\qpcpp\include\qep.h) not referenced [MISRA C++ Rule 0-1-10]
"C:\qp_lab\qpcpp\include\qep.h" 339 1 Warning 1526: Member function 'QP::QHsm::childState(QP::QStateHandler)' (line 339, file C:\qp_lab\qpcpp\include\qep.h) not defined
"C:\qp_lab\qpcpp\include\qep.h" 343 1 Info 1714: Member function 'QP::QHsm::QHsm(QP::QStateHandler)' (line 343, file C:\qp_lab\qpcpp\include\qep.h) not referenced [MISRA C++ Rule 0-1-10]
"C:\qp_lab\qpcpp\include\qep.h" 343 1 Warning 1526: Member function 'QP::QHsm::QHsm(QP::QStateHandler)' (line 343, file C:\qp_lab\qpcpp\include\qep.h) not defined
"C:\qp_lab\qpcpp\include\qep.h" 348 1 Info 1714: Member function 'QP::QHsm::Q_HANDLED(void)' (line 348, file C:\qp_lab\qpcpp\include\qep.h) not referenced [MISRA C++ Rule 0-1-10]
"C:\qp_lab\qpcpp\include\qep.h" 356 1 Info 1714: Member function 'QP::QHsm::Q_UNHANDLED(void)' (line 356, file C:\qp_lab\qpcpp\include\qep.h) not referenced [MISRA C++ Rule 0-1-10]
"C:\qp_lab\qpcpp\include\qep.h" 361 1 Info 1714: Member function 'QP::QHsm::tran_(QP::QStateHandler)' (line 361, file C:\qp_lab\qpcpp\include\qep.h) not referenced [MISRA C++ Rule 0-1-10]
"C:\qp_lab\qpcpp\include\qep.h" 367 1 Info 1714: Member function 'QP::QHsm::tran_hist_(QP::QStateHandler)' (line 367, file C:\qp_lab\qpcpp\include\qep.h) not referenced [MISRA C++ Rule 0-1-10]
"C:\qp_lab\qpcpp\include\qep.h" 373 1 Info 1714: Member function 'QP::QHsm::super_(QP::QStateHandler)' (line 373, file C:\qp_lab\qpcpp\include\qep.h) not referenced [MISRA C++ Rule 0-1-10]
"C:\qp_lab\qpcpp\include\qep.h" 379 1 Info 769: global enumeration constant 'QP::QHsm::ReservedHsmSignals::Q_ENTRY_SIG' (line 379, file C:\qp_lab\qpcpp\include\qep.h) not referenced
"C:\qp_lab\qpcpp\include\qep.h" 380 1 Info 769: global enumeration constant 'QP::QHsm::ReservedHsmSignals::Q_EXIT_SIG' (line 380, file C:\qp_lab\qpcpp\include\qep.h) not referenced
"C:\qp_lab\qpcpp\include\qep.h" 381 1 Info 769: global enumeration constant 'QP::QHsm::ReservedHsmSignals::Q_INIT_SIG' (line 381, file C:\qp_lab\qpcpp\include\qep.h) not referenced
"C:\qp_lab\qpcpp\include\qep.h" 386 1 Info 1714: Member function 'QP::QHsm::qm_tran_(const struct QP::QMTranActTable *)' (line 386, file C:\qp_lab\qpcpp\include\qep.h) not referenced [MISRA C++ Rule 0-1-10]
"C:\qp_lab\qpcpp\include\qep.h" 392 1 Info 1714: Member function 'QP::QHsm::qm_tran_hist_(const struct QP::QMState *, const struct QP::QMTranActTable *)' (line 392, file C:\qp_lab\qpcpp\include\qep.h) not referenced [MISRA C++ Rule 0-1-10]
"C:\qp_lab\qpcpp\include\qep.h" 401 1 Info 1714: Member function 'QP::QHsm::qm_tran_init_(const struct QP::QMTranActTable *)' (line 401, file C:\qp_lab\qpcpp\include\qep.h) not referenced [MISRA C++ Rule 0-1-10]
"C:\qp_lab\qpcpp\include\qep.h" 408 1 Info 1714: Member function 'QP::QHsm::qm_tran_ep_(const struct QP::QMTranActTable *)' (line 408, file C:\qp_lab\qpcpp\include\qep.h) not referenced [MISRA C++ Rule 0-1-10]
"C:\qp_lab\qpcpp\include\qep.h" 415 1 Info 1714: Member function 'QP::QHsm::qm_tran_xp_(QP::QActionHandler, const struct QP::QMTranActTable *)' (line 415, file C:\qp_lab\qpcpp\include\qep.h) not referenced [MISRA C++ Rule 0-1-10]
"C:\qp_lab\qpcpp\include\qep.h" 424 1 Info 1714: Member function 'QP::QHsm::qm_entry_(const struct QP::QMState *)' (line 424, file C:\qp_lab\qpcpp\include\qep.h) not referenced [MISRA C++ Rule 0-1-10]
"C:\qp_lab\qpcpp\include\qep.h" 430 1 Info 1714: Member function 'QP::QHsm::qm_exit_(const struct QP::QMState *)' (line 430, file C:\qp_lab\qpcpp\include\qep.h) not referenced [MISRA C++ Rule 0-1-10]
"C:\qp_lab\qpcpp\include\qep.h" 437 1 Info 1714: Member function 'QP::QHsm::qm_super_sub_(const struct QP::QMState *)' (line 437, file C:\qp_lab\qpcpp\include\qep.h) not referenced [MISRA C++ Rule 0-1-10]
"C:\qp_lab\qpcpp\include\qep.h" 444 1 Info 1714: Member function 'QP::QHsm::QM_HANDLED(void)' (line 444, file C:\qp_lab\qpcpp\include\qep.h) not referenced [MISRA C++ Rule 0-1-10]
"C:\qp_lab\qpcpp\include\qep.h" 450 1 Info 1714: Member function 'QP::QHsm::QM_UNHANDLED(void)' (line 450, file C:\qp_lab\qpcpp\include\qep.h) not referenced [MISRA C++ Rule 0-1-10]
"C:\qp_lab\qpcpp\include\qep.h" 456 1 Info 1714: Member function 'QP::QHsm::QM_SUPER(void)' (line 456, file C:\qp_lab\qpcpp\include\qep.h) not referenced [MISRA C++ Rule 0-1-10]
"C:\qp_lab\qpcpp\include\qep.h" 500 1 Warning 1526: Member function 'QP::QMsm::init(const struct QP::QEvt *)' (line 500, file C:\qp_lab\qpcpp\include\qep.h) not defined
"C:\qp_lab\qpcpp\include\qep.h" 504 1 Warning 1526: Member function 'QP::QMsm::dispatch(const struct QP::QEvt *)' (line 504, file C:\qp_lab\qpcpp\include\qep.h) not defined
"C:\qp_lab\qpcpp\include\qep.h" 507 1 Info 1714: Member function 'QP::QMsm::isInState(const struct QP::QMState *) const' (line 507, file C:\qp_lab\qpcpp\include\qep.h) not referenced [MISRA C++ Rule 0-1-10]
"C:\qp_lab\qpcpp\include\qep.h" 507 1 Warning 1526: Member function 'QP::QMsm::isInState(const struct QP::QMState *) const' (line 507, file C:\qp_lab\qpcpp\include\qep.h) not defined
"C:\qp_lab\qpcpp\include\qep.h" 510 1 Info 1714: Member function 'QP::QMsm::stateObj(void) const' (line 510, file C:\qp_lab\qpcpp\include\qep.h) not referenced [MISRA C++ Rule 0-1-10]
"C:\qp_lab\qpcpp\include\qep.h" 515 1 Info 1714: Member function 'QP::QMsm::childStateObj(const struct QP::QMState *) const' (line 515, file C:\qp_lab\qpcpp\include\qep.h) not referenced [MISRA C++ Rule 0-1-10]
"C:\qp_lab\qpcpp\include\qep.h" 515 1 Warning 1526: Member function 'QP::QMsm::childStateObj(const struct QP::QMState *) const' (line 515, file C:\qp_lab\qpcpp\include\qep.h) not defined
"C:\qp_lab\qpcpp\include\qep.h" 519 1 Info 1714: Member function 'QP::QMsm::QMsm(QP::QStateHandler)' (line 519, file C:\qp_lab\qpcpp\include\qep.h) not referenced [MISRA C++ Rule 0-1-10]
"C:\qp_lab\qpcpp\include\qep.h" 519 1 Warning 1526: Member function 'QP::QMsm::QMsm(QP::QStateHandler)' (line 519, file C:\qp_lab\qpcpp\include\qep.h) not defined
"C:\qp_lab\qpcpp\include\qep.h" 532 1 Info 768: global struct member 'QP::QMsm::MAX_ENTRY_DEPTH_' (line 532, file C:\qp_lab\qpcpp\include\qep.h) not referenced
"C:\qp_lab\qpcpp\include\qep.h" 532 1 Info 1715: static member 'QP::QMsm::MAX_ENTRY_DEPTH_' (line 532, file C:\qp_lab\qpcpp\include\qep.h) not referenced
"C:\qp_lab\qpcpp\include\qep.h" 535 1 Info 768: global struct member 'QP::QMsm::msm_top_s' (line 535, file C:\qp_lab\qpcpp\include\qep.h) not referenced
"C:\qp_lab\qpcpp\include\qep.h" 535 1 Info 1715: static member 'QP::QMsm::msm_top_s' (line 535, file C:\qp_lab\qpcpp\include\qep.h) not referenced
"C:\qp_lab\qpcpp\include\qep.h" 535 1 Warning 1527: static member 'QP::QMsm::msm_top_s' (line 535, file C:\qp_lab\qpcpp\include\qep.h) not defined
"C:\qp_lab\qpcpp\include\qep.h" 555 1 Info 768: global struct member 'QP::QMState::superstate' (line 555, file C:\qp_lab\qpcpp\include\qep.h) not referenced
"C:\qp_lab\qpcpp\include\qep.h" 556 1 Info 768: global struct member 'QP::QMState::stateHandler' (line 556, file C:\qp_lab\qpcpp\include\qep.h) not referenced
"C:\qp_lab\qpcpp\include\qep.h" 557 1 Info 768: global struct member 'QP::QMState::entryAction' (line 557, file C:\qp_lab\qpcpp\include\qep.h) not referenced
"C:\qp_lab\qpcpp\include\qep.h" 558 1 Info 768: global struct member 'QP::QMState::exitAction' (line 558, file C:\qp_lab\qpcpp\include\qep.h) not referenced
"C:\qp_lab\qpcpp\include\qep.h" 559 1 Info 768: global struct member 'QP::QMState::initAction' (line 559, file C:\qp_lab\qpcpp\include\qep.h) not referenced
"C:\qp_lab\qpcpp\include\qep.h" 564 1 Info 768: global struct member 'QP::QMTranActTable::target' (line 564, file C:\qp_lab\qpcpp\include\qep.h) not referenced
"C:\qp_lab\qpcpp\include\qep.h" 565 1 Info 768: global struct member 'QP::QMTranActTable::act' (line 565, file C:\qp_lab\qpcpp\include\qep.h) not referenced
"C:\qp_lab\qpcpp\include\qep.h" 574 1 Info 1714: Member function 'QP::QEP::getVersion(void)' (line 574, file C:\qp_lab\qpcpp\include\qep.h) not referenced [MISRA C++ Rule 0-1-10]
"C:\qp_lab\qpcpp\include\qequeue.h" 139 1 Info 768: global struct member 'QP::QEQueue::m_ring' (line 139, file C:\qp_lab\qpcpp\include\qequeue.h) not referenced
"C:\qp_lab\qpcpp\include\qequeue.h" 142 1 Info 768: global struct member 'QP::QEQueue::m_end' (line 142, file C:\qp_lab\qpcpp\include\qequeue.h) not referenced
"C:\qp_lab\qpcpp\include\qequeue.h" 145 1 Info 768: global struct member 'QP::QEQueue::m_head' (line 145, file C:\qp_lab\qpcpp\include\qequeue.h) not referenced
"C:\qp_lab\qpcpp\include\qequeue.h" 148 1 Info 768: global struct member 'QP::QEQueue::m_tail' (line 148, file C:\qp_lab\qpcpp\include\qequeue.h) not referenced
"C:\qp_lab\qpcpp\include\qequeue.h" 161 1 Warning 1526: Member function 'QP::QEQueue::QEQueue(void)' (line 161, file C:\qp_lab\qpcpp\include\qequeue.h) not defined
"C:\qp_lab\qpcpp\include\qequeue.h" 171 1 Warning 1526: Member function 'QP::QEQueue::init(const struct QP::QEvt **, uint_fast16_t)' (line 171, file C:\qp_lab\qpcpp\include\qequeue.h) not defined
"C:\qp_lab\qpcpp\include\qequeue.h" 187 1 Info 1714: Member function 'QP::QEQueue::post(const struct QP::QEvt *, uint_fast16_t)' (line 187, file C:\qp_lab\qpcpp\include\qequeue.h) not referenced [MISRA C++ Rule 0-1-10]
"C:\qp_lab\qpcpp\include\qequeue.h" 187 1 Warning 1526: Member function 'QP::QEQueue::post(const struct QP::QEvt *, uint_fast16_t)' (line 187, file C:\qp_lab\qpcpp\include\qequeue.h) not defined
"C:\qp_lab\qpcpp\include\qequeue.h" 197 1 Info 1714: Member function 'QP::QEQueue::postLIFO(const struct QP::QEvt *)' (line 197, file C:\qp_lab\qpcpp\include\qequeue.h) not referenced [MISRA C++ Rule 0-1-10]
"C:\qp_lab\qpcpp\include\qequeue.h" 197 1 Warning 1526: Member function 'QP::QEQueue::postLIFO(const struct QP::QEvt *)' (line 197, file C:\qp_lab\qpcpp\include\qequeue.h) not defined
"C:\qp_lab\qpcpp\include\qequeue.h" 211 1 Info 1714: Member function 'QP::QEQueue::get(void)' (line 211, file C:\qp_lab\qpcpp\include\qequeue.h) not referenced [MISRA C++ Rule 0-1-10]
"C:\qp_lab\qpcpp\include\qequeue.h" 211 1 Warning 1526: Member function 'QP::QEQueue::get(void)' (line 211, file C:\qp_lab\qpcpp\include\qequeue.h) not defined
"C:\qp_lab\qpcpp\include\qequeue.h" 223 1 Info 1714: Member function 'QP::QEQueue::getNFree(void) const' (line 223, file C:\qp_lab\qpcpp\include\qequeue.h) not referenced [MISRA C++ Rule 0-1-10]
"C:\qp_lab\qpcpp\include\qequeue.h" 237 1 Info 1714: Member function 'QP::QEQueue::isEmpty(void) const' (line 237, file C:\qp_lab\qpcpp\include\qequeue.h) not referenced [MISRA C++ Rule 0-1-10]
"C:\qp_lab\qpcpp\include\qmpool.h" 110 1 Info 768: global struct member 'QP::QMPool::m_start' (line 110, file C:\qp_lab\qpcpp\include\qmpool.h) not referenced
"C:\qp_lab\qpcpp\include\qmpool.h" 113 1 Info 768: global struct member 'QP::QMPool::m_end' (line 113, file C:\qp_lab\qpcpp\include\qmpool.h) not referenced
"C:\qp_lab\qpcpp\include\qmpool.h" 116 1 Info 768: global struct member 'QP::QMPool::m_free_head' (line 116, file C:\qp_lab\qpcpp\include\qmpool.h) not referenced
"C:\qp_lab\qpcpp\include\qmpool.h" 122 1 Info 768: global struct member 'QP::QMPool::m_nTot' (line 122, file C:\qp_lab\qpcpp\include\qmpool.h) not referenced
"C:\qp_lab\qpcpp\include\qmpool.h" 125 1 Info 768: global struct member 'QP::QMPool::m_nFree' (line 125, file C:\qp_lab\qpcpp\include\qmpool.h) not referenced
"C:\qp_lab\qpcpp\include\qmpool.h" 133 1 Info 768: global struct member 'QP::QMPool::m_nMin' (line 133, file C:\qp_lab\qpcpp\include\qmpool.h) not referenced
"C:\qp_lab\qpcpp\include\qmpool.h" 136 1 Note 1914: Default constructor 'QP::QMPool::QMPool(void)' (line 136, file C:\qp_lab\qpcpp\include\qmpool.h) not referenced [MISRA C++ Rule 0-1-10]
"C:\qp_lab\qpcpp\include\qmpool.h" 136 1 Warning 1526: Member function 'QP::QMPool::QMPool(void)' (line 136, file C:\qp_lab\qpcpp\include\qmpool.h) not defined
"C:\qp_lab\qpcpp\include\qmpool.h" 139 1 Info 1714: Member function 'QP::QMPool::init(void *, uint_fast32_t, uint_fast16_t)' (line 139, file C:\qp_lab\qpcpp\include\qmpool.h) not referenced [MISRA C++ Rule 0-1-10]
"C:\qp_lab\qpcpp\include\qmpool.h" 139 1 Warning 1526: Member function 'QP::QMPool::init(void *, uint_fast32_t, uint_fast16_t)' (line 139, file C:\qp_lab\qpcpp\include\qmpool.h) not defined
"C:\qp_lab\qpcpp\include\qmpool.h" 143 1 Info 1714: Member function 'QP::QMPool::get(uint_fast16_t)' (line 143, file C:\qp_lab\qpcpp\include\qmpool.h) not referenced [MISRA C++ Rule 0-1-10]
"C:\qp_lab\qpcpp\include\qmpool.h" 143 1 Warning 1526: Member function 'QP::QMPool::get(uint_fast16_t)' (line 143, file C:\qp_lab\qpcpp\include\qmpool.h) not defined
"C:\qp_lab\qpcpp\include\qmpool.h" 146 1 Info 1714: Member function 'QP::QMPool::put(void *)' (line 146, file C:\qp_lab\qpcpp\include\qmpool.h) not referenced [MISRA C++ Rule 0-1-10]
"C:\qp_lab\qpcpp\include\qmpool.h" 146 1 Warning 1526: Member function 'QP::QMPool::put(void *)' (line 146, file C:\qp_lab\qpcpp\include\qmpool.h) not defined
"C:\qp_lab\qpcpp\include\qmpool.h" 149 1 Info 1714: Member function 'QP::QMPool::getBlockSize(void) const' (line 149, file C:\qp_lab\qpcpp\include\qmpool.h) not referenced [MISRA C++ Rule 0-1-10]
"C:\qp_lab\qpcpp\include\qpset.h" 57 1 Warning 526: Symbol 'QP::QF_log2Lkup' (line 57, file C:\qp_lab\qpcpp\include\qpset.h) not defined
"C:\qp_lab\qpcpp\include\qpset.h" 111 1 Info 1714: Member function 'QP::QPSet::setEmpty(void)' (line 111, file C:\qp_lab\qpcpp\include\qpset.h) not referenced [MISRA C++ Rule 0-1-10]
"C:\qp_lab\qpcpp\include\qpset.h" 116 1 Info 1714: Member function 'QP::QPSet::isEmpty(void) const' (line 116, file C:\qp_lab\qpcpp\include\qpset.h) not referenced [MISRA C++ Rule 0-1-10]
"C:\qp_lab\qpcpp\include\qpset.h" 121 1 Info 1714: Member function 'QP::QPSet::notEmpty(void) const' (line 121, file C:\qp_lab\qpcpp\include\qpset.h) not referenced [MISRA C++ Rule 0-1-10]
"C:\qp_lab\qpcpp\include\qpset.h" 126 1 Info 1714: Member function 'QP::QPSet::hasElement(uint_fast8_t) const' (line 126, file C:\qp_lab\qpcpp\include\qpset.h) not referenced [MISRA C++ Rule 0-1-10]
"C:\qp_lab\qpcpp\include\qpset.h" 133 1 Info 1714: Member function 'QP::QPSet::insert(uint_fast8_t)' (line 133, file C:\qp_lab\qpcpp\include\qpset.h) not referenced [MISRA C++ Rule 0-1-10]
"C:\qp_lab\qpcpp\include\qpset.h" 139 1 Info 1714: Member function 'QP::QPSet::remove(uint_fast8_t)' (line 139, file C:\qp_lab\qpcpp\include\qpset.h) not referenced [MISRA C++ Rule 0-1-10]
"C:\qp_lab\qpcpp\include\qpset.h" 145 1 Info 1714: Member function 'QP::QPSet::findMax(void) const' (line 145, file C:\qp_lab\qpcpp\include\qpset.h) not referenced [MISRA C++ Rule 0-1-10]
"C:\qp_lab\qpcpp\include\qv.h" 74 1 Info 1714: Member function 'QP::QV::getVersion(void)' (line 74, file C:\qp_lab\qpcpp\include\qv.h) not referenced [MISRA C++ Rule 0-1-10]
"C:\qp_lab\qpcpp\include\qv.h" 88 1 Info 1714: Member function 'QP::QV::onIdle(void)' (line 88, file C:\qp_lab\qpcpp\include\qv.h) not referenced [MISRA C++ Rule 0-1-10]
"C:\qp_lab\qpcpp\include\qv.h" 88 1 Warning 1526: Member function 'QP::QV::onIdle(void)' (line 88, file C:\qp_lab\qpcpp\include\qv.h) not defined
"C:\qp_lab\qpcpp\include\qf.h" 87 1 Info 756: global typedef 'QP::QEvtSize' (line 87, file C:\qp_lab\qpcpp\include\qf.h) not referenced [MISRA C++ Rule 0-1-5]
"C:\qp_lab\qpcpp\include\qf.h" 181 1 Info 1714: Member function 'QP::QActive::QActive(QP::QStateHandler)' (line 181, file C:\qp_lab\qpcpp\include\qf.h) not referenced [MISRA C++ Rule 0-1-10]
"C:\qp_lab\qpcpp\include\qf.h" 181 1 Warning 1526: Member function 'QP::QActive::QActive(QP::QStateHandler)' (line 181, file C:\qp_lab\qpcpp\include\qf.h) not defined
"C:\qp_lab\qpcpp\include\qf.h" 192 1 Info 1716: Virtual member function 'QP::QActive::start(uint_fast8_t, const struct QP::QEvt **, uint_fast16_t, void *, uint_fast16_t)' (line 192, file C:\qp_lab\qpcpp\include\qf.h) not referenced [MISRA C++ Rule 0-1-10]
"C:\qp_lab\qpcpp\include\qf.h" 214 1 Info 1714: Member function 'QP::QActive::unsubscribeAll(void) const' (line 214, file C:\qp_lab\qpcpp\include\qf.h) not referenced [MISRA C++ Rule 0-1-10]
"C:\qp_lab\qpcpp\include\qf.h" 214 1 Warning 1526: Member function 'QP::QActive::unsubscribeAll(void) const' (line 214, file C:\qp_lab\qpcpp\include\qf.h) not defined
"C:\qp_lab\qpcpp\src\qs\qutest.cpp" 195 1 Info 1714: Member function 'QP::QActive::stop(void)' (line 195, file C:\qp_lab\qpcpp\src\qs\qutest.cpp) not referenced [MISRA C++ Rule 0-1-10]
"C:\qp_lab\qpcpp\include\qf.h" 221 1 Info 1714: Member function 'QP::QActive::subscribe(enum_t) const' (line 221, file C:\qp_lab\qpcpp\include\qf.h) not referenced [MISRA C++ Rule 0-1-10]
"C:\qp_lab\qpcpp\include\qf.h" 221 1 Warning 1526: Member function 'QP::QActive::subscribe(enum_t) const' (line 221, file C:\qp_lab\qpcpp\include\qf.h) not defined
"C:\qp_lab\qpcpp\include\qf.h" 224 1 Info 1714: Member function 'QP::QActive::unsubscribe(enum_t) const' (line 224, file C:\qp_lab\qpcpp\include\qf.h) not referenced [MISRA C++ Rule 0-1-10]
"C:\qp_lab\qpcpp\include\qf.h" 224 1 Warning 1526: Member function 'QP::QActive::unsubscribe(enum_t) const' (line 224, file C:\qp_lab\qpcpp\include\qf.h) not defined
"C:\qp_lab\qpcpp\include\qf.h" 227 1 Info 1714: Member function 'QP::QActive::defer(QP::QEQueue *, const struct QP::QEvt *) const' (line 227, file C:\qp_lab\qpcpp\include\qf.h) not referenced [MISRA C++ Rule 0-1-10]
"C:\qp_lab\qpcpp\include\qf.h" 227 1 Warning 1526: Member function 'QP::QActive::defer(QP::QEQueue *, const struct QP::QEvt *) const' (line 227, file C:\qp_lab\qpcpp\include\qf.h) not defined
"C:\qp_lab\qpcpp\include\qf.h" 230 1 Info 1714: Member function 'QP::QActive::recall(QP::QEQueue *)' (line 230, file C:\qp_lab\qpcpp\include\qf.h) not referenced [MISRA C++ Rule 0-1-10]
"C:\qp_lab\qpcpp\include\qf.h" 230 1 Warning 1526: Member function 'QP::QActive::recall(QP::QEQueue *)' (line 230, file C:\qp_lab\qpcpp\include\qf.h) not defined
"C:\qp_lab\qpcpp\include\qf.h" 233 1 Info 1714: Member function 'QP::QActive::flushDeferred(QP::QEQueue *) const' (line 233, file C:\qp_lab\qpcpp\include\qf.h) not referenced [MISRA C++ Rule 0-1-10]
"C:\qp_lab\qpcpp\include\qf.h" 233 1 Warning 1526: Member function 'QP::QActive::flushDeferred(QP::QEQueue *) const' (line 233, file C:\qp_lab\qpcpp\include\qf.h) not defined
"C:\qp_lab\qpcpp\include\qf.h" 236 1 Info 1714: Member function 'QP::QActive::getPrio(void) const' (line 236, file C:\qp_lab\qpcpp\include\qf.h) not referenced [MISRA C++ Rule 0-1-10]
"C:\qp_lab\qpcpp\include\qf.h" 241 1 Info 1714: Member function 'QP::QActive::setPrio(uint_fast8_t)' (line 241, file C:\qp_lab\qpcpp\include\qf.h) not referenced [MISRA C++ Rule 0-1-10]
"C:\qp_lab\qpcpp\include\qf.h" 258 1 Info 1714: Member function 'QP::QActive::get_(void)' (line 258, file C:\qp_lab\qpcpp\include\qf.h) not referenced [MISRA C++ Rule 0-1-10]
"C:\qp_lab\qpcpp\include\qf.h" 258 1 Warning 1526: Member function 'QP::QActive::get_(void)' (line 258, file C:\qp_lab\qpcpp\include\qf.h) not defined
"C:\qp_lab\qpcpp\include\qf.h" 298 1 Warning 1526: Member function 'QP::QMActive::init(const struct QP::QEvt *)' (line 298, file C:\qp_lab\qpcpp\include\qf.h) not defined
"C:\qp_lab\qpcpp\include\qf.h" 299 1 Warning 1526: Member function 'QP::QMActive::init(void)' (line 299, file C:\qp_lab\qpcpp\include\qf.h) not defined
"C:\qp_lab\qpcpp\include\qf.h" 300 1 Warning 1526: Member function 'QP::QMActive::dispatch(const struct QP::QEvt *)' (line 300, file C:\qp_lab\qpcpp\include\qf.h) not defined
"C:\qp_lab\qpcpp\include\qf.h" 303 1 Info 1714: Member function 'QP::QMActive::isInState(const struct QP::QMState *) const' (line 303, file C:\qp_lab\qpcpp\include\qf.h) not referenced [MISRA C++ Rule 0-1-10]
"C:\qp_lab\qpcpp\include\qf.h" 303 1 Warning 1526: Member function 'QP::QMActive::isInState(const struct QP::QMState *) const' (line 303, file C:\qp_lab\qpcpp\include\qf.h) not defined
"C:\qp_lab\qpcpp\include\qf.h" 306 1 Info 1714: Member function 'QP::QMActive::stateObj(void) const' (line 306, file C:\qp_lab\qpcpp\include\qf.h) not referenced [MISRA C++ Rule 0-1-10]
"C:\qp_lab\qpcpp\include\qf.h" 311 1 Info 1714: Member function 'QP::QMActive::childStateObj(const struct QP::QMState *) const' (line 311, file C:\qp_lab\qpcpp\include\qf.h) not referenced [MISRA C++ Rule 0-1-10]
"C:\qp_lab\qpcpp\include\qf.h" 311 1 Warning 1526: Member function 'QP::QMActive::childStateObj(const struct QP::QMState *) const' (line 311, file C:\qp_lab\qpcpp\include\qf.h) not defined
"C:\qp_lab\qpcpp\include\qf.h" 315 1 Info 1714: Member function 'QP::QMActive::QMActive(QP::QStateHandler)' (line 315, file C:\qp_lab\qpcpp\include\qf.h) not referenced [MISRA C++ Rule 0-1-10]
"C:\qp_lab\qpcpp\include\qf.h" 315 1 Warning 1526: Member function 'QP::QMActive::QMActive(QP::QStateHandler)' (line 315, file C:\qp_lab\qpcpp\include\qf.h) not defined
"C:\qp_lab\qpcpp\src\qs\qutest.cpp" 220 1 Info 1714: Member function 'QP::QTimeEvt::QTimeEvt(QP::QActive *, enum_t, uint_fast8_t)' (line 220, file C:\qp_lab\qpcpp\src\qs\qutest.cpp) not referenced [MISRA C++ Rule 0-1-10]
"C:\qp_lab\qpcpp\src\qs\qutest.cpp" 253 1 Info 1714: Member function 'QP::QTimeEvt::armX(QP::QTimeEvtCtr, QP::QTimeEvtCtr)' (line 253, file C:\qp_lab\qpcpp\src\qs\qutest.cpp) not referenced [MISRA C++ Rule 0-1-10]
"C:\qp_lab\qpcpp\src\qs\qutest.cpp" 284 1 Info 1714: Member function 'QP::QTimeEvt::disarm(void)' (line 284, file C:\qp_lab\qpcpp\src\qs\qutest.cpp) not referenced [MISRA C++ Rule 0-1-10]
"C:\qp_lab\qpcpp\src\qs\qutest.cpp" 322 1 Info 1714: Member function 'QP::QTimeEvt::rearm(QP::QTimeEvtCtr)' (line 322, file C:\qp_lab\qpcpp\src\qs\qutest.cpp) not referenced [MISRA C++ Rule 0-1-10]
"C:\qp_lab\qpcpp\src\qs\qutest.cpp" 200 1 Info 1714: Member function 'QP::QTimeEvt::ctr(void) const' (line 200, file C:\qp_lab\qpcpp\src\qs\qutest.cpp) not referenced [MISRA C++ Rule 0-1-10]
"C:\qp_lab\qpcpp\include\qf.h" 452 1 Info 1714: Member function 'QP::QTimeEvt::toActive(void)' (line 452, file C:\qp_lab\qpcpp\include\qf.h) not referenced [MISRA C++ Rule 0-1-10]
"C:\qp_lab\qpcpp\include\qf.h" 455 1 Info 1714: Member function 'QP::QTimeEvt::toTimeEvt(void)' (line 455, file C:\qp_lab\qpcpp\include\qf.h) not referenced [MISRA C++ Rule 0-1-10]
"C:\qp_lab\qpcpp\include\qf.h" 483 1 Info 1714: Member function 'QP::QF::getVersion(void)' (line 483, file C:\qp_lab\qpcpp\include\qf.h) not referenced [MISRA C++ Rule 0-1-10]
"C:\qp_lab\qpcpp\src\qs\qutest.cpp" 56 1 Info 1714: Member function 'QP::QF::init(void)' (line 56, file C:\qp_lab\qpcpp\src\qs\qutest.cpp) not referenced [MISRA C++ Rule 0-1-10]
"C:\qp_lab\qpcpp\include\qf.h" 491 1 Info 1714: Member function 'QP::QF::psInit(QP::QSubscrList *, enum_t)' (line 491, file C:\qp_lab\qpcpp\include\qf.h) not referenced [MISRA C++ Rule 0-1-10]
"C:\qp_lab\qpcpp\include\qf.h" 491 1 Warning 1526: Member function 'QP::QF::psInit(QP::QSubscrList *, enum_t)' (line 491, file C:\qp_lab\qpcpp\include\qf.h) not defined
"C:\qp_lab\qpcpp\include\qf.h" 495 1 Info 1714: Member function 'QP::QF::poolInit(void *, uint_fast32_t, uint_fast16_t)' (line 495, file C:\qp_lab\qpcpp\include\qf.h) not referenced [MISRA C++ Rule 0-1-10]
"C:\qp_lab\qpcpp\include\qf.h" 495 1 Warning 1526: Member function 'QP::QF::poolInit(void *, uint_fast32_t, uint_fast16_t)' (line 495, file C:\qp_lab\qpcpp\include\qf.h) not defined
"C:\qp_lab\qpcpp\include\qf.h" 499 1 Warning 1526: Member function 'QP::QF::poolGetMaxBlockSize(void)' (line 499, file C:\qp_lab\qpcpp\include\qf.h) not defined
"C:\qp_lab\qpcpp\src\qs\qutest.cpp" 65 1 Info 1714: Member function 'QP::QF::run(void)' (line 65, file C:\qp_lab\qpcpp\src\qs\qutest.cpp) not referenced [MISRA C++ Rule 0-1-10]
"C:\qp_lab\qpcpp\include\qf.h" 506 1 Info 1714: Member function 'QP::QF::onStartup(void)' (line 506, file C:\qp_lab\qpcpp\include\qf.h) not referenced [MISRA C++ Rule 0-1-10]
"C:\qp_lab\qpcpp\include\qf.h" 506 1 Warning 1526: Member function 'QP::QF::onStartup(void)' (line 506, file C:\qp_lab\qpcpp\include\qf.h) not defined
"C:\qp_lab\qpcpp\include\qf.h" 509 1 Info 1714: Member function 'QP::QF::onCleanup(void)' (line 509, file C:\qp_lab\qpcpp\include\qf.h) not referenced [MISRA C++ Rule 0-1-10]
"C:\qp_lab\qpcpp\include\qf.h" 509 1 Warning 1526: Member function 'QP::QF::onCleanup(void)' (line 509, file C:\qp_lab\qpcpp\include\qf.h) not defined
"C:\qp_lab\qpcpp\include\qf.h" 513 1 Info 1714: Member function 'QP::QF::stop(void)' (line 513, file C:\qp_lab\qpcpp\include\qf.h) not referenced [MISRA C++ Rule 0-1-10]
"C:\qp_lab\qpcpp\include\qf.h" 513 1 Warning 1526: Member function 'QP::QF::stop(void)' (line 513, file C:\qp_lab\qpcpp\include\qf.h) not defined
"C:\qp_lab\qpcpp\include\qf.h" 521 1 Warning 1526: Member function 'QP::QF::publish_(const struct QP::QEvt *, const void *)' (line 521, file C:\qp_lab\qpcpp\include\qf.h) not defined
"C:\qp_lab\qpcpp\include\qf.h" 531 1 Info 1714: Member function 'QP::QF::noTimeEvtsActiveX(uint_fast8_t)' (line 531, file C:\qp_lab\qpcpp\include\qf.h) not referenced [MISRA C++ Rule 0-1-10]
"C:\qp_lab\qpcpp\include\qf.h" 531 1 Warning 1526: Member function 'QP::QF::noTimeEvtsActiveX(uint_fast8_t)' (line 531, file C:\qp_lab\qpcpp\include\qf.h) not defined
"C:\qp_lab\qpcpp\include\qf.h" 536 1 Info 1714: Member function 'QP::QF::getPoolMin(uint_fast8_t)' (line 536, file C:\qp_lab\qpcpp\include\qf.h) not referenced [MISRA C++ Rule 0-1-10]
"C:\qp_lab\qpcpp\include\qf.h" 536 1 Warning 1526: Member function 'QP::QF::getPoolMin(uint_fast8_t)' (line 536, file C:\qp_lab\qpcpp\include\qf.h) not defined
"C:\qp_lab\qpcpp\include\qf.h" 540 1 Info 1714: Member function 'QP::QF::getQueueMin(uint_fast8_t)' (line 540, file C:\qp_lab\qpcpp\include\qf.h) not referenced [MISRA C++ Rule 0-1-10]
"C:\qp_lab\qpcpp\include\qf.h" 540 1 Warning 1526: Member function 'QP::QF::getQueueMin(uint_fast8_t)' (line 540, file C:\qp_lab\qpcpp\include\qf.h) not defined
"C:\qp_lab\qpcpp\include\qf.h" 543 1 Warning 1526: Member function 'QP::QF::newX_(uint_fast16_t, uint_fast16_t, enum_t)' (line 543, file C:\qp_lab\qpcpp\include\qf.h) not defined
"C:\qp_lab\qpcpp\include\qf.h" 547 1 Warning 1526: Member function 'QP::QF::gc(const struct QP::QEvt *)' (line 547, file C:\qp_lab\qpcpp\include\qf.h) not defined
"C:\qp_lab\qpcpp\include\qf.h" 550 1 Info 1714: Member function 'QP::QF::newRef_(const struct QP::QEvt *, const struct QP::QEvt *)' (line 550, file C:\qp_lab\qpcpp\include\qf.h) not referenced [MISRA C++ Rule 0-1-10]
"C:\qp_lab\qpcpp\include\qf.h" 550 1 Warning 1526: Member function 'QP::QF::newRef_(const struct QP::QEvt *, const struct QP::QEvt *)' (line 550, file C:\qp_lab\qpcpp\include\qf.h) not defined
"C:\qp_lab\qpcpp\include\qf.h" 554 1 Warning 1526: Member function 'QP::QF::remove_(QP::QActive *)' (line 554, file C:\qp_lab\qpcpp\include\qf.h) not defined
"C:\qp_lab\qpcpp\include\qf.h" 557 1 Warning 1527: static member 'QP::QF::active_' (line 557, file C:\qp_lab\qpcpp\include\qf.h) not defined
"C:\qp_lab\qpcpp\include\qf.h" 560 1 Info 1714: Member function 'QP::QF::thread_(QP::QActive *)' (line 560, file C:\qp_lab\qpcpp\include\qf.h) not referenced [MISRA C++ Rule 0-1-10]
"C:\qp_lab\qpcpp\include\qf.h" 560 1 Warning 1526: Member function 'QP::QF::thread_(QP::QActive *)' (line 560, file C:\qp_lab\qpcpp\include\qf.h) not defined
"C:\qp_lab\qpcpp\include\qf.h" 563 1 Warning 1526: Member function 'QP::QF::add_(QP::QActive *)' (line 563, file C:\qp_lab\qpcpp\include\qf.h) not defined
"C:\qp_lab\qpcpp\include\qf.h" 566 1 Warning 1526: Member function 'QP::QF::bzero(void *, uint_fast16_t)' (line 566, file C:\qp_lab\qpcpp\include\qf.h) not defined
"C:\qp_lab\qpcpp\include\qf.h" 572 1 Info 768: global struct member 'QP::QF::timeEvtHead_' (line 572, file C:\qp_lab\qpcpp\include\qf.h) not referenced
"C:\qp_lab\qpcpp\include\qf.h" 572 1 Info 1715: static member 'QP::QF::timeEvtHead_' (line 572, file C:\qp_lab\qpcpp\include\qf.h) not referenced
"C:\qp_lab\qpcpp\include\qf.h" 572 1 Warning 1527: static member 'QP::QF::timeEvtHead_' (line 572, file C:\qp_lab\qpcpp\include\qf.h) not defined
"C:\qp_lab\qpcpp\include\qf.h" 598 1 Info 1714: Member function 'QP::QTicker::QTicker(uint_fast8_t)' (line 598, file C:\qp_lab\qpcpp\include\qf.h) not referenced [MISRA C++ Rule 0-1-10]
"C:\qp_lab\qpcpp\include\qf.h" 598 1 Warning 1526: Member function 'QP::QTicker::QTicker(uint_fast8_t)' (line 598, file C:\qp_lab\qpcpp\include\qf.h) not defined
"C:\qp_lab\qpcpp\include\qf.h" 600 1 Warning 1526: Member function 'QP::QTicker::init(const struct QP::QEvt *)' (line 600, file C:\qp_lab\qpcpp\include\qf.h) not defined
"C:\qp_lab\qpcpp\include\qf.h" 602 1 Warning 1526: Member function 'QP::QTicker::dispatch(const struct QP::QEvt *)' (line 602, file C:\qp_lab\qpcpp\include\qf.h) not defined
"C:\qp_lab\qpcpp\include\qf.h" 606 1 Warning 1526: Member function 'QP::QTicker::post_(const struct QP::QEvt *, uint_fast16_t, const void *)' (line 606, file C:\qp_lab\qpcpp\include\qf.h) not defined
"C:\qp_lab\qpcpp\include\qf.h" 609 1 Warning 1526: Member function 'QP::QTicker::postLIFO(const struct QP::QEvt *)' (line 609, file C:\qp_lab\qpcpp\include\qf.h) not defined
"C:\qp_lab\qpcpp\include\qs.h" 79 1 Info 769: global enumeration constant 'QP::QSpyRecords::QS_QEP_STATE_ENTRY' (line 79, file C:\qp_lab\qpcpp\include\qs.h) not referenced
"C:\qp_lab\qpcpp\include\qs.h" 80 1 Info 769: global enumeration constant 'QP::QSpyRecords::QS_QEP_STATE_EXIT' (line 80, file C:\qp_lab\qpcpp\include\qs.h) not referenced
"C:\qp_lab\qpcpp\include\qs.h" 81 1 Info 769: global enumeration constant 'QP::QSpyRecords::QS_QEP_STATE_INIT' (line 81, file C:\qp_lab\qpcpp\include\qs.h) not referenced
"C:\qp_lab\qpcpp\include\qs.h" 82 1 Info 769: global enumeration constant 'QP::QSpyRecords::QS_QEP_INIT_TRAN' (line 82, file C:\qp_lab\qpcpp\include\qs.h) not referenced
"C:\qp_lab\qpcpp\include\qs.h" 83 1 Info 769: global enumeration constant 'QP::QSpyRecords::QS_QEP_INTERN_TRAN' (line 83, file C:\qp_lab\qpcpp\include\qs.h) not referenced
"C:\qp_lab\qpcpp\include\qs.h" 84 1 Info 769: global enumeration constant 'QP::QSpyRecords::QS_QEP_TRAN' (line 84, file C:\qp_lab\qpcpp\include\qs.h) not referenced
"C:\qp_lab\qpcpp\include\qs.h" 85 1 Info 769: global enumeration constant 'QP::QSpyRecords::QS_QEP_IGNORED' (line 85, file C:\qp_lab\qpcpp\include\qs.h) not referenced
"C:\qp_lab\qpcpp\include\qs.h" 86 1 Info 769: global enumeration constant 'QP::QSpyRecords::QS_QEP_DISPATCH' (line 86, file C:\qp_lab\qpcpp\include\qs.h) not referenced
"C:\qp_lab\qpcpp\include\qs.h" 87 1 Info 769: global enumeration constant 'QP::QSpyRecords::QS_QEP_UNHANDLED' (line 87, file C:\qp_lab\qpcpp\include\qs.h) not referenced
"C:\qp_lab\qpcpp\include\qs.h" 90 1 Info 769: global enumeration constant 'QP::QSpyRecords::QS_QF_ACTIVE_ADD' (line 90, file C:\qp_lab\qpcpp\include\qs.h) not referenced
"C:\qp_lab\qpcpp\include\qs.h" 91 1 Info 769: global enumeration constant 'QP::QSpyRecords::QS_QF_ACTIVE_REMOVE' (line 91, file C:\qp_lab\qpcpp\include\qs.h) not referenced
"C:\qp_lab\qpcpp\include\qs.h" 92 1 Info 769: global enumeration constant 'QP::QSpyRecords::QS_QF_ACTIVE_SUBSCRIBE' (line 92, file C:\qp_lab\qpcpp\include\qs.h) not referenced
"C:\qp_lab\qpcpp\include\qs.h" 93 1 Info 769: global enumeration constant 'QP::QSpyRecords::QS_QF_ACTIVE_UNSUBSCRIBE' (line 93, file C:\qp_lab\qpcpp\include\qs.h) not referenced
"C:\qp_lab\qpcpp\include\qs.h" 96 1 Info 769: global enumeration constant 'QP::QSpyRecords::QS_QF_ACTIVE_GET' (line 96, file C:\qp_lab\qpcpp\include\qs.h) not referenced
"C:\qp_lab\qpcpp\include\qs.h" 97 1 Info 769: global enumeration constant 'QP::QSpyRecords::QS_QF_ACTIVE_GET_LAST' (line 97, file C:\qp_lab\qpcpp\include\qs.h) not referenced
"C:\qp_lab\qpcpp\include\qs.h" 98 1 Info 769: global enumeration constant 'QP::QSpyRecords::QS_QF_EQUEUE_INIT' (line 98, file C:\qp_lab\qpcpp\include\qs.h) not referenced
"C:\qp_lab\qpcpp\include\qs.h" 99 1 Info 769: global enumeration constant 'QP::QSpyRecords::QS_QF_EQUEUE_POST_FIFO' (line 99, file C:\qp_lab\qpcpp\include\qs.h) not referenced
"C:\qp_lab\qpcpp\include\qs.h" 100 1 Info 769: global enumeration constant 'QP::QSpyRecords::QS_QF_EQUEUE_POST_LIFO' (line 100, file C:\qp_lab\qpcpp\include\qs.h) not referenced
"C:\qp_lab\qpcpp\include\qs.h" 101 1 Info 769: global enumeration constant 'QP::QSpyRecords::QS_QF_EQUEUE_GET' (line 101, file C:\qp_lab\qpcpp\include\qs.h) not referenced
"C:\qp_lab\qpcpp\include\qs.h" 102 1 Info 769: global enumeration constant 'QP::QSpyRecords::QS_QF_EQUEUE_GET_LAST' (line 102, file C:\qp_lab\qpcpp\include\qs.h) not referenced
"C:\qp_lab\qpcpp\include\qs.h" 103 1 Info 769: global enumeration constant 'QP::QSpyRecords::QS_QF_MPOOL_INIT' (line 103, file C:\qp_lab\qpcpp\include\qs.h) not referenced
"C:\qp_lab\qpcpp\include\qs.h" 104 1 Info 769: global enumeration constant 'QP::QSpyRecords::QS_QF_MPOOL_GET' (line 104, file C:\qp_lab\qpcpp\include\qs.h) not referenced
"C:\qp_lab\qpcpp\include\qs.h" 105 1 Info 769: global enumeration constant 'QP::QSpyRecords::QS_QF_MPOOL_PUT' (line 105, file C:\qp_lab\qpcpp\include\qs.h) not referenced
"C:\qp_lab\qpcpp\include\qs.h" 106 1 Info 769: global enumeration constant 'QP::QSpyRecords::QS_QF_PUBLISH' (line 106, file C:\qp_lab\qpcpp\include\qs.h) not referenced
"C:\qp_lab\qpcpp\include\qs.h" 107 1 Info 769: global enumeration constant 'QP::QSpyRecords::QS_QF_RESERVED8' (line 107, file C:\qp_lab\qpcpp\include\qs.h) not referenced
"C:\qp_lab\qpcpp\include\qs.h" 108 1 Info 769: global enumeration constant 'QP::QSpyRecords::QS_QF_NEW' (line 108, file C:\qp_lab\qpcpp\include\qs.h) not referenced
"C:\qp_lab\qpcpp\include\qs.h" 109 1 Info 769: global enumeration constant 'QP::QSpyRecords::QS_QF_GC_ATTEMPT' (line 109, file C:\qp_lab\qpcpp\include\qs.h) not referenced
"C:\qp_lab\qpcpp\include\qs.h" 110 1 Info 769: global enumeration constant 'QP::QSpyRecords::QS_QF_GC' (line 110, file C:\qp_lab\qpcpp\include\qs.h) not referenced
"C:\qp_lab\qpcpp\include\qs.h" 111 1 Info 769: global enumeration constant 'QP::QSpyRecords::QS_QF_TICK' (line 111, file C:\qp_lab\qpcpp\include\qs.h) not referenced
"C:\qp_lab\qpcpp\include\qs.h" 119 1 Info 769: global enumeration constant 'QP::QSpyRecords::QS_QF_CRIT_ENTRY' (line 119, file C:\qp_lab\qpcpp\include\qs.h) not referenced
"C:\qp_lab\qpcpp\include\qs.h" 120 1 Info 769: global enumeration constant 'QP::QSpyRecords::QS_QF_CRIT_EXIT' (line 120, file C:\qp_lab\qpcpp\include\qs.h) not referenced
"C:\qp_lab\qpcpp\include\qs.h" 121 1 Info 769: global enumeration constant 'QP::QSpyRecords::QS_QF_ISR_ENTRY' (line 121, file C:\qp_lab\qpcpp\include\qs.h) not referenced
"C:\qp_lab\qpcpp\include\qs.h" 122 1 Info 769: global enumeration constant 'QP::QSpyRecords::QS_QF_ISR_EXIT' (line 122, file C:\qp_lab\qpcpp\include\qs.h) not referenced
"C:\qp_lab\qpcpp\include\qs.h" 123 1 Info 769: global enumeration constant 'QP::QSpyRecords::QS_QF_INT_DISABLE' (line 123, file C:\qp_lab\qpcpp\include\qs.h) not referenced
"C:\qp_lab\qpcpp\include\qs.h" 124 1 Info 769: global enumeration constant 'QP::QSpyRecords::QS_QF_INT_ENABLE' (line 124, file C:\qp_lab\qpcpp\include\qs.h) not referenced
"C:\qp_lab\qpcpp\include\qs.h" 126 1 Info 769: global enumeration constant 'QP::QSpyRecords::QS_QF_EQUEUE_POST_ATTEMPT' (line 126, file C:\qp_lab\qpcpp\include\qs.h) not referenced
"C:\qp_lab\qpcpp\include\qs.h" 127 1 Info 769: global enumeration constant 'QP::QSpyRecords::QS_QF_MPOOL_GET_ATTEMPT' (line 127, file C:\qp_lab\qpcpp\include\qs.h) not referenced
"C:\qp_lab\qpcpp\include\qs.h" 128 1 Info 769: global enumeration constant 'QP::QSpyRecords::QS_QF_RESERVED1' (line 128, file C:\qp_lab\qpcpp\include\qs.h) not referenced
"C:\qp_lab\qpcpp\include\qs.h" 129 1 Info 769: global enumeration constant 'QP::QSpyRecords::QS_QF_RESERVED0' (line 129, file C:\qp_lab\qpcpp\include\qs.h) not referenced
"C:\qp_lab\qpcpp\include\qs.h" 132 1 Info 769: global enumeration constant 'QP::QSpyRecords::QS_SCHED_LOCK' (line 132, file C:\qp_lab\qpcpp\include\qs.h) not referenced
"C:\qp_lab\qpcpp\include\qs.h" 133 1 Info 769: global enumeration constant 'QP::QSpyRecords::QS_SCHED_UNLOCK' (line 133, file C:\qp_lab\qpcpp\include\qs.h) not referenced
"C:\qp_lab\qpcpp\include\qs.h" 134 1 Info 769: global enumeration constant 'QP::QSpyRecords::QS_SCHED_NEXT' (line 134, file C:\qp_lab\qpcpp\include\qs.h) not referenced
"C:\qp_lab\qpcpp\include\qs.h" 135 1 Info 769: global enumeration constant 'QP::QSpyRecords::QS_SCHED_IDLE' (line 135, file C:\qp_lab\qpcpp\include\qs.h) not referenced
"C:\qp_lab\qpcpp\include\qs.h" 136 1 Info 769: global enumeration constant 'QP::QSpyRecords::QS_SCHED_RESUME' (line 136, file C:\qp_lab\qpcpp\include\qs.h) not referenced
"C:\qp_lab\qpcpp\include\qs.h" 139 1 Info 769: global enumeration constant 'QP::QSpyRecords::QS_QEP_TRAN_HIST' (line 139, file C:\qp_lab\qpcpp\include\qs.h) not referenced
"C:\qp_lab\qpcpp\include\qs.h" 140 1 Info 769: global enumeration constant 'QP::QSpyRecords::QS_QEP_TRAN_EP' (line 140, file C:\qp_lab\qpcpp\include\qs.h) not referenced
"C:\qp_lab\qpcpp\include\qs.h" 141 1 Info 769: global enumeration constant 'QP::QSpyRecords::QS_QEP_TRAN_XP' (line 141, file C:\qp_lab\qpcpp\include\qs.h) not referenced
"C:\qp_lab\qpcpp\include\qs.h" 144 1 Info 769: global enumeration constant 'QP::QSpyRecords::QS_TEST_PAUSED' (line 144, file C:\qp_lab\qpcpp\include\qs.h) not referenced
"C:\qp_lab\qpcpp\include\qs.h" 153 1 Info 769: global enumeration constant 'QP::QSpyRecords::QS_MSC_RESERVED1' (line 153, file C:\qp_lab\qpcpp\include\qs.h) not referenced
"C:\qp_lab\qpcpp\include\qs.h" 184 1 Info 769: global enumeration constant 'QP::QSpyUserRecords::QS_USER3' (line 184, file C:\qp_lab\qpcpp\include\qs.h) not referenced
"C:\qp_lab\qpcpp\include\qs.h" 225 1 Info 1714: Member function 'QP::QS::getVersion(void)' (line 225, file C:\qp_lab\qpcpp\include\qs.h) not referenced [MISRA C++ Rule 0-1-10]
"C:\qp_lab\qpcpp\src\qs\qs.cpp" 73 1 Info 1714: Member function 'QP::QS::initBuf(uint8_t *, uint_fast16_t)' (line 73, file C:\qp_lab\qpcpp\src\qs\qs.cpp) not referenced [MISRA C++ Rule 0-1-10]
"C:\qp_lab\qpcpp\src\qs\qs.cpp" 122 1 Info 1714: Member function 'QP::QS::filterOn(uint_fast8_t)' (line 122, file C:\qp_lab\qpcpp\src\qs\qs.cpp) not referenced [MISRA C++ Rule 0-1-10]
"C:\qp_lab\qpcpp\src\qs\qs.cpp" 525 1 Info 1714: Member function 'QP::QS::u8(uint8_t, uint8_t)' (line 525, file C:\qp_lab\qpcpp\src\qs\qs.cpp) not referenced [MISRA C++ Rule 0-1-10]
"C:\qp_lab\qpcpp\src\qs\qs.cpp" 545 1 Info 1714: Member function 'QP::QS::u16(uint8_t, uint16_t)' (line 545, file C:\qp_lab\qpcpp\src\qs\qs.cpp) not referenced [MISRA C++ Rule 0-1-10]
"C:\qp_lab\qpcpp\src\qs\qs.cpp" 570 1 Info 1714: Member function 'QP::QS::u32(uint8_t, uint32_t)' (line 570, file C:\qp_lab\qpcpp\src\qs\qs.cpp) not referenced [MISRA C++ Rule 0-1-10]
"C:\qp_lab\qpcpp\src\qs\qs_fp.cpp" 50 1 Info 1714: Member function 'QP::QS::f32(uint8_t, float32_t)' (line 50, file C:\qp_lab\qpcpp\src\qs\qs_fp.cpp) not referenced [MISRA C++ Rule 0-1-10]
"C:\qp_lab\qpcpp\src\qs\qs_fp.cpp" 79 1 Info 1714: Member function 'QP::QS::f64(uint8_t, float64_t)' (line 79, file C:\qp_lab\qpcpp\src\qs\qs_fp.cpp) not referenced [MISRA C++ Rule 0-1-10]
"C:\qp_lab\qpcpp\src\qs\qs.cpp" 891 1 Info 1714: Member function 'QP::QS::str(const char_t *)' (line 891, file C:\qp_lab\qpcpp\src\qs\qs.cpp) not referenced [MISRA C++ Rule 0-1-10]
"C:\qp_lab\qpcpp\src\qs\qs.cpp" 862 1 Info 1714: Member function 'QP::QS::mem(const uint8_t *, uint8_t)' (line 862, file C:\qp_lab\qpcpp\src\qs\qs.cpp) not referenced [MISRA C++ Rule 0-1-10]
"C:\qp_lab\qpcpp\src\qs\qs.cpp" 786 1 Info 1714: Member function 'QP::QS::sig_dict(enum_t, const void *, const char_t *)' (line 786, file C:\qp_lab\qpcpp\src\qs\qs.cpp) not referenced [MISRA C++ Rule 0-1-10]
"C:\qp_lab\qpcpp\src\qs\qs.cpp" 807 1 Info 1714: Member function 'QP::QS::obj_dict(const void *, const char_t *)' (line 807, file C:\qp_lab\qpcpp\src\qs\qs.cpp) not referenced [MISRA C++ Rule 0-1-10]
"C:\qp_lab\qpcpp\src\qs\qs.cpp" 845 1 Info 1714: Member function 'QP::QS::usr_dict(enum_t, const char_t *)' (line 845, file C:\qp_lab\qpcpp\src\qs\qs.cpp) not referenced [MISRA C++ Rule 0-1-10]
"C:\qp_lab\qpcpp\src\qs\qs_rx.cpp" 244 1 Info 1714: Member function 'QP::QS::rxInitBuf(uint8_t *, uint16_t)' (line 244, file C:\qp_lab\qpcpp\src\qs\qs_rx.cpp) not referenced [MISRA C++ Rule 0-1-10]
"C:\qp_lab\qpcpp\src\qs\qs_rx.cpp" 298 1 Info 1714: Member function 'QP::QS::rxParse(void)' (line 298, file C:\qp_lab\qpcpp\src\qs\qs_rx.cpp) not referenced [MISRA C++ Rule 0-1-10]
"C:\qp_lab\qpcpp\src\qs\qs_rx.cpp" 282 1 Info 1714: Member function 'QP::QS::rxGetNfree(void)' (line 282, file C:\qp_lab\qpcpp\src\qs\qs_rx.cpp) not referenced [MISRA C++ Rule 0-1-10]
"C:\qp_lab\qpcpp\include\qs.h" 319 1 Info 1714: Member function 'QP::QS::rxPut(uint8_t)' (line 319, file C:\qp_lab\qpcpp\include\qs.h) not referenced [MISRA C++ Rule 0-1-10]
"C:\qp_lab\qpcpp\src\qs\qs.cpp" 705 1 Info 1714: Member function 'QP::QS::getByte(void)' (line 705, file C:\qp_lab\qpcpp\src\qs\qs.cpp) not referenced [MISRA C++ Rule 0-1-10]
"C:\qp_lab\qpcpp\src\qs\qs.cpp" 750 1 Info 1714: Member function 'QP::QS::getBlock(uint16_t *)' (line 750, file C:\qp_lab\qpcpp\src\qs\qs.cpp) not referenced [MISRA C++ Rule 0-1-10]
"C:\qp_lab\qpcpp\include\qs.h" 344 1 Info 1714: Member function 'QP::QS::onStartup(const void *)' (line 344, file C:\qp_lab\qpcpp\include\qs.h) not referenced [MISRA C++ Rule 0-1-10]
"C:\qp_lab\qpcpp\include\qs.h" 344 1 Warning 1526: Member function 'QP::QS::onStartup(const void *)' (line 344, file C:\qp_lab\qpcpp\include\qs.h) not defined
"C:\qp_lab\qpcpp\include\qs.h" 347 1 Warning 1526: Member function 'QP::QS::onCleanup(void)' (line 347, file C:\qp_lab\qpcpp\include\qs.h) not defined
"C:\qp_lab\qpcpp\include\qs.h" 350 1 Warning 1526: Member function 'QP::QS::onFlush(void)' (line 350, file C:\qp_lab\qpcpp\include\qs.h) not defined
"C:\qp_lab\qpcpp\include\qs.h" 356 1 Warning 1526: Member function 'QP::QS::onReset(void)' (line 356, file C:\qp_lab\qpcpp\include\qs.h) not defined
"C:\qp_lab\qpcpp\include\qs.h" 359 1 Warning 1526: Member function 'QP::QS::onCommand(uint8_t, uint32_t, uint32_t, uint32_t)' (line 359, file C:\qp_lab\qpcpp\include\qs.h) not defined
"C:\qp_lab\qpcpp\include\qs.h" 364 1 Warning 1526: Member function 'QP::QS::onTestSetup(void)' (line 364, file C:\qp_lab\qpcpp\include\qs.h) not defined
"C:\qp_lab\qpcpp\include\qs.h" 367 1 Warning 1526: Member function 'QP::QS::onTestTeardown(void)' (line 367, file C:\qp_lab\qpcpp\include\qs.h) not defined
"C:\qp_lab\qpcpp\include\qs.h" 370 1 Warning 1526: Member function 'QP::QS::onTestEvt(struct QP::QEvt *)' (line 370, file C:\qp_lab\qpcpp\include\qs.h) not defined
"C:\qp_lab\qpcpp\include\qs.h" 373 1 Warning 1526: Member function 'QP::QS::onTestLoop(void)' (line 373, file C:\qp_lab\qpcpp\include\qs.h) not defined
"C:\qp_lab\qpcpp\include\qs.h" 385 1 Info 769: global enumeration constant 'QP::QS::QSType::I8_T' (line 385, file C:\qp_lab\qpcpp\include\qs.h) not referenced
"C:\qp_lab\qpcpp\include\qs.h" 386 1 Info 769: global enumeration constant 'QP::QS::QSType::U8_T' (line 386, file C:\qp_lab\qpcpp\include\qs.h) not referenced
"C:\qp_lab\qpcpp\include\qs.h" 387 1 Info 769: global enumeration constant 'QP::QS::QSType::I16_T' (line 387, file C:\qp_lab\qpcpp\include\qs.h) not referenced
"C:\qp_lab\qpcpp\include\qs.h" 388 1 Info 769: global enumeration constant 'QP::QS::QSType::U16_T' (line 388, file C:\qp_lab\qpcpp\include\qs.h) not referenced
"C:\qp_lab\qpcpp\include\qs.h" 389 1 Info 769: global enumeration constant 'QP::QS::QSType::I32_T' (line 389, file C:\qp_lab\qpcpp\include\qs.h) not referenced
"C:\qp_lab\qpcpp\include\qs.h" 390 1 Info 769: global enumeration constant 'QP::QS::QSType::U32_T' (line 390, file C:\qp_lab\qpcpp\include\qs.h) not referenced
"C:\qp_lab\qpcpp\include\qs.h" 391 1 Info 769: global enumeration constant 'QP::QS::QSType::F32_T' (line 391, file C:\qp_lab\qpcpp\include\qs.h) not referenced
"C:\qp_lab\qpcpp\include\qs.h" 392 1 Info 769: global enumeration constant 'QP::QS::QSType::F64_T' (line 392, file C:\qp_lab\qpcpp\include\qs.h) not referenced
"C:\qp_lab\qpcpp\include\qs.h" 395 1 Info 769: global enumeration constant 'QP::QS::QSType::SIG_T' (line 395, file C:\qp_lab\qpcpp\include\qs.h) not referenced
"C:\qp_lab\qpcpp\include\qs.h" 396 1 Info 769: global enumeration constant 'QP::QS::QSType::OBJ_T' (line 396, file C:\qp_lab\qpcpp\include\qs.h) not referenced
"C:\qp_lab\qpcpp\include\qs.h" 397 1 Info 769: global enumeration constant 'QP::QS::QSType::FUN_T' (line 397, file C:\qp_lab\qpcpp\include\qs.h) not referenced
"C:\qp_lab\qpcpp\include\qs.h" 398 1 Info 769: global enumeration constant 'QP::QS::QSType::I64_T' (line 398, file C:\qp_lab\qpcpp\include\qs.h) not referenced
"C:\qp_lab\qpcpp\include\qs.h" 399 1 Info 769: global enumeration constant 'QP::QS::QSType::U64_T' (line 399, file C:\qp_lab\qpcpp\include\qs.h) not referenced
"C:\qp_lab\qpcpp\include\qs.h" 400 1 Info 769: global enumeration constant 'QP::QS::QSType::U32_HEX_T' (line 400, file C:\qp_lab\qpcpp\include\qs.h) not referenced
"C:\qp_lab\qpcpp\include\qs.h" 417 1 Info 1795: Template 'QP::QS::force_cast(<2>)' (line 417, file C:\qp_lab\qpcpp\include\qs.h) was defined but not instantiated [MISRA C++ Rule 14-7-1]
"C:\qp_lab\qpcpp\include\qs.h" 435 1 Info 768: global struct member 'QP::QS::full' (line 435, file C:\qp_lab\qpcpp\include\qs.h) not referenced
"C:\qp_lab\qpcpp\include\qs.h" 470 1 Info 769: global enumeration constant 'QP::QSpyRxRecords::QS_RX_RESERVED1' (line 470, file C:\qp_lab\qpcpp\include\qs.h) not referenced
"C:\qp_lab\qpcpp\src\qs\qs.cpp" 49 1 Warning 526: Symbol 'QP::BUILD_DATE' (line 49, file C:\qp_lab\qpcpp\src\qs\qs.cpp) not defined
"C:\qp_lab\qpcpp\src\qs\qs.cpp" 50 1 Warning 526: Symbol 'QP::BUILD_TIME' (line 50, file C:\qp_lab\qpcpp\src\qs\qs.cpp) not defined
"C:\qp_lab\qpcpp\src\qf_pkg.h" 89 1 Info 757: global declarator 'QP::QF_pool_' (line 89, file C:\qp_lab\qpcpp\src\qf_pkg.h) not referenced [MISRA C++ Rule 0-1-3]
"C:\qp_lab\qpcpp\src\qf_pkg.h" 90 1 Warning 526: Symbol 'QP::QF_maxPool_' (line 90, file C:\qp_lab\qpcpp\src\qf_pkg.h) not defined
"C:\qp_lab\qpcpp\src\qf_pkg.h" 91 1 Warning 526: Symbol 'QP::QF_subscrList_' (line 91, file C:\qp_lab\qpcpp\src\qf_pkg.h) not defined
"C:\qp_lab\qpcpp\src\qf_pkg.h" 92 1 Warning 526: Symbol 'QP::QF_maxPubSignal_' (line 92, file C:\qp_lab\qpcpp\src\qf_pkg.h) not defined
"C:\qp_lab\qpcpp\src\qf_pkg.h" 98 1 Info 768: global struct member 'QP::QFreeBlock::m_next' (line 98, file C:\qp_lab\qpcpp\src\qf_pkg.h) not referenced
"C:\qp_lab\qpcpp\src\qs\qutest.cpp" 53 1 Warning 552: Symbol 'QP::QF_intNest' (line 53, file C:\qp_lab\qpcpp\src\qs\qutest.cpp) not accessed [MISRA C++ Rule 0-1-4]

Count   Type    Number  Text

1       Error   1053    '___' cannot be distinguished from '___', type difference is '___'
1       Warning 445     Reuse of for loop variable '___' at '___' could cause chaos
1       Warning 516     Symbol '___' has arg. type conflict (arg. no. ___) with ___
1       Warning 525     Negative indentation from ___
9       Warning 526     Symbol '___' (___) not defined
1       Warning 529     Symbol '___' (___) not subsequently referenced
1       Warning 552     Symbol '___' (___) not accessed
3       Warning 632     Assignment to strong type '___' in context: ___
2       Warning 638     Strong type mismatch for type '___' in relational
4       Warning 639     Strong type mismatch for type '___' in binary operation
66      Warning 1526    Member function '___' (___) not defined
3       Warning 1527    static member '___' (___) not defined
1       Info    708     union initialization
94      Info    755     global macro '___' (___) not referenced
8       Info    756     global typedef '___' (___) not referenced
4       Info    757     global declarator '___' (___) not referenced
2       Info    758     global ___ '___' (___) not referenced
22      Info    768     global struct member '___' (___) not referenced
68      Info    769     global enumeration constant '___' (___) not referenced
30      Info    826     Suspicious pointer-to-pointer conversion (area too small)
2       Info    838     Previously assigned value to variable '___' has not been used
1       Info    850     for loop index variable '___' whose type category is '___' is modified in body of the for loop that began at '___'
100     Info    1714    Member function '___' (___) not referenced
3       Info    1715    static member '___' (___) not referenced
2       Info    1716    Virtual member function '___' (___) not referenced
1       Info    1784    Symbol '___' previously declared as "C", ___
1       Info    1795    Template '___' (___) was defined but not instantiated
7       Note    923     cast from ___ to ___
8       Note    925     cast from ___ to ___
6       Note    927     cast from ___ to ___
1       Note    928     cast from ___ to ___
75      Note    930     cast from ___ to ___
5       Note    952     Parameter '___' (___) could be declared const
2       Note    970     Use of modifier or type '___' outside of a typedef
1       Note    1914    Default constructor '___' (___) not referenced
11      Note    1924    C-style cast
12      Note    1960    Violates MISRA C++ 2008 Required Rule ___, ___
1       Note    9091    casting from pointer type to integer type
