
--- Module:   C:\qp_lab\qpcpp\src\qxk\qxk.cpp (C++)

--- Module:   C:\qp_lab\qpcpp\src\qxk\qxk_mutex.cpp (C++)

--- Module:   C:\qp_lab\qpcpp\src\qxk\qxk_sema.cpp (C++)
"C:\qp_lab\qpcpp\src\qxk\qxk_sema.cpp" 115 60 Note 929: cast from pointer to pointer [MISRA C++ Rule 5-2-7]
"C:\qp_lab\qpcpp\src\qxk\qxk_sema.cpp" 115 60 Info 1774: Could use dynamic_cast to downcast polymorphic type 'QP::QActive' [MISRA C++ Rule 5-2-2]
"C:\qp_lab\qpcpp\src\qxk\qxk_sema.cpp" 125 64 Note 1960: Violates MISRA C++ 2008 Required Rule 5-14-1, side effects on right hand of logical operator: '&&'
"C:\qp_lab\qpcpp\src\qxk\qxk_sema.cpp" 129 64 Note 930: cast from enum to unsigned short [MISRA C++ Rule 5-2-7], [MISRA C++ Rule 5-2-8]
"C:\qp_lab\qpcpp\src\qxk\qxk_sema.cpp" 133 66 Note 929: cast from pointer to pointer [MISRA C++ Rule 5-2-7]
"C:\qp_lab\qpcpp\src\qxk\qxk_sema.cpp" 133 66 Info 740: Unusual pointer cast (incompatible indirect types) [MISRA C++ Rule 5-2-6], [MISRA C++ Rule 5-2-7]
"C:\qp_lab\qpcpp\src\qxk\qxk_sema.cpp" 133 66 Info 826: Suspicious pointer-to-pointer conversion (area too small)
"C:\qp_lab\qpcpp\src\qxk\qxk_sema.cpp" 134 54 Note 930: cast from enum to int [MISRA C++ Rule 5-2-7], [MISRA C++ Rule 5-2-8]
"C:\qp_lab\qpcpp\src\qxk\qxk_sema.cpp" 144 68 Note 929: cast from pointer to pointer [MISRA C++ Rule 5-2-7]
"C:\qp_lab\qpcpp\src\qxk\qxk_sema.cpp" 144 68 Info 740: Unusual pointer cast (incompatible indirect types) [MISRA C++ Rule 5-2-6], [MISRA C++ Rule 5-2-7]
"C:\qp_lab\qpcpp\src\qxk\qxk_sema.cpp" 144 68 Info 826: Suspicious pointer-to-pointer conversion (area too small)
"C:\qp_lab\qpcpp\src\qxk\qxk_sema.cpp" 180 64 Note 929: cast from pointer to pointer [MISRA C++ Rule 5-2-7]
"C:\qp_lab\qpcpp\src\qxk\qxk_sema.cpp" 180 64 Info 1774: Could use dynamic_cast to downcast polymorphic type 'QP::QActive' [MISRA C++ Rule 5-2-2]

--- Module:   C:\qp_lab\qpcpp\src\qxk\qxk_xthr.cpp (C++)
"C:\qp_lab\qpcpp\src\qxk\qxk_xthr.cpp" 76 55 Note 930: cast from enum to int [MISRA C++ Rule 5-2-7], [MISRA C++ Rule 5-2-8]
"C:\qp_lab\qpcpp\src\qxk\qxk_xthr.cpp" 76 55 Note 930: cast from enum to int [MISRA C++ Rule 5-2-7], [MISRA C++ Rule 5-2-8]
"C:\qp_lab\qpcpp\src\qxk\qxk_xthr.cpp" 77 51 Warning 632: Assignment to strong type 'uint_fast8_t' in context: arg. no. 3
"C:\qp_lab\qpcpp\src\qxk\qxk_xthr.cpp" 77 51 Warning 633: Assignment from a strong type 'uint8_t' in context: arg. no. 3
"C:\qp_lab\qpcpp\src\qxk\qxk_xthr.cpp" 134 71 Note 929: cast from pointer to pointer [MISRA C++ Rule 5-2-7]
"C:\qp_lab\qpcpp\src\qxk\qxk_xthr.cpp" 134 71 Note 929: cast from pointer to pointer [MISRA C++ Rule 5-2-7]
"C:\qp_lab\qpcpp\src\qxk\qxk_xthr.cpp" 212 77 Info 1705: static class members may be accessed by the scoping operator
"C:\qp_lab\qpcpp\src\qxk\qxk_xthr.cpp" 212 77 Info 1705: static class members may be accessed by the scoping operator
"C:\qp_lab\qpcpp\src\qxk\qxk_xthr.cpp" 239 68 Note 929: cast from pointer to pointer [MISRA C++ Rule 5-2-7]
"C:\qp_lab\qpcpp\src\qxk\qxk_xthr.cpp" 239 68 Info 740: Unusual pointer cast (incompatible indirect types) [MISRA C++ Rule 5-2-6], [MISRA C++ Rule 5-2-7]
"C:\qp_lab\qpcpp\src\qxk\qxk_xthr.cpp" 269 77 Info 1705: static class members may be accessed by the scoping operator
"C:\qp_lab\qpcpp\src\qxk\qxk_xthr.cpp" 269 77 Info 1705: static class members may be accessed by the scoping operator
"C:\qp_lab\qpcpp\src\qxk\qxk_xthr.cpp" 336 60 Note 929: cast from pointer to pointer [MISRA C++ Rule 5-2-7]
"C:\qp_lab\qpcpp\src\qxk\qxk_xthr.cpp" 336 60 Info 1774: Could use dynamic_cast to downcast polymorphic type 'QP::QActive' [MISRA C++ Rule 5-2-2]
"C:\qp_lab\qpcpp\src\qxk\qxk_xthr.cpp" 346 64 Note 1960: Violates MISRA C++ 2008 Required Rule 5-14-1, side effects on right hand of logical operator: '&&'
"C:\qp_lab\qpcpp\src\qxk\qxk_xthr.cpp" 352 76 Note 929: cast from pointer to pointer [MISRA C++ Rule 5-2-7]
"C:\qp_lab\qpcpp\src\qxk\qxk_xthr.cpp" 352 76 Info 740: Unusual pointer cast (incompatible indirect types) [MISRA C++ Rule 5-2-6], [MISRA C++ Rule 5-2-7]
"C:\qp_lab\qpcpp\src\qxk\qxk_xthr.cpp" 354 55 Note 930: cast from enum to int [MISRA C++ Rule 5-2-7], [MISRA C++ Rule 5-2-8]
"C:\qp_lab\qpcpp\src\qxk\qxk_xthr.cpp" 363 75 Note 929: cast from pointer to pointer [MISRA C++ Rule 5-2-7]
"C:\qp_lab\qpcpp\src\qxk\qxk_xthr.cpp" 363 75 Info 740: Unusual pointer cast (incompatible indirect types) [MISRA C++ Rule 5-2-6], [MISRA C++ Rule 5-2-7]
"C:\qp_lab\qpcpp\src\qxk\qxk_xthr.cpp" 488 74 Note 925: cast from pointer to pointer [MISRA C++ Rule 5-2-8], [MISRA C++ Rule 5-2-9]
"C:\qp_lab\qpcpp\src\qxk\qxk_xthr.cpp" 524 60 Note 929: cast from pointer to pointer [MISRA C++ Rule 5-2-7]
"C:\qp_lab\qpcpp\src\qxk\qxk_xthr.cpp" 524 60 Info 1774: Could use dynamic_cast to downcast polymorphic type 'QP::QActive' [MISRA C++ Rule 5-2-2]
"C:\qp_lab\qpcpp\src\qxk\qxk_xthr.cpp" 534 64 Note 1960: Violates MISRA C++ 2008 Required Rule 5-14-1, side effects on right hand of logical operator: '&&'
"C:\qp_lab\qpcpp\src\qxk\qxk_xthr.cpp" 538 73 Note 929: cast from pointer to pointer [MISRA C++ Rule 5-2-7]
"C:\qp_lab\qpcpp\src\qxk\qxk_xthr.cpp" 538 73 Info 740: Unusual pointer cast (incompatible indirect types) [MISRA C++ Rule 5-2-6], [MISRA C++ Rule 5-2-7]
"C:\qp_lab\qpcpp\src\qxk\qxk_xthr.cpp" 538 73 Info 826: Suspicious pointer-to-pointer conversion (area too small)
"C:\qp_lab\qpcpp\src\qxk\qxk_xthr.cpp" 539 51 Note 930: cast from enum to int [MISRA C++ Rule 5-2-7], [MISRA C++ Rule 5-2-8]
"C:\qp_lab\qpcpp\src\qxk\qxk_xthr.cpp" 547 72 Note 929: cast from pointer to pointer [MISRA C++ Rule 5-2-7]
"C:\qp_lab\qpcpp\src\qxk\qxk_xthr.cpp" 547 72 Info 740: Unusual pointer cast (incompatible indirect types) [MISRA C++ Rule 5-2-6], [MISRA C++ Rule 5-2-7]
"C:\qp_lab\qpcpp\src\qxk\qxk_xthr.cpp" 547 72 Info 826: Suspicious pointer-to-pointer conversion (area too small)
"C:\qp_lab\qpcpp\src\qxk\qxk_xthr.cpp" 563 68 Note 929: cast from pointer to pointer [MISRA C++ Rule 5-2-7]
"C:\qp_lab\qpcpp\src\qxk\qxk_xthr.cpp" 563 68 Info 740: Unusual pointer cast (incompatible indirect types) [MISRA C++ Rule 5-2-6], [MISRA C++ Rule 5-2-7]
"C:\qp_lab\qpcpp\src\qxk\qxk_xthr.cpp" 563 68 Info 826: Suspicious pointer-to-pointer conversion (area too small)

/// Start of Pass 2 ///

--- Module:   C:\qp_lab\qpcpp\src\qxk\qxk.cpp (C++)

--- Module:   C:\qp_lab\qpcpp\src\qxk\qxk_mutex.cpp (C++)

--- Module:   C:\qp_lab\qpcpp\src\qxk\qxk_sema.cpp (C++)
"C:\qp_lab\qpcpp\src\qxk\qxk_sema.cpp" 133 66 Info 826: Suspicious pointer-to-pointer conversion (area too small)
"C:\qp_lab\qpcpp\src\qxk\qxk_sema.cpp" 144 68 Info 826: Suspicious pointer-to-pointer conversion (area too small)

--- Module:   C:\qp_lab\qpcpp\src\qxk\qxk_xthr.cpp (C++)
"C:\qp_lab\qpcpp\src\qxk\qxk_xthr.cpp" 538 73 Info 826: Suspicious pointer-to-pointer conversion (area too small)
"C:\qp_lab\qpcpp\src\qxk\qxk_xthr.cpp" 547 72 Info 826: Suspicious pointer-to-pointer conversion (area too small)
"C:\qp_lab\qpcpp\src\qxk\qxk_xthr.cpp" 563 68 Info 826: Suspicious pointer-to-pointer conversion (area too small)

--- Global Wrap-up

"C:\qp_lab\qpcpp\ports\lint\qxk\qf_port.h" 194 1 Warning 526: Symbol 'intEnable(void)' (line 194, file C:\qp_lab\qpcpp\ports\lint\qxk\qf_port.h, module C:\qp_lab\qpcpp\src\qxk\qxk.cpp) not defined
"C:\qp_lab\qpcpp\ports\lint\stdint.h" 32 1 Info 756: global typedef 'uint64_t' (line 32, file C:\qp_lab\qpcpp\ports\lint\stdint.h) not referenced [MISRA C++ Rule 0-1-5]
"C:\qp_lab\qpcpp\ports\lint\stdint.h" 27 1 Info 756: global typedef 'int64_t' (line 27, file C:\qp_lab\qpcpp\ports\lint\stdint.h) not referenced [MISRA C++ Rule 0-1-5]
"C:\qp_lab\qpcpp\ports\lint\qxk\qf_port.h" 234 1 Warning 526: Symbol 'critEntry(void)' (line 234, file C:\qp_lab\qpcpp\ports\lint\qxk\qf_port.h, module C:\qp_lab\qpcpp\src\qxk\qxk.cpp) not defined
"C:\qp_lab\qpcpp\ports\lint\qxk\qf_port.h" 235 1 Warning 526: Symbol 'critExit(crit_stat_t)' (line 235, file C:\qp_lab\qpcpp\ports\lint\qxk\qf_port.h, module C:\qp_lab\qpcpp\src\qxk\qxk.cpp) not defined
"C:\qp_lab\qpcpp\ports\lint\stdint.h" 24 1 Info 756: global typedef 'int8_t' (line 24, file C:\qp_lab\qpcpp\ports\lint\stdint.h) not referenced [MISRA C++ Rule 0-1-5]
"C:\qp_lab\qpcpp\ports\lint\qxk\qxk_port.h" 88 1 Warning 526: Symbol 'getSR(void)' (line 88, file C:\qp_lab\qpcpp\ports\lint\qxk\qxk_port.h, module C:\qp_lab\qpcpp\src\qxk\qxk.cpp) not defined
"C:\qp_lab\qpcpp\src\qxk\qxk.cpp" 328 1 Info 759: header declaration for symbol 'QXK_activate_(void)' defined at (line 328, file C:\qp_lab\qpcpp\src\qxk\qxk.cpp) could be moved from header to module [MISRA C++ Rule 3-3-1]
"C:\qp_lab\qpcpp\src\qxk\qxk.cpp" 328 1 Info 765: external 'QXK_activate_(void)' (line 328, file C:\qp_lab\qpcpp\src\qxk\qxk.cpp) could be made static [MISRA C++ Rule 3-3-1]
"C:\qp_lab\qpcpp\src\qxk\qxk.cpp" 328 1 Info 714: Symbol 'QXK_activate_(void)' (line 328, file C:\qp_lab\qpcpp\src\qxk\qxk.cpp) not referenced [MISRA C++ Rule 0-1-3], [MISRA C++ Rule 0-1-10]
"C:\qp_lab\qpcpp\src\qxk\qxk.cpp" 438 1 Info 759: header declaration for symbol 'QXK_current(void)' defined at (line 438, file C:\qp_lab\qpcpp\src\qxk\qxk.cpp) could be moved from header to module [MISRA C++ Rule 3-3-1]
"C:\qp_lab\qpcpp\src\qxk\qxk.cpp" 438 1 Info 765: external 'QXK_current(void)' (line 438, file C:\qp_lab\qpcpp\src\qxk\qxk.cpp) could be made static [MISRA C++ Rule 3-3-1]
"C:\qp_lab\qpcpp\src\qxk\qxk.cpp" 438 1 Info 714: Symbol 'QXK_current(void)' (line 438, file C:\qp_lab\qpcpp\src\qxk\qxk.cpp) not referenced [MISRA C++ Rule 0-1-3], [MISRA C++ Rule 0-1-10]
"C:\qp_lab\qpcpp\src\qxk_pkg.h" 57 1 Warning 526: Symbol 'QXK_stackInit_(void *, QP::QXThreadHandler, void *, uint_fast16_t)' (line 57, file C:\qp_lab\qpcpp\src\qxk_pkg.h, module C:\qp_lab\qpcpp\src\qxk\qxk.cpp) not defined
"C:\qp_lab\qpcpp\src\qxk\qxk_xthr.cpp" 590 1 Info 759: header declaration for symbol 'QXK_threadRet_(void)' defined at (line 590, file C:\qp_lab\qpcpp\src\qxk\qxk_xthr.cpp) could be moved from header to module [MISRA C++ Rule 3-3-1]
"C:\qp_lab\qpcpp\src\qxk\qxk_xthr.cpp" 590 1 Info 765: external 'QXK_threadRet_(void)' (line 590, file C:\qp_lab\qpcpp\src\qxk\qxk_xthr.cpp) could be made static [MISRA C++ Rule 3-3-1]
"C:\qp_lab\qpcpp\src\qxk\qxk_xthr.cpp" 590 1 Info 714: Symbol 'QXK_threadRet_(void)' (line 590, file C:\qp_lab\qpcpp\src\qxk\qxk_xthr.cpp) not referenced [MISRA C++ Rule 0-1-3], [MISRA C++ Rule 0-1-10]
"C:\qp_lab\qpcpp\ports\lint\qxk\qxk_port.h" 89 1 Warning 526: Symbol 'trigSWI(void)' (line 89, file C:\qp_lab\qpcpp\ports\lint\qxk\qxk_port.h, module C:\qp_lab\qpcpp\src\qxk\qxk.cpp) not defined
"C:\qp_lab\qpcpp\ports\lint\stdint.h" 37 1 Info 756: global typedef 'int_fast16_t' (line 37, file C:\qp_lab\qpcpp\ports\lint\stdint.h) not referenced [MISRA C++ Rule 0-1-5]
"C:\qp_lab\qpcpp\ports\lint\stdint.h" 39 1 Info 756: global typedef 'int_fast32_t' (line 39, file C:\qp_lab\qpcpp\ports\lint\stdint.h) not referenced [MISRA C++ Rule 0-1-5]
"C:\qp_lab\qpcpp\ports\lint\stdint.h" 25 1 Info 756: global typedef 'int16_t' (line 25, file C:\qp_lab\qpcpp\ports\lint\stdint.h) not referenced [MISRA C++ Rule 0-1-5]
"C:\qp_lab\qpcpp\include\qassert.h" 229 1 Warning 526: Symbol 'Q_onAssert(const char_t *, int_t)' (line 229, file C:\qp_lab\qpcpp\include\qassert.h, module C:\qp_lab\qpcpp\src\qxk\qxk.cpp) not defined
"C:\qp_lab\qpcpp\ports\lint\stdint.h" 26 1 Info 756: global typedef 'int32_t' (line 26, file C:\qp_lab\qpcpp\ports\lint\stdint.h) not referenced [MISRA C++ Rule 0-1-5]
"C:\qp_lab\qpcpp\ports\lint\qxk\qf_port.h" 193 1 Warning 526: Symbol 'intDisable(void)' (line 193, file C:\qp_lab\qpcpp\ports\lint\qxk\qf_port.h, module C:\qp_lab\qpcpp\src\qxk\qxk.cpp) not defined
"C:\qp_lab\qpcpp\include\qep.h" 129 1 Info 755: global macro 'QEVT_INITIALIZER' (line 129, file C:\qp_lab\qpcpp\include\qep.h) not referenced
"C:\qp_lab\qpcpp\include\qep.h" 614 1 Info 755: global macro 'QM_SM_EXIT' (line 614, file C:\qp_lab\qpcpp\include\qep.h) not referenced
"C:\qp_lab\qpcpp\include\qep.h" 644 1 Info 755: global macro 'QM_SUPER_SUB' (line 644, file C:\qp_lab\qpcpp\include\qep.h) not referenced
"C:\qp_lab\qpcpp\src\qf_pkg.h" 173 1 Info 755: global macro 'QS_MPS_' (line 173, file C:\qp_lab\qpcpp\src\qf_pkg.h) not referenced
"C:\qp_lab\qpcpp\src\qf_pkg.h" 185 1 Info 755: global macro 'QS_MPC_' (line 185, file C:\qp_lab\qpcpp\src\qf_pkg.h) not referenced
"C:\qp_lab\qpcpp\include\qs.h" 919 1 Info 755: global macro 'QS_MEM' (line 919, file C:\qp_lab\qpcpp\include\qs.h) not referenced
"C:\qp_lab\qpcpp\include\qep.h" 619 1 Info 755: global macro 'QM_TRAN' (line 619, file C:\qp_lab\qpcpp\include\qep.h) not referenced
"C:\qp_lab\qpcpp\include\qep.h" 630 1 Info 755: global macro 'QM_TRAN_HIST' (line 630, file C:\qp_lab\qpcpp\include\qep.h) not referenced
"C:\qp_lab\qpcpp\include\qep.h" 635 1 Info 755: global macro 'QM_TRAN_EP' (line 635, file C:\qp_lab\qpcpp\include\qep.h) not referenced
"C:\qp_lab\qpcpp\include\qep.h" 624 1 Info 755: global macro 'QM_TRAN_INIT' (line 624, file C:\qp_lab\qpcpp\include\qep.h) not referenced
"C:\qp_lab\qpcpp\include\qep.h" 641 1 Info 755: global macro 'QM_TRAN_XP' (line 641, file C:\qp_lab\qpcpp\include\qep.h) not referenced
"C:\qp_lab\qpcpp\include\qep.h" 604 1 Info 755: global macro 'QM_ENTRY' (line 604, file C:\qp_lab\qpcpp\include\qep.h) not referenced
"C:\qp_lab\qpcpp\include\qep.h" 607 1 Info 755: global macro 'QM_EXIT' (line 607, file C:\qp_lab\qpcpp\include\qep.h) not referenced
"C:\qp_lab\qpcpp\include\qep.h" 54 1 Info 755: global macro 'QP_RELEASE' (line 54, file C:\qp_lab\qpcpp\include\qep.h) not referenced
"C:\qp_lab\qpcpp\include\qs.h" 927 1 Info 755: global macro 'QS_OBJ' (line 927, file C:\qp_lab\qpcpp\include\qs.h) not referenced
"C:\qp_lab\qpcpp\include\qs.h" 1009 1 Info 755: global macro 'QS_OBJ_DICTIONARY' (line 1009, file C:\qp_lab\qpcpp\include\qs.h) not referenced
"C:\qp_lab\qpcpp\include\qf.h" 793 1 Info 755: global macro 'PUBLISH' (line 793, file C:\qp_lab\qpcpp\include\qf.h) not referenced
"C:\qp_lab\qpcpp\include\qmpool.h" 164 1 Info 755: global macro 'QF_MPOOL_EL' (line 164, file C:\qp_lab\qpcpp\include\qmpool.h) not referenced
"C:\qp_lab\qpcpp\ports\lint\qxk\qxk_port.h" 65 1 Info 755: global macro 'QXK_ISR_ENTRY' (line 65, file C:\qp_lab\qpcpp\ports\lint\qxk\qxk_port.h) not referenced
"C:\qp_lab\qpcpp\ports\lint\qxk\qxk_port.h" 84 1 Info 755: global macro 'QXK_ISR_EXIT' (line 84, file C:\qp_lab\qpcpp\ports\lint\qxk\qxk_port.h) not referenced
"C:\qp_lab\qpcpp\include\qxk.h" 71 1 Info 755: global macro 'QXK_TLS' (line 71, file C:\qp_lab\qpcpp\include\qxk.h) not referenced
"C:\qp_lab\qpcpp\include\qassert.h" 262 1 Info 755: global macro 'Q_ENSURE' (line 262, file C:\qp_lab\qpcpp\include\qassert.h) not referenced
"C:\qp_lab\qpcpp\include\qf.h" 670 1 Info 755: global macro 'Q_NEW' (line 670, file C:\qp_lab\qpcpp\include\qf.h) not referenced
"C:\qp_lab\qpcpp\include\qf.h" 698 1 Info 755: global macro 'Q_NEW_X' (line 698, file C:\qp_lab\qpcpp\include\qf.h) not referenced
"C:\qp_lab\qpcpp\include\qf.h" 722 1 Info 755: global macro 'Q_NEW_REF' (line 722, file C:\qp_lab\qpcpp\include\qf.h) not referenced
"C:\qp_lab\qpcpp\include\qs.h" 1048 1 Info 755: global macro 'QS_ASSERTION' (line 1048, file C:\qp_lab\qpcpp\include\qs.h) not referenced
"C:\qp_lab\qpcpp\include\qassert.h" 118 1 Info 755: global macro 'Q_ASSERT' (line 118, file C:\qp_lab\qpcpp\include\qassert.h) not referenced
"C:\qp_lab\qpcpp\include\qassert.h" 307 1 Info 755: global macro 'Q_ASSERT_COMPILE' (line 307, file C:\qp_lab\qpcpp\include\qassert.h) not referenced
"C:\qp_lab\qpcpp\include\qs.h" 739 1 Info 755: global macro 'QS_BEGIN' (line 739, file C:\qp_lab\qpcpp\include\qs.h) not referenced
"C:\qp_lab\qpcpp\include\qs.h" 761 1 Info 755: global macro 'QS_BEGIN_' (line 761, file C:\qp_lab\qpcpp\include\qs.h) not referenced
"C:\qp_lab\qpcpp\include\qs.h" 655 1 Info 755: global macro 'QS_BEGIN_NOCRIT' (line 655, file C:\qp_lab\qpcpp\include\qs.h) not referenced
"C:\qp_lab\qpcpp\include\qf.h" 816 1 Info 755: global macro 'POST' (line 816, file C:\qp_lab\qpcpp\include\qf.h) not referenced
"C:\qp_lab\qpcpp\include\qf.h" 852 1 Info 755: global macro 'POST_X' (line 852, file C:\qp_lab\qpcpp\include\qf.h) not referenced
"C:\qp_lab\qpcpp\src\qf_pkg.h" 127 1 Info 755: global macro 'QF_PTR_RANGE_' (line 127, file C:\qp_lab\qpcpp\src\qf_pkg.h) not referenced
"C:\qp_lab\qpcpp\include\qep.h" 46 1 Info 755: global macro 'QP_VERSION' (line 46, file C:\qp_lab\qpcpp\include\qep.h) not referenced
"C:\qp_lab\qpcpp\include\qep.h" 51 1 Info 755: global macro 'QP_VERSION_STR' (line 51, file C:\qp_lab\qpcpp\include\qep.h) not referenced
"C:\qp_lab\qpcpp\include\qs.h" 715 1 Info 755: global macro 'QS_CRIT_ENTRY_' (line 715, file C:\qp_lab\qpcpp\include\qs.h) not referenced
"C:\qp_lab\qpcpp\include\qs.h" 716 1 Info 755: global macro 'QS_CRIT_EXIT_' (line 716, file C:\qp_lab\qpcpp\include\qs.h) not referenced
"C:\qp_lab\qpcpp\include\qs.h" 714 1 Info 755: global macro 'QS_CRIT_STAT_' (line 714, file C:\qp_lab\qpcpp\include\qs.h) not referenced
"C:\qp_lab\qpcpp\include\qs.h" 854 1 Info 755: global macro 'QS_STR_' (line 854, file C:\qp_lab\qpcpp\include\qs.h) not referenced
"C:\qp_lab\qpcpp\include\qs.h" 916 1 Info 755: global macro 'QS_STR' (line 916, file C:\qp_lab\qpcpp\include\qs.h) not referenced
"C:\qp_lab\qpcpp\include\qs.h" 992 1 Info 755: global macro 'QS_SIG_DICTIONARY' (line 992, file C:\qp_lab\qpcpp\include\qs.h) not referenced
"C:\qp_lab\qpcpp\include\qep.h" 651 1 Info 755: global macro 'Q_TRAN' (line 651, file C:\qp_lab\qpcpp\include\qep.h) not referenced
"C:\qp_lab\qpcpp\include\qep.h" 657 1 Info 755: global macro 'Q_TRAN_HIST' (line 657, file C:\qp_lab\qpcpp\include\qep.h) not referenced
"C:\qp_lab\qpcpp\include\qs.h" 1093 1 Info 755: global macro 'QF_QS_ACTION' (line 1093, file C:\qp_lab\qpcpp\include\qs.h) not referenced
"C:\qp_lab\qpcpp\include\qs.h" 1064 1 Info 755: global macro 'QF_QS_CRIT_ENTRY' (line 1064, file C:\qp_lab\qpcpp\include\qs.h) not referenced
"C:\qp_lab\qpcpp\include\qs.h" 1072 1 Info 755: global macro 'QF_QS_CRIT_EXIT' (line 1072, file C:\qp_lab\qpcpp\include\qs.h) not referenced
"C:\qp_lab\qpcpp\include\qs.h" 1081 1 Info 755: global macro 'QF_QS_ISR_ENTRY' (line 1081, file C:\qp_lab\qpcpp\include\qs.h) not referenced
"C:\qp_lab\qpcpp\include\qs.h" 1090 1 Info 755: global macro 'QF_QS_ISR_EXIT' (line 1090, file C:\qp_lab\qpcpp\include\qs.h) not referenced
"C:\qp_lab\qpcpp\src\qf_pkg.h" 198 1 Info 755: global macro 'QS_TEC_' (line 198, file C:\qp_lab\qpcpp\src\qf_pkg.h) not referenced
"C:\qp_lab\qpcpp\include\qs.h" 1103 1 Info 755: global macro 'QS_TEST_PROBE' (line 1103, file C:\qp_lab\qpcpp\include\qs.h) not referenced
"C:\qp_lab\qpcpp\include\qs.h" 1114 1 Info 755: global macro 'QS_TEST_PAUSE' (line 1114, file C:\qp_lab\qpcpp\include\qs.h) not referenced
"C:\qp_lab\qpcpp\include\qs.h" 1099 1 Info 755: global macro 'QS_TEST_PROBE_DEF' (line 1099, file C:\qp_lab\qpcpp\include\qs.h) not referenced
"C:\qp_lab\qpcpp\include\qs.h" 1107 1 Info 755: global macro 'QS_TEST_PROBE_ID' (line 1107, file C:\qp_lab\qpcpp\include\qs.h) not referenced
"C:\qp_lab\qpcpp\include\qassert.h" 177 1 Info 755: global macro 'Q_ERROR' (line 177, file C:\qp_lab\qpcpp\include\qassert.h) not referenced
"C:\qp_lab\qpcpp\include\qassert.h" 283 1 Info 755: global macro 'Q_INVARIANT' (line 283, file C:\qp_lab\qpcpp\include\qassert.h) not referenced
"C:\qp_lab\qpcpp\include\qassert.h" 294 1 Info 755: global macro 'Q_INVARIANT_ID' (line 294, file C:\qp_lab\qpcpp\include\qassert.h) not referenced
"C:\qp_lab\qpcpp\include\qassert.h" 243 1 Info 755: global macro 'Q_REQUIRE' (line 243, file C:\qp_lab\qpcpp\include\qassert.h) not referenced
"C:\qp_lab\qpcpp\include\qs.h" 745 1 Info 755: global macro 'QS_END' (line 745, file C:\qp_lab\qpcpp\include\qs.h) not referenced
"C:\qp_lab\qpcpp\include\qs.h" 770 1 Info 755: global macro 'QS_END_' (line 770, file C:\qp_lab\qpcpp\include\qs.h) not referenced
"C:\qp_lab\qpcpp\include\qs.h" 659 1 Info 755: global macro 'QS_END_NOCRIT' (line 659, file C:\qp_lab\qpcpp\include\qs.h) not referenced
"C:\qp_lab\qpcpp\src\qf_pkg.h" 160 1 Info 755: global macro 'QS_EVS_' (line 160, file C:\qp_lab\qpcpp\src\qf_pkg.h) not referenced
"C:\qp_lab\qpcpp\include\qs.h" 492 1 Info 755: global macro 'QS_EXIT' (line 492, file C:\qp_lab\qpcpp\include\qs.h) not referenced
"C:\qp_lab\qpcpp\include\qs.h" 878 1 Info 755: global macro 'QS_U16' (line 878, file C:\qp_lab\qpcpp\include\qs.h) not referenced
"C:\qp_lab\qpcpp\include\qs.h" 809 1 Info 755: global macro 'QS_U16_' (line 809, file C:\qp_lab\qpcpp\include\qs.h) not referenced
"C:\qp_lab\qpcpp\include\qs.h" 888 1 Info 755: global macro 'QS_U32' (line 888, file C:\qp_lab\qpcpp\include\qs.h) not referenced
"C:\qp_lab\qpcpp\include\qs.h" 812 1 Info 755: global macro 'QS_U32_' (line 812, file C:\qp_lab\qpcpp\include\qs.h) not referenced
"C:\qp_lab\qpcpp\include\qs.h" 868 1 Info 755: global macro 'QS_U8' (line 868, file C:\qp_lab\qpcpp\include\qs.h) not referenced
"C:\qp_lab\qpcpp\include\qs.h" 908 1 Info 755: global macro 'QS_U64' (line 908, file C:\qp_lab\qpcpp\include\qs.h) not referenced
"C:\qp_lab\qpcpp\include\qs.h" 913 1 Info 755: global macro 'QS_U32_HEX' (line 913, file C:\qp_lab\qpcpp\include\qs.h) not referenced
"C:\qp_lab\qpcpp\include\qs.h" 1034 1 Info 755: global macro 'QS_USR_DICTIONARY' (line 1034, file C:\qp_lab\qpcpp\include\qs.h) not referenced
"C:\qp_lab\qpcpp\include\qep.h" 662 1 Info 755: global macro 'Q_SUPER' (line 662, file C:\qp_lab\qpcpp\include\qep.h) not referenced
"C:\qp_lab\qpcpp\include\qxk.h" 217 1 Info 755: global macro 'QACTIVE_EQUEUE_WAIT_' (line 217, file C:\qp_lab\qpcpp\include\qxk.h) not referenced
"C:\qp_lab\qpcpp\include\qxk.h" 226 1 Info 755: global macro 'QACTIVE_EQUEUE_SIGNAL_' (line 226, file C:\qp_lab\qpcpp\include\qxk.h) not referenced
"C:\qp_lab\qpcpp\include\qxk.h" 206 1 Info 755: global macro 'QF_SCHED_LOCK_' (line 206, file C:\qp_lab\qpcpp\include\qxk.h) not referenced
"C:\qp_lab\qpcpp\include\qxk.h" 196 1 Info 755: global macro 'QF_SCHED_STAT_' (line 196, file C:\qp_lab\qpcpp\include\qxk.h) not referenced
"C:\qp_lab\qpcpp\include\qxk.h" 213 1 Info 755: global macro 'QF_SCHED_UNLOCK_' (line 213, file C:\qp_lab\qpcpp\include\qxk.h) not referenced
"C:\qp_lab\qpcpp\include\qf.h" 741 1 Info 755: global macro 'Q_DELETE_REF' (line 741, file C:\qp_lab\qpcpp\include\qf.h) not referenced
"C:\qp_lab\qpcpp\include\qs.h" 512 1 Info 755: global macro 'QS_FILTER_OFF' (line 512, file C:\qp_lab\qpcpp\include\qs.h) not referenced
"C:\qp_lab\qpcpp\include\qs.h" 893 1 Info 755: global macro 'QS_F32' (line 893, file C:\qp_lab\qpcpp\include\qs.h) not referenced
"C:\qp_lab\qpcpp\include\qs.h" 898 1 Info 755: global macro 'QS_F64' (line 898, file C:\qp_lab\qpcpp\include\qs.h) not referenced
"C:\qp_lab\qpcpp\include\qs.h" 559 1 Info 755: global macro 'QS_FILTER_AO_OBJ' (line 559, file C:\qp_lab\qpcpp\include\qs.h) not referenced
"C:\qp_lab\qpcpp\include\qs.h" 578 1 Info 755: global macro 'QS_FILTER_MP_OBJ' (line 578, file C:\qp_lab\qpcpp\include\qs.h) not referenced
"C:\qp_lab\qpcpp\include\qs.h" 598 1 Info 755: global macro 'QS_FILTER_EQ_OBJ' (line 598, file C:\qp_lab\qpcpp\include\qs.h) not referenced
"C:\qp_lab\qpcpp\include\qs.h" 634 1 Info 755: global macro 'QS_FILTER_AP_OBJ' (line 634, file C:\qp_lab\qpcpp\include\qs.h) not referenced
"C:\qp_lab\qpcpp\include\qs.h" 503 1 Info 755: global macro 'QS_FILTER_ON' (line 503, file C:\qp_lab\qpcpp\include\qs.h) not referenced
"C:\qp_lab\qpcpp\include\qs.h" 538 1 Info 755: global macro 'QS_FILTER_SM_OBJ' (line 538, file C:\qp_lab\qpcpp\include\qs.h) not referenced
"C:\qp_lab\qpcpp\include\qs.h" 618 1 Info 755: global macro 'QS_FILTER_TE_OBJ' (line 618, file C:\qp_lab\qpcpp\include\qs.h) not referenced
"C:\qp_lab\qpcpp\include\qs.h" 941 1 Info 755: global macro 'QS_FUN' (line 941, file C:\qp_lab\qpcpp\include\qs.h) not referenced
"C:\qp_lab\qpcpp\include\qs.h" 839 1 Info 755: global macro 'QS_FUN_' (line 839, file C:\qp_lab\qpcpp\include\qs.h) not referenced
"C:\qp_lab\qpcpp\include\qs.h" 1025 1 Info 755: global macro 'QS_FUN_DICTIONARY' (line 1025, file C:\qp_lab\qpcpp\include\qs.h) not referenced
"C:\qp_lab\qpcpp\include\qassert.h" 86 1 Info 755: global macro 'Q_DEFINE_THIS_FILE' (line 86, file C:\qp_lab\qpcpp\include\qassert.h) not referenced
"C:\qp_lab\qpcpp\include\qxk.h" 233 1 Info 755: global macro 'QF_EPOOL_EVENT_SIZE_' (line 233, file C:\qp_lab\qpcpp\include\qxk.h) not referenced
"C:\qp_lab\qpcpp\include\qxk.h" 235 1 Info 755: global macro 'QF_EPOOL_GET_' (line 235, file C:\qp_lab\qpcpp\include\qxk.h) not referenced
"C:\qp_lab\qpcpp\include\qxk.h" 231 1 Info 755: global macro 'QF_EPOOL_INIT_' (line 231, file C:\qp_lab\qpcpp\include\qxk.h) not referenced
"C:\qp_lab\qpcpp\include\qxk.h" 236 1 Info 755: global macro 'QF_EPOOL_PUT_' (line 236, file C:\qp_lab\qpcpp\include\qxk.h) not referenced
"C:\qp_lab\qpcpp\include\qep.h" 112 1 Info 755: global macro 'Q_EVT_CAST' (line 112, file C:\qp_lab\qpcpp\include\qep.h) not referenced
"C:\qp_lab\qpcpp\include\qf.h" 770 1 Info 755: global macro 'TICK_X' (line 770, file C:\qp_lab\qpcpp\include\qf.h) not referenced
"C:\qp_lab\qpcpp\include\qf.h" 865 1 Info 755: global macro 'TICK' (line 865, file C:\qp_lab\qpcpp\include\qf.h) not referenced
"C:\qp_lab\qpcpp\include\qs.h" 485 1 Info 755: global macro 'QS_INIT' (line 485, file C:\qp_lab\qpcpp\include\qs.h) not referenced
"C:\qp_lab\qpcpp\include\qs.h" 863 1 Info 755: global macro 'QS_I8' (line 863, file C:\qp_lab\qpcpp\include\qs.h) not referenced
"C:\qp_lab\qpcpp\include\qs.h" 873 1 Info 755: global macro 'QS_I16' (line 873, file C:\qp_lab\qpcpp\include\qs.h) not referenced
"C:\qp_lab\qpcpp\include\qs.h" 883 1 Info 755: global macro 'QS_I32' (line 883, file C:\qp_lab\qpcpp\include\qs.h) not referenced
"C:\qp_lab\qpcpp\include\qs.h" 903 1 Info 755: global macro 'QS_I64' (line 903, file C:\qp_lab\qpcpp\include\qs.h) not referenced
"C:\qp_lab\qpcpp\include\qep.h" 69 1 Info 755: global macro 'Q_DIM' (line 69, file C:\qp_lab\qpcpp\include\qep.h) not referenced
"C:\qp_lab\qpcpp\include\qassert.h" 152 1 Info 755: global macro 'Q_ALLEGE' (line 152, file C:\qp_lab\qpcpp\include\qassert.h) not referenced
"C:\qp_lab\qpcpp\include\qassert.h" 167 1 Info 755: global macro 'Q_ALLEGE_ID' (line 167, file C:\qp_lab\qpcpp\include\qassert.h) not referenced
"C:\qp_lab\qpcpp\include\qep.h" 121 1 Info 755: global macro 'Q_UINT2PTR_CAST' (line 121, file C:\qp_lab\qpcpp\include\qep.h) not referenced
"C:\qp_lab\qpcpp\include\qep.h" 378 1 Info 758: global enum 'QP::QHsm::ReservedHsmSignals' (line 378, file C:\qp_lab\qpcpp\include\qep.h) not referenced [MISRA C++ Rule 0-1-5]
"C:\qp_lab\qpcpp\include\qs.h" 162 1 Info 758: global enum 'QP::QSpyRecordGroups' (line 162, file C:\qp_lab\qpcpp\include\qs.h) not referenced [MISRA C++ Rule 0-1-5]
"C:\qp_lab\qpcpp\include\qs.h" 180 1 Info 758: global enum 'QP::QSpyUserRecords' (line 180, file C:\qp_lab\qpcpp\include\qs.h) not referenced [MISRA C++ Rule 0-1-5]
"C:\qp_lab\qpcpp\include\qs.h" 384 1 Info 758: global enum 'QP::QS::QSType' (line 384, file C:\qp_lab\qpcpp\include\qs.h) not referenced [MISRA C++ Rule 0-1-5]
"C:\qp_lab\qpcpp\include\qs.h" 454 1 Info 758: global enum 'QP::QSpyRxRecords' (line 454, file C:\qp_lab\qpcpp\include\qs.h) not referenced [MISRA C++ Rule 0-1-5]
"C:\qp_lab\qpcpp\include\qep.h" 138 1 Warning 526: Symbol 'QP::versionStr' (line 138, file C:\qp_lab\qpcpp\include\qep.h) not defined
"C:\qp_lab\qpcpp\include\qep.h" 318 1 Warning 1526: Member function 'QP::QHsm::init(const struct QP::QEvt *)' (line 318, file C:\qp_lab\qpcpp\include\qep.h) not defined
"C:\qp_lab\qpcpp\include\qep.h" 319 1 Info 1716: Virtual member function 'QP::QHsm::init(void)' (line 319, file C:\qp_lab\qpcpp\include\qep.h) not referenced [MISRA C++ Rule 0-1-10]
"C:\qp_lab\qpcpp\include\qep.h" 322 1 Warning 1526: Member function 'QP::QHsm::dispatch(const struct QP::QEvt *)' (line 322, file C:\qp_lab\qpcpp\include\qep.h) not defined
"C:\qp_lab\qpcpp\include\qep.h" 326 1 Info 1714: Member function 'QP::QHsm::isIn(QP::QStateHandler)' (line 326, file C:\qp_lab\qpcpp\include\qep.h) not referenced [MISRA C++ Rule 0-1-10]
"C:\qp_lab\qpcpp\include\qep.h" 326 1 Warning 1526: Member function 'QP::QHsm::isIn(QP::QStateHandler)' (line 326, file C:\qp_lab\qpcpp\include\qep.h) not defined
"C:\qp_lab\qpcpp\include\qep.h" 329 1 Info 1714: Member function 'QP::QHsm::top(void *, const struct QP::QEvt *)' (line 329, file C:\qp_lab\qpcpp\include\qep.h) not referenced [MISRA C++ Rule 0-1-10]
"C:\qp_lab\qpcpp\include\qep.h" 329 1 Warning 1526: Member function 'QP::QHsm::top(void *, const struct QP::QEvt *)' (line 329, file C:\qp_lab\qpcpp\include\qep.h) not defined
"C:\qp_lab\qpcpp\include\qep.h" 333 1 Info 1714: Member function 'QP::QHsm::state(void) const' (line 333, file C:\qp_lab\qpcpp\include\qep.h) not referenced [MISRA C++ Rule 0-1-10]
"C:\qp_lab\qpcpp\include\qep.h" 339 1 Info 1714: Member function 'QP::QHsm::childState(QP::QStateHandler)' (line 339, file C:\qp_lab\qpcpp\include\qep.h) not referenced [MISRA C++ Rule 0-1-10]
"C:\qp_lab\qpcpp\include\qep.h" 339 1 Warning 1526: Member function 'QP::QHsm::childState(QP::QStateHandler)' (line 339, file C:\qp_lab\qpcpp\include\qep.h) not defined
"C:\qp_lab\qpcpp\include\qep.h" 343 1 Info 1714: Member function 'QP::QHsm::QHsm(QP::QStateHandler)' (line 343, file C:\qp_lab\qpcpp\include\qep.h) not referenced [MISRA C++ Rule 0-1-10]
"C:\qp_lab\qpcpp\include\qep.h" 343 1 Warning 1526: Member function 'QP::QHsm::QHsm(QP::QStateHandler)' (line 343, file C:\qp_lab\qpcpp\include\qep.h) not defined
"C:\qp_lab\qpcpp\include\qep.h" 348 1 Info 1714: Member function 'QP::QHsm::Q_HANDLED(void)' (line 348, file C:\qp_lab\qpcpp\include\qep.h) not referenced [MISRA C++ Rule 0-1-10]
"C:\qp_lab\qpcpp\include\qep.h" 356 1 Info 1714: Member function 'QP::QHsm::Q_UNHANDLED(void)' (line 356, file C:\qp_lab\qpcpp\include\qep.h) not referenced [MISRA C++ Rule 0-1-10]
"C:\qp_lab\qpcpp\include\qep.h" 361 1 Info 1714: Member function 'QP::QHsm::tran_(QP::QStateHandler)' (line 361, file C:\qp_lab\qpcpp\include\qep.h) not referenced [MISRA C++ Rule 0-1-10]
"C:\qp_lab\qpcpp\include\qep.h" 367 1 Info 1714: Member function 'QP::QHsm::tran_hist_(QP::QStateHandler)' (line 367, file C:\qp_lab\qpcpp\include\qep.h) not referenced [MISRA C++ Rule 0-1-10]
"C:\qp_lab\qpcpp\include\qep.h" 373 1 Info 1714: Member function 'QP::QHsm::super_(QP::QStateHandler)' (line 373, file C:\qp_lab\qpcpp\include\qep.h) not referenced [MISRA C++ Rule 0-1-10]
"C:\qp_lab\qpcpp\include\qep.h" 379 1 Info 769: global enumeration constant 'QP::QHsm::ReservedHsmSignals::Q_ENTRY_SIG' (line 379, file C:\qp_lab\qpcpp\include\qep.h) not referenced
"C:\qp_lab\qpcpp\include\qep.h" 380 1 Info 769: global enumeration constant 'QP::QHsm::ReservedHsmSignals::Q_EXIT_SIG' (line 380, file C:\qp_lab\qpcpp\include\qep.h) not referenced
"C:\qp_lab\qpcpp\include\qep.h" 381 1 Info 769: global enumeration constant 'QP::QHsm::ReservedHsmSignals::Q_INIT_SIG' (line 381, file C:\qp_lab\qpcpp\include\qep.h) not referenced
"C:\qp_lab\qpcpp\include\qep.h" 386 1 Info 1714: Member function 'QP::QHsm::qm_tran_(const struct QP::QMTranActTable *)' (line 386, file C:\qp_lab\qpcpp\include\qep.h) not referenced [MISRA C++ Rule 0-1-10]
"C:\qp_lab\qpcpp\include\qep.h" 392 1 Info 1714: Member function 'QP::QHsm::qm_tran_hist_(const struct QP::QMState *, const struct QP::QMTranActTable *)' (line 392, file C:\qp_lab\qpcpp\include\qep.h) not referenced [MISRA C++ Rule 0-1-10]
"C:\qp_lab\qpcpp\include\qep.h" 401 1 Info 1714: Member function 'QP::QHsm::qm_tran_init_(const struct QP::QMTranActTable *)' (line 401, file C:\qp_lab\qpcpp\include\qep.h) not referenced [MISRA C++ Rule 0-1-10]
"C:\qp_lab\qpcpp\include\qep.h" 408 1 Info 1714: Member function 'QP::QHsm::qm_tran_ep_(const struct QP::QMTranActTable *)' (line 408, file C:\qp_lab\qpcpp\include\qep.h) not referenced [MISRA C++ Rule 0-1-10]
"C:\qp_lab\qpcpp\include\qep.h" 415 1 Info 1714: Member function 'QP::QHsm::qm_tran_xp_(QP::QActionHandler, const struct QP::QMTranActTable *)' (line 415, file C:\qp_lab\qpcpp\include\qep.h) not referenced [MISRA C++ Rule 0-1-10]
"C:\qp_lab\qpcpp\include\qep.h" 424 1 Info 1714: Member function 'QP::QHsm::qm_entry_(const struct QP::QMState *)' (line 424, file C:\qp_lab\qpcpp\include\qep.h) not referenced [MISRA C++ Rule 0-1-10]
"C:\qp_lab\qpcpp\include\qep.h" 430 1 Info 1714: Member function 'QP::QHsm::qm_exit_(const struct QP::QMState *)' (line 430, file C:\qp_lab\qpcpp\include\qep.h) not referenced [MISRA C++ Rule 0-1-10]
"C:\qp_lab\qpcpp\include\qep.h" 437 1 Info 1714: Member function 'QP::QHsm::qm_super_sub_(const struct QP::QMState *)' (line 437, file C:\qp_lab\qpcpp\include\qep.h) not referenced [MISRA C++ Rule 0-1-10]
"C:\qp_lab\qpcpp\include\qep.h" 444 1 Info 1714: Member function 'QP::QHsm::QM_HANDLED(void)' (line 444, file C:\qp_lab\qpcpp\include\qep.h) not referenced [MISRA C++ Rule 0-1-10]
"C:\qp_lab\qpcpp\include\qep.h" 450 1 Info 1714: Member function 'QP::QHsm::QM_UNHANDLED(void)' (line 450, file C:\qp_lab\qpcpp\include\qep.h) not referenced [MISRA C++ Rule 0-1-10]
"C:\qp_lab\qpcpp\include\qep.h" 456 1 Info 1714: Member function 'QP::QHsm::QM_SUPER(void)' (line 456, file C:\qp_lab\qpcpp\include\qep.h) not referenced [MISRA C++ Rule 0-1-10]
"C:\qp_lab\qpcpp\include\qep.h" 500 1 Warning 1526: Member function 'QP::QMsm::init(const struct QP::QEvt *)' (line 500, file C:\qp_lab\qpcpp\include\qep.h) not defined
"C:\qp_lab\qpcpp\include\qep.h" 504 1 Warning 1526: Member function 'QP::QMsm::dispatch(const struct QP::QEvt *)' (line 504, file C:\qp_lab\qpcpp\include\qep.h) not defined
"C:\qp_lab\qpcpp\include\qep.h" 507 1 Info 1714: Member function 'QP::QMsm::isInState(const struct QP::QMState *) const' (line 507, file C:\qp_lab\qpcpp\include\qep.h) not referenced [MISRA C++ Rule 0-1-10]
"C:\qp_lab\qpcpp\include\qep.h" 507 1 Warning 1526: Member function 'QP::QMsm::isInState(const struct QP::QMState *) const' (line 507, file C:\qp_lab\qpcpp\include\qep.h) not defined
"C:\qp_lab\qpcpp\include\qep.h" 510 1 Info 1714: Member function 'QP::QMsm::stateObj(void) const' (line 510, file C:\qp_lab\qpcpp\include\qep.h) not referenced [MISRA C++ Rule 0-1-10]
"C:\qp_lab\qpcpp\include\qep.h" 515 1 Info 1714: Member function 'QP::QMsm::childStateObj(const struct QP::QMState *) const' (line 515, file C:\qp_lab\qpcpp\include\qep.h) not referenced [MISRA C++ Rule 0-1-10]
"C:\qp_lab\qpcpp\include\qep.h" 515 1 Warning 1526: Member function 'QP::QMsm::childStateObj(const struct QP::QMState *) const' (line 515, file C:\qp_lab\qpcpp\include\qep.h) not defined
"C:\qp_lab\qpcpp\include\qep.h" 519 1 Info 1714: Member function 'QP::QMsm::QMsm(QP::QStateHandler)' (line 519, file C:\qp_lab\qpcpp\include\qep.h) not referenced [MISRA C++ Rule 0-1-10]
"C:\qp_lab\qpcpp\include\qep.h" 519 1 Warning 1526: Member function 'QP::QMsm::QMsm(QP::QStateHandler)' (line 519, file C:\qp_lab\qpcpp\include\qep.h) not defined
"C:\qp_lab\qpcpp\include\qep.h" 532 1 Info 768: global struct member 'QP::QMsm::MAX_ENTRY_DEPTH_' (line 532, file C:\qp_lab\qpcpp\include\qep.h) not referenced
"C:\qp_lab\qpcpp\include\qep.h" 532 1 Info 1715: static member 'QP::QMsm::MAX_ENTRY_DEPTH_' (line 532, file C:\qp_lab\qpcpp\include\qep.h) not referenced
"C:\qp_lab\qpcpp\include\qep.h" 535 1 Info 768: global struct member 'QP::QMsm::msm_top_s' (line 535, file C:\qp_lab\qpcpp\include\qep.h) not referenced
"C:\qp_lab\qpcpp\include\qep.h" 535 1 Info 1715: static member 'QP::QMsm::msm_top_s' (line 535, file C:\qp_lab\qpcpp\include\qep.h) not referenced
"C:\qp_lab\qpcpp\include\qep.h" 535 1 Warning 1527: static member 'QP::QMsm::msm_top_s' (line 535, file C:\qp_lab\qpcpp\include\qep.h) not defined
"C:\qp_lab\qpcpp\include\qep.h" 555 1 Info 768: global struct member 'QP::QMState::superstate' (line 555, file C:\qp_lab\qpcpp\include\qep.h) not referenced
"C:\qp_lab\qpcpp\include\qep.h" 556 1 Info 768: global struct member 'QP::QMState::stateHandler' (line 556, file C:\qp_lab\qpcpp\include\qep.h) not referenced
"C:\qp_lab\qpcpp\include\qep.h" 557 1 Info 768: global struct member 'QP::QMState::entryAction' (line 557, file C:\qp_lab\qpcpp\include\qep.h) not referenced
"C:\qp_lab\qpcpp\include\qep.h" 558 1 Info 768: global struct member 'QP::QMState::exitAction' (line 558, file C:\qp_lab\qpcpp\include\qep.h) not referenced
"C:\qp_lab\qpcpp\include\qep.h" 559 1 Info 768: global struct member 'QP::QMState::initAction' (line 559, file C:\qp_lab\qpcpp\include\qep.h) not referenced
"C:\qp_lab\qpcpp\include\qep.h" 564 1 Info 768: global struct member 'QP::QMTranActTable::target' (line 564, file C:\qp_lab\qpcpp\include\qep.h) not referenced
"C:\qp_lab\qpcpp\include\qep.h" 565 1 Info 768: global struct member 'QP::QMTranActTable::act' (line 565, file C:\qp_lab\qpcpp\include\qep.h) not referenced
"C:\qp_lab\qpcpp\include\qep.h" 574 1 Info 1714: Member function 'QP::QEP::getVersion(void)' (line 574, file C:\qp_lab\qpcpp\include\qep.h) not referenced [MISRA C++ Rule 0-1-10]
"C:\qp_lab\qpcpp\include\qequeue.h" 161 1 Warning 1526: Member function 'QP::QEQueue::QEQueue(void)' (line 161, file C:\qp_lab\qpcpp\include\qequeue.h) not defined
"C:\qp_lab\qpcpp\include\qequeue.h" 171 1 Warning 1526: Member function 'QP::QEQueue::init(const struct QP::QEvt **, uint_fast16_t)' (line 171, file C:\qp_lab\qpcpp\include\qequeue.h) not defined
"C:\qp_lab\qpcpp\include\qequeue.h" 187 1 Info 1714: Member function 'QP::QEQueue::post(const struct QP::QEvt *, uint_fast16_t)' (line 187, file C:\qp_lab\qpcpp\include\qequeue.h) not referenced [MISRA C++ Rule 0-1-10]
"C:\qp_lab\qpcpp\include\qequeue.h" 187 1 Warning 1526: Member function 'QP::QEQueue::post(const struct QP::QEvt *, uint_fast16_t)' (line 187, file C:\qp_lab\qpcpp\include\qequeue.h) not defined
"C:\qp_lab\qpcpp\include\qequeue.h" 197 1 Info 1714: Member function 'QP::QEQueue::postLIFO(const struct QP::QEvt *)' (line 197, file C:\qp_lab\qpcpp\include\qequeue.h) not referenced [MISRA C++ Rule 0-1-10]
"C:\qp_lab\qpcpp\include\qequeue.h" 197 1 Warning 1526: Member function 'QP::QEQueue::postLIFO(const struct QP::QEvt *)' (line 197, file C:\qp_lab\qpcpp\include\qequeue.h) not defined
"C:\qp_lab\qpcpp\include\qequeue.h" 211 1 Info 1714: Member function 'QP::QEQueue::get(void)' (line 211, file C:\qp_lab\qpcpp\include\qequeue.h) not referenced [MISRA C++ Rule 0-1-10]
"C:\qp_lab\qpcpp\include\qequeue.h" 211 1 Warning 1526: Member function 'QP::QEQueue::get(void)' (line 211, file C:\qp_lab\qpcpp\include\qequeue.h) not defined
"C:\qp_lab\qpcpp\include\qequeue.h" 223 1 Info 1714: Member function 'QP::QEQueue::getNFree(void) const' (line 223, file C:\qp_lab\qpcpp\include\qequeue.h) not referenced [MISRA C++ Rule 0-1-10]
"C:\qp_lab\qpcpp\include\qmpool.h" 110 1 Info 768: global struct member 'QP::QMPool::m_start' (line 110, file C:\qp_lab\qpcpp\include\qmpool.h) not referenced
"C:\qp_lab\qpcpp\include\qmpool.h" 113 1 Info 768: global struct member 'QP::QMPool::m_end' (line 113, file C:\qp_lab\qpcpp\include\qmpool.h) not referenced
"C:\qp_lab\qpcpp\include\qmpool.h" 116 1 Info 768: global struct member 'QP::QMPool::m_free_head' (line 116, file C:\qp_lab\qpcpp\include\qmpool.h) not referenced
"C:\qp_lab\qpcpp\include\qmpool.h" 122 1 Info 768: global struct member 'QP::QMPool::m_nTot' (line 122, file C:\qp_lab\qpcpp\include\qmpool.h) not referenced
"C:\qp_lab\qpcpp\include\qmpool.h" 125 1 Info 768: global struct member 'QP::QMPool::m_nFree' (line 125, file C:\qp_lab\qpcpp\include\qmpool.h) not referenced
"C:\qp_lab\qpcpp\include\qmpool.h" 133 1 Info 768: global struct member 'QP::QMPool::m_nMin' (line 133, file C:\qp_lab\qpcpp\include\qmpool.h) not referenced
"C:\qp_lab\qpcpp\include\qmpool.h" 136 1 Note 1914: Default constructor 'QP::QMPool::QMPool(void)' (line 136, file C:\qp_lab\qpcpp\include\qmpool.h) not referenced [MISRA C++ Rule 0-1-10]
"C:\qp_lab\qpcpp\include\qmpool.h" 136 1 Warning 1526: Member function 'QP::QMPool::QMPool(void)' (line 136, file C:\qp_lab\qpcpp\include\qmpool.h) not defined
"C:\qp_lab\qpcpp\include\qmpool.h" 139 1 Info 1714: Member function 'QP::QMPool::init(void *, uint_fast32_t, uint_fast16_t)' (line 139, file C:\qp_lab\qpcpp\include\qmpool.h) not referenced [MISRA C++ Rule 0-1-10]
"C:\qp_lab\qpcpp\include\qmpool.h" 139 1 Warning 1526: Member function 'QP::QMPool::init(void *, uint_fast32_t, uint_fast16_t)' (line 139, file C:\qp_lab\qpcpp\include\qmpool.h) not defined
"C:\qp_lab\qpcpp\include\qmpool.h" 143 1 Info 1714: Member function 'QP::QMPool::get(uint_fast16_t)' (line 143, file C:\qp_lab\qpcpp\include\qmpool.h) not referenced [MISRA C++ Rule 0-1-10]
"C:\qp_lab\qpcpp\include\qmpool.h" 143 1 Warning 1526: Member function 'QP::QMPool::get(uint_fast16_t)' (line 143, file C:\qp_lab\qpcpp\include\qmpool.h) not defined
"C:\qp_lab\qpcpp\include\qmpool.h" 146 1 Info 1714: Member function 'QP::QMPool::put(void *)' (line 146, file C:\qp_lab\qpcpp\include\qmpool.h) not referenced [MISRA C++ Rule 0-1-10]
"C:\qp_lab\qpcpp\include\qmpool.h" 146 1 Warning 1526: Member function 'QP::QMPool::put(void *)' (line 146, file C:\qp_lab\qpcpp\include\qmpool.h) not defined
"C:\qp_lab\qpcpp\include\qmpool.h" 149 1 Info 1714: Member function 'QP::QMPool::getBlockSize(void) const' (line 149, file C:\qp_lab\qpcpp\include\qmpool.h) not referenced [MISRA C++ Rule 0-1-10]
"C:\qp_lab\qpcpp\include\qpset.h" 57 1 Warning 526: Symbol 'QP::QF_log2Lkup' (line 57, file C:\qp_lab\qpcpp\include\qpset.h) not defined
"C:\qp_lab\qpcpp\include\qpset.h" 116 1 Info 1714: Member function 'QP::QPSet::isEmpty(void) const' (line 116, file C:\qp_lab\qpcpp\include\qpset.h) not referenced [MISRA C++ Rule 0-1-10]
"C:\qp_lab\qpcpp\include\qpset.h" 126 1 Info 1714: Member function 'QP::QPSet::hasElement(uint_fast8_t) const' (line 126, file C:\qp_lab\qpcpp\include\qpset.h) not referenced [MISRA C++ Rule 0-1-10]
"C:\qp_lab\qpcpp\include\qxk.h" 132 1 Info 1714: Member function 'QP::QXK::init(void *, uint_fast16_t)' (line 132, file C:\qp_lab\qpcpp\include\qxk.h) not referenced [MISRA C++ Rule 0-1-10]
"C:\qp_lab\qpcpp\include\qxk.h" 132 1 Warning 1526: Member function 'QP::QXK::init(void *, uint_fast16_t)' (line 132, file C:\qp_lab\qpcpp\include\qxk.h) not defined
"C:\qp_lab\qpcpp\include\qxk.h" 145 1 Warning 1526: Member function 'QP::QXK::onIdle(void)' (line 145, file C:\qp_lab\qpcpp\include\qxk.h) not defined
"C:\qp_lab\qpcpp\include\qxk.h" 148 1 Info 1714: Member function 'QP::QXK::getVersion(void)' (line 148, file C:\qp_lab\qpcpp\include\qxk.h) not referenced [MISRA C++ Rule 0-1-10]
"C:\qp_lab\qpcpp\src\qxk\qxk_mutex.cpp" 79 1 Info 1714: Member function 'QP::QXMutex::init(uint_fast8_t)' (line 79, file C:\qp_lab\qpcpp\src\qxk\qxk_mutex.cpp) not referenced [MISRA C++ Rule 0-1-10]
"C:\qp_lab\qpcpp\src\qxk\qxk_mutex.cpp" 104 1 Info 1714: Member function 'QP::QXMutex::lock(void)' (line 104, file C:\qp_lab\qpcpp\src\qxk\qxk_mutex.cpp) not referenced [MISRA C++ Rule 0-1-10]
"C:\qp_lab\qpcpp\src\qxk\qxk_mutex.cpp" 151 1 Info 1714: Member function 'QP::QXMutex::unlock(void)' (line 151, file C:\qp_lab\qpcpp\src\qxk\qxk_mutex.cpp) not referenced [MISRA C++ Rule 0-1-10]
"C:\qp_lab\qpcpp\include\qf.h" 87 1 Info 756: global typedef 'QP::QEvtSize' (line 87, file C:\qp_lab\qpcpp\include\qf.h) not referenced [MISRA C++ Rule 0-1-5]
"C:\qp_lab\qpcpp\include\qf.h" 181 1 Warning 1526: Member function 'QP::QActive::QActive(QP::QStateHandler)' (line 181, file C:\qp_lab\qpcpp\include\qf.h) not defined
"C:\qp_lab\qpcpp\include\qf.h" 192 1 Info 1716: Virtual member function 'QP::QActive::start(uint_fast8_t, const struct QP::QEvt **, uint_fast16_t, void *, uint_fast16_t)' (line 192, file C:\qp_lab\qpcpp\include\qf.h) not referenced [MISRA C++ Rule 0-1-10]
"C:\qp_lab\qpcpp\include\qf.h" 205 1 Info 1716: Virtual member function 'QP::QActive::post_(const struct QP::QEvt *, uint_fast16_t, const void *)' (line 205, file C:\qp_lab\qpcpp\include\qf.h) not referenced [MISRA C++ Rule 0-1-10]
"C:\qp_lab\qpcpp\include\qf.h" 205 1 Warning 1526: Member function 'QP::QActive::post_(const struct QP::QEvt *, uint_fast16_t, const void *)' (line 205, file C:\qp_lab\qpcpp\include\qf.h) not defined
"C:\qp_lab\qpcpp\include\qf.h" 211 1 Info 1716: Virtual member function 'QP::QActive::postLIFO(const struct QP::QEvt *)' (line 211, file C:\qp_lab\qpcpp\include\qf.h) not referenced [MISRA C++ Rule 0-1-10]
"C:\qp_lab\qpcpp\include\qf.h" 211 1 Warning 1526: Member function 'QP::QActive::postLIFO(const struct QP::QEvt *)' (line 211, file C:\qp_lab\qpcpp\include\qf.h) not defined
"C:\qp_lab\qpcpp\include\qf.h" 214 1 Info 1714: Member function 'QP::QActive::unsubscribeAll(void) const' (line 214, file C:\qp_lab\qpcpp\include\qf.h) not referenced [MISRA C++ Rule 0-1-10]
"C:\qp_lab\qpcpp\include\qf.h" 214 1 Warning 1526: Member function 'QP::QActive::unsubscribeAll(void) const' (line 214, file C:\qp_lab\qpcpp\include\qf.h) not defined
"C:\qp_lab\qpcpp\src\qxk\qxk.cpp" 219 1 Info 1714: Member function 'QP::QActive::stop(void)' (line 219, file C:\qp_lab\qpcpp\src\qxk\qxk.cpp) not referenced [MISRA C++ Rule 0-1-10]
"C:\qp_lab\qpcpp\include\qf.h" 221 1 Info 1714: Member function 'QP::QActive::subscribe(enum_t) const' (line 221, file C:\qp_lab\qpcpp\include\qf.h) not referenced [MISRA C++ Rule 0-1-10]
"C:\qp_lab\qpcpp\include\qf.h" 221 1 Warning 1526: Member function 'QP::QActive::subscribe(enum_t) const' (line 221, file C:\qp_lab\qpcpp\include\qf.h) not defined
"C:\qp_lab\qpcpp\include\qf.h" 224 1 Info 1714: Member function 'QP::QActive::unsubscribe(enum_t) const' (line 224, file C:\qp_lab\qpcpp\include\qf.h) not referenced [MISRA C++ Rule 0-1-10]
"C:\qp_lab\qpcpp\include\qf.h" 224 1 Warning 1526: Member function 'QP::QActive::unsubscribe(enum_t) const' (line 224, file C:\qp_lab\qpcpp\include\qf.h) not defined
"C:\qp_lab\qpcpp\include\qf.h" 227 1 Info 1714: Member function 'QP::QActive::defer(QP::QEQueue *, const struct QP::QEvt *) const' (line 227, file C:\qp_lab\qpcpp\include\qf.h) not referenced [MISRA C++ Rule 0-1-10]
"C:\qp_lab\qpcpp\include\qf.h" 227 1 Warning 1526: Member function 'QP::QActive::defer(QP::QEQueue *, const struct QP::QEvt *) const' (line 227, file C:\qp_lab\qpcpp\include\qf.h) not defined
"C:\qp_lab\qpcpp\include\qf.h" 230 1 Info 1714: Member function 'QP::QActive::recall(QP::QEQueue *)' (line 230, file C:\qp_lab\qpcpp\include\qf.h) not referenced [MISRA C++ Rule 0-1-10]
"C:\qp_lab\qpcpp\include\qf.h" 230 1 Warning 1526: Member function 'QP::QActive::recall(QP::QEQueue *)' (line 230, file C:\qp_lab\qpcpp\include\qf.h) not defined
"C:\qp_lab\qpcpp\include\qf.h" 233 1 Info 1714: Member function 'QP::QActive::flushDeferred(QP::QEQueue *) const' (line 233, file C:\qp_lab\qpcpp\include\qf.h) not referenced [MISRA C++ Rule 0-1-10]
"C:\qp_lab\qpcpp\include\qf.h" 233 1 Warning 1526: Member function 'QP::QActive::flushDeferred(QP::QEQueue *) const' (line 233, file C:\qp_lab\qpcpp\include\qf.h) not defined
"C:\qp_lab\qpcpp\include\qf.h" 236 1 Info 1714: Member function 'QP::QActive::getPrio(void) const' (line 236, file C:\qp_lab\qpcpp\include\qf.h) not referenced [MISRA C++ Rule 0-1-10]
"C:\qp_lab\qpcpp\include\qf.h" 241 1 Info 1714: Member function 'QP::QActive::setPrio(uint_fast8_t)' (line 241, file C:\qp_lab\qpcpp\include\qf.h) not referenced [MISRA C++ Rule 0-1-10]
"C:\qp_lab\qpcpp\include\qf.h" 248 1 Info 1714: Member function 'QP::QActive::getOsObject(void)' (line 248, file C:\qp_lab\qpcpp\include\qf.h) not referenced [MISRA C++ Rule 0-1-10]
"C:\qp_lab\qpcpp\include\qf.h" 254 1 Info 1714: Member function 'QP::QActive::getThread(void)' (line 254, file C:\qp_lab\qpcpp\include\qf.h) not referenced [MISRA C++ Rule 0-1-10]
"C:\qp_lab\qpcpp\include\qf.h" 258 1 Warning 1526: Member function 'QP::QActive::get_(void)' (line 258, file C:\qp_lab\qpcpp\include\qf.h) not defined
"C:\qp_lab\qpcpp\include\qf.h" 298 1 Warning 1526: Member function 'QP::QMActive::init(const struct QP::QEvt *)' (line 298, file C:\qp_lab\qpcpp\include\qf.h) not defined
"C:\qp_lab\qpcpp\include\qf.h" 299 1 Warning 1526: Member function 'QP::QMActive::init(void)' (line 299, file C:\qp_lab\qpcpp\include\qf.h) not defined
"C:\qp_lab\qpcpp\include\qf.h" 300 1 Warning 1526: Member function 'QP::QMActive::dispatch(const struct QP::QEvt *)' (line 300, file C:\qp_lab\qpcpp\include\qf.h) not defined
"C:\qp_lab\qpcpp\include\qf.h" 303 1 Info 1714: Member function 'QP::QMActive::isInState(const struct QP::QMState *) const' (line 303, file C:\qp_lab\qpcpp\include\qf.h) not referenced [MISRA C++ Rule 0-1-10]
"C:\qp_lab\qpcpp\include\qf.h" 303 1 Warning 1526: Member function 'QP::QMActive::isInState(const struct QP::QMState *) const' (line 303, file C:\qp_lab\qpcpp\include\qf.h) not defined
"C:\qp_lab\qpcpp\include\qf.h" 306 1 Info 1714: Member function 'QP::QMActive::stateObj(void) const' (line 306, file C:\qp_lab\qpcpp\include\qf.h) not referenced [MISRA C++ Rule 0-1-10]
"C:\qp_lab\qpcpp\include\qf.h" 311 1 Info 1714: Member function 'QP::QMActive::childStateObj(const struct QP::QMState *) const' (line 311, file C:\qp_lab\qpcpp\include\qf.h) not referenced [MISRA C++ Rule 0-1-10]
"C:\qp_lab\qpcpp\include\qf.h" 311 1 Warning 1526: Member function 'QP::QMActive::childStateObj(const struct QP::QMState *) const' (line 311, file C:\qp_lab\qpcpp\include\qf.h) not defined
"C:\qp_lab\qpcpp\include\qf.h" 315 1 Info 1714: Member function 'QP::QMActive::QMActive(QP::QStateHandler)' (line 315, file C:\qp_lab\qpcpp\include\qf.h) not referenced [MISRA C++ Rule 0-1-10]
"C:\qp_lab\qpcpp\include\qf.h" 315 1 Warning 1526: Member function 'QP::QMActive::QMActive(QP::QStateHandler)' (line 315, file C:\qp_lab\qpcpp\include\qf.h) not defined
"C:\qp_lab\qpcpp\include\qf.h" 393 1 Warning 1526: Member function 'QP::QTimeEvt::QTimeEvt(QP::QActive *, enum_t, uint_fast8_t)' (line 393, file C:\qp_lab\qpcpp\include\qf.h) not defined
"C:\qp_lab\qpcpp\include\qf.h" 397 1 Info 1714: Member function 'QP::QTimeEvt::armX(QP::QTimeEvtCtr, QP::QTimeEvtCtr)' (line 397, file C:\qp_lab\qpcpp\include\qf.h) not referenced [MISRA C++ Rule 0-1-10]
"C:\qp_lab\qpcpp\include\qf.h" 397 1 Warning 1526: Member function 'QP::QTimeEvt::armX(QP::QTimeEvtCtr, QP::QTimeEvtCtr)' (line 397, file C:\qp_lab\qpcpp\include\qf.h) not defined
"C:\qp_lab\qpcpp\include\qf.h" 401 1 Info 1714: Member function 'QP::QTimeEvt::disarm(void)' (line 401, file C:\qp_lab\qpcpp\include\qf.h) not referenced [MISRA C++ Rule 0-1-10]
"C:\qp_lab\qpcpp\include\qf.h" 401 1 Warning 1526: Member function 'QP::QTimeEvt::disarm(void)' (line 401, file C:\qp_lab\qpcpp\include\qf.h) not defined
"C:\qp_lab\qpcpp\include\qf.h" 404 1 Info 1714: Member function 'QP::QTimeEvt::rearm(QP::QTimeEvtCtr)' (line 404, file C:\qp_lab\qpcpp\include\qf.h) not referenced [MISRA C++ Rule 0-1-10]
"C:\qp_lab\qpcpp\include\qf.h" 404 1 Warning 1526: Member function 'QP::QTimeEvt::rearm(QP::QTimeEvtCtr)' (line 404, file C:\qp_lab\qpcpp\include\qf.h) not defined
"C:\qp_lab\qpcpp\include\qf.h" 407 1 Info 1714: Member function 'QP::QTimeEvt::ctr(void) const' (line 407, file C:\qp_lab\qpcpp\include\qf.h) not referenced [MISRA C++ Rule 0-1-10]
"C:\qp_lab\qpcpp\include\qf.h" 407 1 Warning 1526: Member function 'QP::QTimeEvt::ctr(void) const' (line 407, file C:\qp_lab\qpcpp\include\qf.h) not defined
"C:\qp_lab\qpcpp\include\qf.h" 443 1 Warning 1526: Member function 'QP::QTimeEvt::QTimeEvt(void)' (line 443, file C:\qp_lab\qpcpp\include\qf.h) not defined
"C:\qp_lab\qpcpp\include\qf.h" 452 1 Info 1714: Member function 'QP::QTimeEvt::toActive(void)' (line 452, file C:\qp_lab\qpcpp\include\qf.h) not referenced [MISRA C++ Rule 0-1-10]
"C:\qp_lab\qpcpp\include\qf.h" 455 1 Info 1714: Member function 'QP::QTimeEvt::toTimeEvt(void)' (line 455, file C:\qp_lab\qpcpp\include\qf.h) not referenced [MISRA C++ Rule 0-1-10]
"C:\qp_lab\qpcpp\include\qf.h" 460 1 Warning 526: Symbol 'QP::QXK_activate_(void)' (line 460, file C:\qp_lab\qpcpp\include\qf.h) not defined
"C:\qp_lab\qpcpp\include\qf.h" 483 1 Info 1714: Member function 'QP::QF::getVersion(void)' (line 483, file C:\qp_lab\qpcpp\include\qf.h) not referenced [MISRA C++ Rule 0-1-10]
"C:\qp_lab\qpcpp\src\qxk\qxk.cpp" 82 1 Info 1714: Member function 'QP::QF::init(void)' (line 82, file C:\qp_lab\qpcpp\src\qxk\qxk.cpp) not referenced [MISRA C++ Rule 0-1-10]
"C:\qp_lab\qpcpp\include\qf.h" 491 1 Info 1714: Member function 'QP::QF::psInit(QP::QSubscrList *, enum_t)' (line 491, file C:\qp_lab\qpcpp\include\qf.h) not referenced [MISRA C++ Rule 0-1-10]
"C:\qp_lab\qpcpp\include\qf.h" 491 1 Warning 1526: Member function 'QP::QF::psInit(QP::QSubscrList *, enum_t)' (line 491, file C:\qp_lab\qpcpp\include\qf.h) not defined
"C:\qp_lab\qpcpp\include\qf.h" 495 1 Info 1714: Member function 'QP::QF::poolInit(void *, uint_fast32_t, uint_fast16_t)' (line 495, file C:\qp_lab\qpcpp\include\qf.h) not referenced [MISRA C++ Rule 0-1-10]
"C:\qp_lab\qpcpp\include\qf.h" 495 1 Warning 1526: Member function 'QP::QF::poolInit(void *, uint_fast32_t, uint_fast16_t)' (line 495, file C:\qp_lab\qpcpp\include\qf.h) not defined
"C:\qp_lab\qpcpp\include\qf.h" 499 1 Info 1714: Member function 'QP::QF::poolGetMaxBlockSize(void)' (line 499, file C:\qp_lab\qpcpp\include\qf.h) not referenced [MISRA C++ Rule 0-1-10]
"C:\qp_lab\qpcpp\include\qf.h" 499 1 Warning 1526: Member function 'QP::QF::poolGetMaxBlockSize(void)' (line 499, file C:\qp_lab\qpcpp\include\qf.h) not defined
"C:\qp_lab\qpcpp\src\qxk\qxk.cpp" 140 1 Info 1714: Member function 'QP::QF::run(void)' (line 140, file C:\qp_lab\qpcpp\src\qxk\qxk.cpp) not referenced [MISRA C++ Rule 0-1-10]
"C:\qp_lab\qpcpp\include\qf.h" 506 1 Warning 1526: Member function 'QP::QF::onStartup(void)' (line 506, file C:\qp_lab\qpcpp\include\qf.h) not defined
"C:\qp_lab\qpcpp\include\qf.h" 509 1 Warning 1526: Member function 'QP::QF::onCleanup(void)' (line 509, file C:\qp_lab\qpcpp\include\qf.h) not defined
"C:\qp_lab\qpcpp\src\qxk\qxk.cpp" 115 1 Info 1714: Member function 'QP::QF::stop(void)' (line 115, file C:\qp_lab\qpcpp\src\qxk\qxk.cpp) not referenced [MISRA C++ Rule 0-1-10]
"C:\qp_lab\qpcpp\include\qf.h" 521 1 Info 1714: Member function 'QP::QF::publish_(const struct QP::QEvt *, const void *)' (line 521, file C:\qp_lab\qpcpp\include\qf.h) not referenced [MISRA C++ Rule 0-1-10]
"C:\qp_lab\qpcpp\include\qf.h" 521 1 Warning 1526: Member function 'QP::QF::publish_(const struct QP::QEvt *, const void *)' (line 521, file C:\qp_lab\qpcpp\include\qf.h) not defined
"C:\qp_lab\qpcpp\include\qf.h" 524 1 Info 1714: Member function 'QP::QF::tickX_(uint_fast8_t, const void *)' (line 524, file C:\qp_lab\qpcpp\include\qf.h) not referenced [MISRA C++ Rule 0-1-10]
"C:\qp_lab\qpcpp\include\qf.h" 524 1 Warning 1526: Member function 'QP::QF::tickX_(uint_fast8_t, const void *)' (line 524, file C:\qp_lab\qpcpp\include\qf.h) not defined
"C:\qp_lab\qpcpp\include\qf.h" 531 1 Info 1714: Member function 'QP::QF::noTimeEvtsActiveX(uint_fast8_t)' (line 531, file C:\qp_lab\qpcpp\include\qf.h) not referenced [MISRA C++ Rule 0-1-10]
"C:\qp_lab\qpcpp\include\qf.h" 531 1 Warning 1526: Member function 'QP::QF::noTimeEvtsActiveX(uint_fast8_t)' (line 531, file C:\qp_lab\qpcpp\include\qf.h) not defined
"C:\qp_lab\qpcpp\include\qf.h" 536 1 Info 1714: Member function 'QP::QF::getPoolMin(uint_fast8_t)' (line 536, file C:\qp_lab\qpcpp\include\qf.h) not referenced [MISRA C++ Rule 0-1-10]
"C:\qp_lab\qpcpp\include\qf.h" 536 1 Warning 1526: Member function 'QP::QF::getPoolMin(uint_fast8_t)' (line 536, file C:\qp_lab\qpcpp\include\qf.h) not defined
"C:\qp_lab\qpcpp\include\qf.h" 540 1 Info 1714: Member function 'QP::QF::getQueueMin(uint_fast8_t)' (line 540, file C:\qp_lab\qpcpp\include\qf.h) not referenced [MISRA C++ Rule 0-1-10]
"C:\qp_lab\qpcpp\include\qf.h" 540 1 Warning 1526: Member function 'QP::QF::getQueueMin(uint_fast8_t)' (line 540, file C:\qp_lab\qpcpp\include\qf.h) not defined
"C:\qp_lab\qpcpp\include\qf.h" 543 1 Info 1714: Member function 'QP::QF::newX_(uint_fast16_t, uint_fast16_t, enum_t)' (line 543, file C:\qp_lab\qpcpp\include\qf.h) not referenced [MISRA C++ Rule 0-1-10]
"C:\qp_lab\qpcpp\include\qf.h" 543 1 Warning 1526: Member function 'QP::QF::newX_(uint_fast16_t, uint_fast16_t, enum_t)' (line 543, file C:\qp_lab\qpcpp\include\qf.h) not defined
"C:\qp_lab\qpcpp\include\qf.h" 547 1 Warning 1526: Member function 'QP::QF::gc(const struct QP::QEvt *)' (line 547, file C:\qp_lab\qpcpp\include\qf.h) not defined
"C:\qp_lab\qpcpp\include\qf.h" 550 1 Info 1714: Member function 'QP::QF::newRef_(const struct QP::QEvt *, const struct QP::QEvt *)' (line 550, file C:\qp_lab\qpcpp\include\qf.h) not referenced [MISRA C++ Rule 0-1-10]
"C:\qp_lab\qpcpp\include\qf.h" 550 1 Warning 1526: Member function 'QP::QF::newRef_(const struct QP::QEvt *, const struct QP::QEvt *)' (line 550, file C:\qp_lab\qpcpp\include\qf.h) not defined
"C:\qp_lab\qpcpp\include\qf.h" 554 1 Warning 1526: Member function 'QP::QF::remove_(QP::QActive *)' (line 554, file C:\qp_lab\qpcpp\include\qf.h) not defined
"C:\qp_lab\qpcpp\include\qf.h" 557 1 Warning 1527: static member 'QP::QF::active_' (line 557, file C:\qp_lab\qpcpp\include\qf.h) not defined
"C:\qp_lab\qpcpp\include\qf.h" 560 1 Info 1714: Member function 'QP::QF::thread_(QP::QActive *)' (line 560, file C:\qp_lab\qpcpp\include\qf.h) not referenced [MISRA C++ Rule 0-1-10]
"C:\qp_lab\qpcpp\include\qf.h" 560 1 Warning 1526: Member function 'QP::QF::thread_(QP::QActive *)' (line 560, file C:\qp_lab\qpcpp\include\qf.h) not defined
"C:\qp_lab\qpcpp\include\qf.h" 563 1 Warning 1526: Member function 'QP::QF::add_(QP::QActive *)' (line 563, file C:\qp_lab\qpcpp\include\qf.h) not defined
"C:\qp_lab\qpcpp\include\qf.h" 566 1 Warning 1526: Member function 'QP::QF::bzero(void *, uint_fast16_t)' (line 566, file C:\qp_lab\qpcpp\include\qf.h) not defined
"C:\qp_lab\qpcpp\include\qf.h" 572 1 Warning 1527: static member 'QP::QF::timeEvtHead_' (line 572, file C:\qp_lab\qpcpp\include\qf.h) not defined
"C:\qp_lab\qpcpp\include\qf.h" 598 1 Info 1714: Member function 'QP::QTicker::QTicker(uint_fast8_t)' (line 598, file C:\qp_lab\qpcpp\include\qf.h) not referenced [MISRA C++ Rule 0-1-10]
"C:\qp_lab\qpcpp\include\qf.h" 598 1 Warning 1526: Member function 'QP::QTicker::QTicker(uint_fast8_t)' (line 598, file C:\qp_lab\qpcpp\include\qf.h) not defined
"C:\qp_lab\qpcpp\include\qf.h" 600 1 Warning 1526: Member function 'QP::QTicker::init(const struct QP::QEvt *)' (line 600, file C:\qp_lab\qpcpp\include\qf.h) not defined
"C:\qp_lab\qpcpp\include\qf.h" 602 1 Warning 1526: Member function 'QP::QTicker::dispatch(const struct QP::QEvt *)' (line 602, file C:\qp_lab\qpcpp\include\qf.h) not defined
"C:\qp_lab\qpcpp\include\qf.h" 606 1 Info 1716: Virtual member function 'QP::QTicker::post_(const struct QP::QEvt *, uint_fast16_t, const void *)' (line 606, file C:\qp_lab\qpcpp\include\qf.h) not referenced [MISRA C++ Rule 0-1-10]
"C:\qp_lab\qpcpp\include\qf.h" 606 1 Warning 1526: Member function 'QP::QTicker::post_(const struct QP::QEvt *, uint_fast16_t, const void *)' (line 606, file C:\qp_lab\qpcpp\include\qf.h) not defined
"C:\qp_lab\qpcpp\include\qf.h" 609 1 Info 1716: Virtual member function 'QP::QTicker::postLIFO(const struct QP::QEvt *)' (line 609, file C:\qp_lab\qpcpp\include\qf.h) not referenced [MISRA C++ Rule 0-1-10]
"C:\qp_lab\qpcpp\include\qf.h" 609 1 Warning 1526: Member function 'QP::QTicker::postLIFO(const struct QP::QEvt *)' (line 609, file C:\qp_lab\qpcpp\include\qf.h) not defined
"C:\qp_lab\qpcpp\src\qxk\qxk_xthr.cpp" 74 1 Info 1714: Member function 'QP::QXThread::QXThread(QP::QXThreadHandler, uint_fast8_t)' (line 74, file C:\qp_lab\qpcpp\src\qxk\qxk_xthr.cpp) not referenced [MISRA C++ Rule 0-1-10]
"C:\qp_lab\qpcpp\src\qxk\qxk_xthr.cpp" 518 1 Info 1714: Member function 'QP::QXThread::delay(uint_fast16_t, uint_fast8_t)' (line 518, file C:\qp_lab\qpcpp\src\qxk\qxk_xthr.cpp) not referenced [MISRA C++ Rule 0-1-10]
"C:\qp_lab\qpcpp\src\qxk\qxk_xthr.cpp" 558 1 Info 1714: Member function 'QP::QXThread::delayCancel(void)' (line 558, file C:\qp_lab\qpcpp\src\qxk\qxk_xthr.cpp) not referenced [MISRA C++ Rule 0-1-10]
"C:\qp_lab\qpcpp\src\qxk\qxk_xthr.cpp" 328 1 Info 1714: Member function 'QP::QXThread::queueGet(uint_fast16_t, uint_fast8_t)' (line 328, file C:\qp_lab\qpcpp\src\qxk\qxk_xthr.cpp) not referenced [MISRA C++ Rule 0-1-10]
"C:\qp_lab\qpcpp\src\qxk\qxk_xthr.cpp" 179 1 Info 1716: Virtual member function 'QP::QXThread::post_(const struct QP::QEvt *, uint_fast16_t, const void *)' (line 179, file C:\qp_lab\qpcpp\src\qxk\qxk_xthr.cpp) not referenced [MISRA C++ Rule 0-1-10]
"C:\qp_lab\qpcpp\src\qxk\qxk_xthr.cpp" 302 1 Info 1716: Virtual member function 'QP::QXThread::postLIFO(const struct QP::QEvt *)' (line 302, file C:\qp_lab\qpcpp\src\qxk\qxk_xthr.cpp) not referenced [MISRA C++ Rule 0-1-10]
"C:\qp_lab\qpcpp\src\qxk\qxk_sema.cpp" 76 1 Info 1714: Member function 'QP::QXSemaphore::init(uint_fast16_t, uint_fast16_t)' (line 76, file C:\qp_lab\qpcpp\src\qxk\qxk_sema.cpp) not referenced [MISRA C++ Rule 0-1-10]
"C:\qp_lab\qpcpp\src\qxk\qxk_sema.cpp" 170 1 Info 1714: Member function 'QP::QXSemaphore::signal(void)' (line 170, file C:\qp_lab\qpcpp\src\qxk\qxk_sema.cpp) not referenced [MISRA C++ Rule 0-1-10]
"C:\qp_lab\qpcpp\src\qxk\qxk_sema.cpp" 109 1 Info 1714: Member function 'QP::QXSemaphore::wait(uint_fast16_t, uint_fast8_t)' (line 109, file C:\qp_lab\qpcpp\src\qxk\qxk_sema.cpp) not referenced [MISRA C++ Rule 0-1-10]
"C:\qp_lab\qpcpp\src\qf_pkg.h" 89 1 Info 757: global declarator 'QP::QF_pool_' (line 89, file C:\qp_lab\qpcpp\src\qf_pkg.h) not referenced [MISRA C++ Rule 0-1-3]
"C:\qp_lab\qpcpp\src\qf_pkg.h" 90 1 Warning 526: Symbol 'QP::QF_maxPool_' (line 90, file C:\qp_lab\qpcpp\src\qf_pkg.h) not defined
"C:\qp_lab\qpcpp\src\qf_pkg.h" 91 1 Warning 526: Symbol 'QP::QF_subscrList_' (line 91, file C:\qp_lab\qpcpp\src\qf_pkg.h) not defined
"C:\qp_lab\qpcpp\src\qf_pkg.h" 92 1 Warning 526: Symbol 'QP::QF_maxPubSignal_' (line 92, file C:\qp_lab\qpcpp\src\qf_pkg.h) not defined
"C:\qp_lab\qpcpp\src\qf_pkg.h" 98 1 Info 768: global struct member 'QP::QFreeBlock::m_next' (line 98, file C:\qp_lab\qpcpp\src\qf_pkg.h) not referenced
"C:\qp_lab\qpcpp\include\qs.h" 76 1 Info 769: global enumeration constant 'QP::QSpyRecords::QS_EMPTY' (line 76, file C:\qp_lab\qpcpp\include\qs.h) not referenced
"C:\qp_lab\qpcpp\include\qs.h" 79 1 Info 769: global enumeration constant 'QP::QSpyRecords::QS_QEP_STATE_ENTRY' (line 79, file C:\qp_lab\qpcpp\include\qs.h) not referenced
"C:\qp_lab\qpcpp\include\qs.h" 80 1 Info 769: global enumeration constant 'QP::QSpyRecords::QS_QEP_STATE_EXIT' (line 80, file C:\qp_lab\qpcpp\include\qs.h) not referenced
"C:\qp_lab\qpcpp\include\qs.h" 81 1 Info 769: global enumeration constant 'QP::QSpyRecords::QS_QEP_STATE_INIT' (line 81, file C:\qp_lab\qpcpp\include\qs.h) not referenced
"C:\qp_lab\qpcpp\include\qs.h" 82 1 Info 769: global enumeration constant 'QP::QSpyRecords::QS_QEP_INIT_TRAN' (line 82, file C:\qp_lab\qpcpp\include\qs.h) not referenced
"C:\qp_lab\qpcpp\include\qs.h" 83 1 Info 769: global enumeration constant 'QP::QSpyRecords::QS_QEP_INTERN_TRAN' (line 83, file C:\qp_lab\qpcpp\include\qs.h) not referenced
"C:\qp_lab\qpcpp\include\qs.h" 84 1 Info 769: global enumeration constant 'QP::QSpyRecords::QS_QEP_TRAN' (line 84, file C:\qp_lab\qpcpp\include\qs.h) not referenced
"C:\qp_lab\qpcpp\include\qs.h" 85 1 Info 769: global enumeration constant 'QP::QSpyRecords::QS_QEP_IGNORED' (line 85, file C:\qp_lab\qpcpp\include\qs.h) not referenced
"C:\qp_lab\qpcpp\include\qs.h" 86 1 Info 769: global enumeration constant 'QP::QSpyRecords::QS_QEP_DISPATCH' (line 86, file C:\qp_lab\qpcpp\include\qs.h) not referenced
"C:\qp_lab\qpcpp\include\qs.h" 87 1 Info 769: global enumeration constant 'QP::QSpyRecords::QS_QEP_UNHANDLED' (line 87, file C:\qp_lab\qpcpp\include\qs.h) not referenced
"C:\qp_lab\qpcpp\include\qs.h" 90 1 Info 769: global enumeration constant 'QP::QSpyRecords::QS_QF_ACTIVE_ADD' (line 90, file C:\qp_lab\qpcpp\include\qs.h) not referenced
"C:\qp_lab\qpcpp\include\qs.h" 91 1 Info 769: global enumeration constant 'QP::QSpyRecords::QS_QF_ACTIVE_REMOVE' (line 91, file C:\qp_lab\qpcpp\include\qs.h) not referenced
"C:\qp_lab\qpcpp\include\qs.h" 92 1 Info 769: global enumeration constant 'QP::QSpyRecords::QS_QF_ACTIVE_SUBSCRIBE' (line 92, file C:\qp_lab\qpcpp\include\qs.h) not referenced
"C:\qp_lab\qpcpp\include\qs.h" 93 1 Info 769: global enumeration constant 'QP::QSpyRecords::QS_QF_ACTIVE_UNSUBSCRIBE' (line 93, file C:\qp_lab\qpcpp\include\qs.h) not referenced
"C:\qp_lab\qpcpp\include\qs.h" 95 1 Info 769: global enumeration constant 'QP::QSpyRecords::QS_QF_ACTIVE_POST_LIFO' (line 95, file C:\qp_lab\qpcpp\include\qs.h) not referenced
"C:\qp_lab\qpcpp\include\qs.h" 98 1 Info 769: global enumeration constant 'QP::QSpyRecords::QS_QF_EQUEUE_INIT' (line 98, file C:\qp_lab\qpcpp\include\qs.h) not referenced
"C:\qp_lab\qpcpp\include\qs.h" 99 1 Info 769: global enumeration constant 'QP::QSpyRecords::QS_QF_EQUEUE_POST_FIFO' (line 99, file C:\qp_lab\qpcpp\include\qs.h) not referenced
"C:\qp_lab\qpcpp\include\qs.h" 100 1 Info 769: global enumeration constant 'QP::QSpyRecords::QS_QF_EQUEUE_POST_LIFO' (line 100, file C:\qp_lab\qpcpp\include\qs.h) not referenced
"C:\qp_lab\qpcpp\include\qs.h" 101 1 Info 769: global enumeration constant 'QP::QSpyRecords::QS_QF_EQUEUE_GET' (line 101, file C:\qp_lab\qpcpp\include\qs.h) not referenced
"C:\qp_lab\qpcpp\include\qs.h" 102 1 Info 769: global enumeration constant 'QP::QSpyRecords::QS_QF_EQUEUE_GET_LAST' (line 102, file C:\qp_lab\qpcpp\include\qs.h) not referenced
"C:\qp_lab\qpcpp\include\qs.h" 103 1 Info 769: global enumeration constant 'QP::QSpyRecords::QS_QF_MPOOL_INIT' (line 103, file C:\qp_lab\qpcpp\include\qs.h) not referenced
"C:\qp_lab\qpcpp\include\qs.h" 104 1 Info 769: global enumeration constant 'QP::QSpyRecords::QS_QF_MPOOL_GET' (line 104, file C:\qp_lab\qpcpp\include\qs.h) not referenced
"C:\qp_lab\qpcpp\include\qs.h" 105 1 Info 769: global enumeration constant 'QP::QSpyRecords::QS_QF_MPOOL_PUT' (line 105, file C:\qp_lab\qpcpp\include\qs.h) not referenced
"C:\qp_lab\qpcpp\include\qs.h" 106 1 Info 769: global enumeration constant 'QP::QSpyRecords::QS_QF_PUBLISH' (line 106, file C:\qp_lab\qpcpp\include\qs.h) not referenced
"C:\qp_lab\qpcpp\include\qs.h" 107 1 Info 769: global enumeration constant 'QP::QSpyRecords::QS_QF_RESERVED8' (line 107, file C:\qp_lab\qpcpp\include\qs.h) not referenced
"C:\qp_lab\qpcpp\include\qs.h" 108 1 Info 769: global enumeration constant 'QP::QSpyRecords::QS_QF_NEW' (line 108, file C:\qp_lab\qpcpp\include\qs.h) not referenced
"C:\qp_lab\qpcpp\include\qs.h" 109 1 Info 769: global enumeration constant 'QP::QSpyRecords::QS_QF_GC_ATTEMPT' (line 109, file C:\qp_lab\qpcpp\include\qs.h) not referenced
"C:\qp_lab\qpcpp\include\qs.h" 110 1 Info 769: global enumeration constant 'QP::QSpyRecords::QS_QF_GC' (line 110, file C:\qp_lab\qpcpp\include\qs.h) not referenced
"C:\qp_lab\qpcpp\include\qs.h" 111 1 Info 769: global enumeration constant 'QP::QSpyRecords::QS_QF_TICK' (line 111, file C:\qp_lab\qpcpp\include\qs.h) not referenced
"C:\qp_lab\qpcpp\include\qs.h" 112 1 Info 769: global enumeration constant 'QP::QSpyRecords::QS_QF_TIMEEVT_ARM' (line 112, file C:\qp_lab\qpcpp\include\qs.h) not referenced
"C:\qp_lab\qpcpp\include\qs.h" 113 1 Info 769: global enumeration constant 'QP::QSpyRecords::QS_QF_TIMEEVT_AUTO_DISARM' (line 113, file C:\qp_lab\qpcpp\include\qs.h) not referenced
"C:\qp_lab\qpcpp\include\qs.h" 114 1 Info 769: global enumeration constant 'QP::QSpyRecords::QS_QF_TIMEEVT_DISARM_ATTEMPT' (line 114, file C:\qp_lab\qpcpp\include\qs.h) not referenced
"C:\qp_lab\qpcpp\include\qs.h" 115 1 Info 769: global enumeration constant 'QP::QSpyRecords::QS_QF_TIMEEVT_DISARM' (line 115, file C:\qp_lab\qpcpp\include\qs.h) not referenced
"C:\qp_lab\qpcpp\include\qs.h" 116 1 Info 769: global enumeration constant 'QP::QSpyRecords::QS_QF_TIMEEVT_REARM' (line 116, file C:\qp_lab\qpcpp\include\qs.h) not referenced
"C:\qp_lab\qpcpp\include\qs.h" 117 1 Info 769: global enumeration constant 'QP::QSpyRecords::QS_QF_TIMEEVT_POST' (line 117, file C:\qp_lab\qpcpp\include\qs.h) not referenced
"C:\qp_lab\qpcpp\include\qs.h" 118 1 Info 769: global enumeration constant 'QP::QSpyRecords::QS_QF_TIMEEVT_CTR' (line 118, file C:\qp_lab\qpcpp\include\qs.h) not referenced
"C:\qp_lab\qpcpp\include\qs.h" 119 1 Info 769: global enumeration constant 'QP::QSpyRecords::QS_QF_CRIT_ENTRY' (line 119, file C:\qp_lab\qpcpp\include\qs.h) not referenced
"C:\qp_lab\qpcpp\include\qs.h" 120 1 Info 769: global enumeration constant 'QP::QSpyRecords::QS_QF_CRIT_EXIT' (line 120, file C:\qp_lab\qpcpp\include\qs.h) not referenced
"C:\qp_lab\qpcpp\include\qs.h" 121 1 Info 769: global enumeration constant 'QP::QSpyRecords::QS_QF_ISR_ENTRY' (line 121, file C:\qp_lab\qpcpp\include\qs.h) not referenced
"C:\qp_lab\qpcpp\include\qs.h" 122 1 Info 769: global enumeration constant 'QP::QSpyRecords::QS_QF_ISR_EXIT' (line 122, file C:\qp_lab\qpcpp\include\qs.h) not referenced
"C:\qp_lab\qpcpp\include\qs.h" 123 1 Info 769: global enumeration constant 'QP::QSpyRecords::QS_QF_INT_DISABLE' (line 123, file C:\qp_lab\qpcpp\include\qs.h) not referenced
"C:\qp_lab\qpcpp\include\qs.h" 124 1 Info 769: global enumeration constant 'QP::QSpyRecords::QS_QF_INT_ENABLE' (line 124, file C:\qp_lab\qpcpp\include\qs.h) not referenced
"C:\qp_lab\qpcpp\include\qs.h" 126 1 Info 769: global enumeration constant 'QP::QSpyRecords::QS_QF_EQUEUE_POST_ATTEMPT' (line 126, file C:\qp_lab\qpcpp\include\qs.h) not referenced
"C:\qp_lab\qpcpp\include\qs.h" 127 1 Info 769: global enumeration constant 'QP::QSpyRecords::QS_QF_MPOOL_GET_ATTEMPT' (line 127, file C:\qp_lab\qpcpp\include\qs.h) not referenced
"C:\qp_lab\qpcpp\include\qs.h" 128 1 Info 769: global enumeration constant 'QP::QSpyRecords::QS_QF_RESERVED1' (line 128, file C:\qp_lab\qpcpp\include\qs.h) not referenced
"C:\qp_lab\qpcpp\include\qs.h" 129 1 Info 769: global enumeration constant 'QP::QSpyRecords::QS_QF_RESERVED0' (line 129, file C:\qp_lab\qpcpp\include\qs.h) not referenced
"C:\qp_lab\qpcpp\include\qs.h" 139 1 Info 769: global enumeration constant 'QP::QSpyRecords::QS_QEP_TRAN_HIST' (line 139, file C:\qp_lab\qpcpp\include\qs.h) not referenced
"C:\qp_lab\qpcpp\include\qs.h" 140 1 Info 769: global enumeration constant 'QP::QSpyRecords::QS_QEP_TRAN_EP' (line 140, file C:\qp_lab\qpcpp\include\qs.h) not referenced
"C:\qp_lab\qpcpp\include\qs.h" 141 1 Info 769: global enumeration constant 'QP::QSpyRecords::QS_QEP_TRAN_XP' (line 141, file C:\qp_lab\qpcpp\include\qs.h) not referenced
"C:\qp_lab\qpcpp\include\qs.h" 144 1 Info 769: global enumeration constant 'QP::QSpyRecords::QS_TEST_PAUSED' (line 144, file C:\qp_lab\qpcpp\include\qs.h) not referenced
"C:\qp_lab\qpcpp\include\qs.h" 145 1 Info 769: global enumeration constant 'QP::QSpyRecords::QS_TEST_PROBE_GET' (line 145, file C:\qp_lab\qpcpp\include\qs.h) not referenced
"C:\qp_lab\qpcpp\include\qs.h" 146 1 Info 769: global enumeration constant 'QP::QSpyRecords::QS_SIG_DICT' (line 146, file C:\qp_lab\qpcpp\include\qs.h) not referenced
"C:\qp_lab\qpcpp\include\qs.h" 147 1 Info 769: global enumeration constant 'QP::QSpyRecords::QS_OBJ_DICT' (line 147, file C:\qp_lab\qpcpp\include\qs.h) not referenced
"C:\qp_lab\qpcpp\include\qs.h" 148 1 Info 769: global enumeration constant 'QP::QSpyRecords::QS_FUN_DICT' (line 148, file C:\qp_lab\qpcpp\include\qs.h) not referenced
"C:\qp_lab\qpcpp\include\qs.h" 149 1 Info 769: global enumeration constant 'QP::QSpyRecords::QS_USR_DICT' (line 149, file C:\qp_lab\qpcpp\include\qs.h) not referenced
"C:\qp_lab\qpcpp\include\qs.h" 150 1 Info 769: global enumeration constant 'QP::QSpyRecords::QS_TARGET_INFO' (line 150, file C:\qp_lab\qpcpp\include\qs.h) not referenced
"C:\qp_lab\qpcpp\include\qs.h" 151 1 Info 769: global enumeration constant 'QP::QSpyRecords::QS_TARGET_DONE' (line 151, file C:\qp_lab\qpcpp\include\qs.h) not referenced
"C:\qp_lab\qpcpp\include\qs.h" 152 1 Info 769: global enumeration constant 'QP::QSpyRecords::QS_RX_STATUS' (line 152, file C:\qp_lab\qpcpp\include\qs.h) not referenced
"C:\qp_lab\qpcpp\include\qs.h" 153 1 Info 769: global enumeration constant 'QP::QSpyRecords::QS_MSC_RESERVED1' (line 153, file C:\qp_lab\qpcpp\include\qs.h) not referenced
"C:\qp_lab\qpcpp\include\qs.h" 154 1 Info 769: global enumeration constant 'QP::QSpyRecords::QS_PEEK_DATA' (line 154, file C:\qp_lab\qpcpp\include\qs.h) not referenced
"C:\qp_lab\qpcpp\include\qs.h" 155 1 Info 769: global enumeration constant 'QP::QSpyRecords::QS_ASSERT_FAIL' (line 155, file C:\qp_lab\qpcpp\include\qs.h) not referenced
"C:\qp_lab\qpcpp\include\qs.h" 163 1 Info 769: global enumeration constant 'QP::QSpyRecordGroups::QS_ALL_RECORDS' (line 163, file C:\qp_lab\qpcpp\include\qs.h) not referenced
"C:\qp_lab\qpcpp\include\qs.h" 164 1 Info 769: global enumeration constant 'QP::QSpyRecordGroups::QS_SM_RECORDS' (line 164, file C:\qp_lab\qpcpp\include\qs.h) not referenced
"C:\qp_lab\qpcpp\include\qs.h" 165 1 Info 769: global enumeration constant 'QP::QSpyRecordGroups::QS_AO_RECORDS' (line 165, file C:\qp_lab\qpcpp\include\qs.h) not referenced
"C:\qp_lab\qpcpp\include\qs.h" 166 1 Info 769: global enumeration constant 'QP::QSpyRecordGroups::QS_EQ_RECORDS' (line 166, file C:\qp_lab\qpcpp\include\qs.h) not referenced
"C:\qp_lab\qpcpp\include\qs.h" 167 1 Info 769: global enumeration constant 'QP::QSpyRecordGroups::QS_MP_RECORDS' (line 167, file C:\qp_lab\qpcpp\include\qs.h) not referenced
"C:\qp_lab\qpcpp\include\qs.h" 168 1 Info 769: global enumeration constant 'QP::QSpyRecordGroups::QS_TE_RECORDS' (line 168, file C:\qp_lab\qpcpp\include\qs.h) not referenced
"C:\qp_lab\qpcpp\include\qs.h" 169 1 Info 769: global enumeration constant 'QP::QSpyRecordGroups::QS_QF_RECORDS' (line 169, file C:\qp_lab\qpcpp\include\qs.h) not referenced
"C:\qp_lab\qpcpp\include\qs.h" 170 1 Info 769: global enumeration constant 'QP::QSpyRecordGroups::QS_SC_RECORDS' (line 170, file C:\qp_lab\qpcpp\include\qs.h) not referenced
"C:\qp_lab\qpcpp\include\qs.h" 171 1 Info 769: global enumeration constant 'QP::QSpyRecordGroups::QS_U0_RECORDS' (line 171, file C:\qp_lab\qpcpp\include\qs.h) not referenced
"C:\qp_lab\qpcpp\include\qs.h" 172 1 Info 769: global enumeration constant 'QP::QSpyRecordGroups::QS_U1_RECORDS' (line 172, file C:\qp_lab\qpcpp\include\qs.h) not referenced
"C:\qp_lab\qpcpp\include\qs.h" 173 1 Info 769: global enumeration constant 'QP::QSpyRecordGroups::QS_U2_RECORDS' (line 173, file C:\qp_lab\qpcpp\include\qs.h) not referenced
"C:\qp_lab\qpcpp\include\qs.h" 174 1 Info 769: global enumeration constant 'QP::QSpyRecordGroups::QS_U3_RECORDS' (line 174, file C:\qp_lab\qpcpp\include\qs.h) not referenced
"C:\qp_lab\qpcpp\include\qs.h" 175 1 Info 769: global enumeration constant 'QP::QSpyRecordGroups::QS_U4_RECORDS' (line 175, file C:\qp_lab\qpcpp\include\qs.h) not referenced
"C:\qp_lab\qpcpp\include\qs.h" 176 1 Info 769: global enumeration constant 'QP::QSpyRecordGroups::QS_UA_RECORDS' (line 176, file C:\qp_lab\qpcpp\include\qs.h) not referenced
"C:\qp_lab\qpcpp\include\qs.h" 184 1 Info 769: global enumeration constant 'QP::QSpyUserRecords::QS_USER3' (line 184, file C:\qp_lab\qpcpp\include\qs.h) not referenced
"C:\qp_lab\qpcpp\include\qs.h" 225 1 Info 1714: Member function 'QP::QS::getVersion(void)' (line 225, file C:\qp_lab\qpcpp\include\qs.h) not referenced [MISRA C++ Rule 0-1-10]
"C:\qp_lab\qpcpp\include\qs.h" 230 1 Info 1714: Member function 'QP::QS::initBuf(uint8_t *, uint_fast16_t)' (line 230, file C:\qp_lab\qpcpp\include\qs.h) not referenced [MISRA C++ Rule 0-1-10]
"C:\qp_lab\qpcpp\include\qs.h" 230 1 Warning 1526: Member function 'QP::QS::initBuf(uint8_t *, uint_fast16_t)' (line 230, file C:\qp_lab\qpcpp\include\qs.h) not defined
"C:\qp_lab\qpcpp\include\qs.h" 233 1 Info 1714: Member function 'QP::QS::filterOn(uint_fast8_t)' (line 233, file C:\qp_lab\qpcpp\include\qs.h) not referenced [MISRA C++ Rule 0-1-10]
"C:\qp_lab\qpcpp\include\qs.h" 233 1 Warning 1526: Member function 'QP::QS::filterOn(uint_fast8_t)' (line 233, file C:\qp_lab\qpcpp\include\qs.h) not defined
"C:\qp_lab\qpcpp\include\qs.h" 236 1 Info 1714: Member function 'QP::QS::filterOff(uint_fast8_t)' (line 236, file C:\qp_lab\qpcpp\include\qs.h) not referenced [MISRA C++ Rule 0-1-10]
"C:\qp_lab\qpcpp\include\qs.h" 236 1 Warning 1526: Member function 'QP::QS::filterOff(uint_fast8_t)' (line 236, file C:\qp_lab\qpcpp\include\qs.h) not defined
"C:\qp_lab\qpcpp\include\qs.h" 239 1 Warning 1526: Member function 'QP::QS::beginRec(uint_fast8_t)' (line 239, file C:\qp_lab\qpcpp\include\qs.h) not defined
"C:\qp_lab\qpcpp\include\qs.h" 242 1 Warning 1526: Member function 'QP::QS::endRec(void)' (line 242, file C:\qp_lab\qpcpp\include\qs.h) not defined
"C:\qp_lab\qpcpp\include\qs.h" 247 1 Warning 1526: Member function 'QP::QS::u8_(uint8_t)' (line 247, file C:\qp_lab\qpcpp\include\qs.h) not defined
"C:\qp_lab\qpcpp\include\qs.h" 250 1 Warning 1526: Member function 'QP::QS::u8u8_(uint8_t, uint8_t)' (line 250, file C:\qp_lab\qpcpp\include\qs.h) not defined
"C:\qp_lab\qpcpp\include\qs.h" 253 1 Warning 1526: Member function 'QP::QS::u16_(uint16_t)' (line 253, file C:\qp_lab\qpcpp\include\qs.h) not defined
"C:\qp_lab\qpcpp\include\qs.h" 256 1 Warning 1526: Member function 'QP::QS::u32_(uint32_t)' (line 256, file C:\qp_lab\qpcpp\include\qs.h) not defined
"C:\qp_lab\qpcpp\include\qs.h" 259 1 Info 1714: Member function 'QP::QS::str_(const char_t *)' (line 259, file C:\qp_lab\qpcpp\include\qs.h) not referenced [MISRA C++ Rule 0-1-10]
"C:\qp_lab\qpcpp\include\qs.h" 259 1 Warning 1526: Member function 'QP::QS::str_(const char_t *)' (line 259, file C:\qp_lab\qpcpp\include\qs.h) not defined
"C:\qp_lab\qpcpp\include\qs.h" 265 1 Info 1714: Member function 'QP::QS::u8(uint8_t, uint8_t)' (line 265, file C:\qp_lab\qpcpp\include\qs.h) not referenced [MISRA C++ Rule 0-1-10]
"C:\qp_lab\qpcpp\include\qs.h" 265 1 Warning 1526: Member function 'QP::QS::u8(uint8_t, uint8_t)' (line 265, file C:\qp_lab\qpcpp\include\qs.h) not defined
"C:\qp_lab\qpcpp\include\qs.h" 268 1 Info 1714: Member function 'QP::QS::u16(uint8_t, uint16_t)' (line 268, file C:\qp_lab\qpcpp\include\qs.h) not referenced [MISRA C++ Rule 0-1-10]
"C:\qp_lab\qpcpp\include\qs.h" 268 1 Warning 1526: Member function 'QP::QS::u16(uint8_t, uint16_t)' (line 268, file C:\qp_lab\qpcpp\include\qs.h) not defined
"C:\qp_lab\qpcpp\include\qs.h" 271 1 Info 1714: Member function 'QP::QS::u32(uint8_t, uint32_t)' (line 271, file C:\qp_lab\qpcpp\include\qs.h) not referenced [MISRA C++ Rule 0-1-10]
"C:\qp_lab\qpcpp\include\qs.h" 271 1 Warning 1526: Member function 'QP::QS::u32(uint8_t, uint32_t)' (line 271, file C:\qp_lab\qpcpp\include\qs.h) not defined
"C:\qp_lab\qpcpp\include\qs.h" 274 1 Info 1714: Member function 'QP::QS::f32(uint8_t, float32_t)' (line 274, file C:\qp_lab\qpcpp\include\qs.h) not referenced [MISRA C++ Rule 0-1-10]
"C:\qp_lab\qpcpp\include\qs.h" 274 1 Warning 1526: Member function 'QP::QS::f32(uint8_t, float32_t)' (line 274, file C:\qp_lab\qpcpp\include\qs.h) not defined
"C:\qp_lab\qpcpp\include\qs.h" 277 1 Info 1714: Member function 'QP::QS::f64(uint8_t, float64_t)' (line 277, file C:\qp_lab\qpcpp\include\qs.h) not referenced [MISRA C++ Rule 0-1-10]
"C:\qp_lab\qpcpp\include\qs.h" 277 1 Warning 1526: Member function 'QP::QS::f64(uint8_t, float64_t)' (line 277, file C:\qp_lab\qpcpp\include\qs.h) not defined
"C:\qp_lab\qpcpp\include\qs.h" 280 1 Info 1714: Member function 'QP::QS::str(const char_t *)' (line 280, file C:\qp_lab\qpcpp\include\qs.h) not referenced [MISRA C++ Rule 0-1-10]
"C:\qp_lab\qpcpp\include\qs.h" 280 1 Warning 1526: Member function 'QP::QS::str(const char_t *)' (line 280, file C:\qp_lab\qpcpp\include\qs.h) not defined
"C:\qp_lab\qpcpp\include\qs.h" 283 1 Info 1714: Member function 'QP::QS::mem(const uint8_t *, uint8_t)' (line 283, file C:\qp_lab\qpcpp\include\qs.h) not referenced [MISRA C++ Rule 0-1-10]
"C:\qp_lab\qpcpp\include\qs.h" 283 1 Warning 1526: Member function 'QP::QS::mem(const uint8_t *, uint8_t)' (line 283, file C:\qp_lab\qpcpp\include\qs.h) not defined
"C:\qp_lab\qpcpp\include\qs.h" 294 1 Info 1714: Member function 'QP::QS::sig_dict(enum_t, const void *, const char_t *)' (line 294, file C:\qp_lab\qpcpp\include\qs.h) not referenced [MISRA C++ Rule 0-1-10]
"C:\qp_lab\qpcpp\include\qs.h" 294 1 Warning 1526: Member function 'QP::QS::sig_dict(enum_t, const void *, const char_t *)' (line 294, file C:\qp_lab\qpcpp\include\qs.h) not defined
"C:\qp_lab\qpcpp\include\qs.h" 298 1 Info 1714: Member function 'QP::QS::obj_dict(const void *, const char_t *)' (line 298, file C:\qp_lab\qpcpp\include\qs.h) not referenced [MISRA C++ Rule 0-1-10]
"C:\qp_lab\qpcpp\include\qs.h" 298 1 Warning 1526: Member function 'QP::QS::obj_dict(const void *, const char_t *)' (line 298, file C:\qp_lab\qpcpp\include\qs.h) not defined
"C:\qp_lab\qpcpp\include\qs.h" 302 1 Info 1714: Member function 'QP::QS::fun_dict(void (*)(void), const char_t *)' (line 302, file C:\qp_lab\qpcpp\include\qs.h) not referenced [MISRA C++ Rule 0-1-10]
"C:\qp_lab\qpcpp\include\qs.h" 302 1 Warning 1526: Member function 'QP::QS::fun_dict(void (*)(void), const char_t *)' (line 302, file C:\qp_lab\qpcpp\include\qs.h) not defined
"C:\qp_lab\qpcpp\include\qs.h" 306 1 Info 1714: Member function 'QP::QS::usr_dict(enum_t, const char_t *)' (line 306, file C:\qp_lab\qpcpp\include\qs.h) not referenced [MISRA C++ Rule 0-1-10]
"C:\qp_lab\qpcpp\include\qs.h" 306 1 Warning 1526: Member function 'QP::QS::usr_dict(enum_t, const char_t *)' (line 306, file C:\qp_lab\qpcpp\include\qs.h) not defined
"C:\qp_lab\qpcpp\include\qs.h" 310 1 Info 1714: Member function 'QP::QS::rxInitBuf(uint8_t *, uint16_t)' (line 310, file C:\qp_lab\qpcpp\include\qs.h) not referenced [MISRA C++ Rule 0-1-10]
"C:\qp_lab\qpcpp\include\qs.h" 310 1 Warning 1526: Member function 'QP::QS::rxInitBuf(uint8_t *, uint16_t)' (line 310, file C:\qp_lab\qpcpp\include\qs.h) not defined
"C:\qp_lab\qpcpp\include\qs.h" 313 1 Info 1714: Member function 'QP::QS::rxParse(void)' (line 313, file C:\qp_lab\qpcpp\include\qs.h) not referenced [MISRA C++ Rule 0-1-10]
"C:\qp_lab\qpcpp\include\qs.h" 313 1 Warning 1526: Member function 'QP::QS::rxParse(void)' (line 313, file C:\qp_lab\qpcpp\include\qs.h) not defined
"C:\qp_lab\qpcpp\include\qs.h" 316 1 Info 1714: Member function 'QP::QS::rxGetNfree(void)' (line 316, file C:\qp_lab\qpcpp\include\qs.h) not referenced [MISRA C++ Rule 0-1-10]
"C:\qp_lab\qpcpp\include\qs.h" 316 1 Warning 1526: Member function 'QP::QS::rxGetNfree(void)' (line 316, file C:\qp_lab\qpcpp\include\qs.h) not defined
"C:\qp_lab\qpcpp\include\qs.h" 319 1 Info 1714: Member function 'QP::QS::rxPut(uint8_t)' (line 319, file C:\qp_lab\qpcpp\include\qs.h) not referenced [MISRA C++ Rule 0-1-10]
"C:\qp_lab\qpcpp\include\qs.h" 336 1 Info 1714: Member function 'QP::QS::getByte(void)' (line 336, file C:\qp_lab\qpcpp\include\qs.h) not referenced [MISRA C++ Rule 0-1-10]
"C:\qp_lab\qpcpp\include\qs.h" 336 1 Warning 1526: Member function 'QP::QS::getByte(void)' (line 336, file C:\qp_lab\qpcpp\include\qs.h) not defined
"C:\qp_lab\qpcpp\include\qs.h" 339 1 Info 1714: Member function 'QP::QS::getBlock(uint16_t *)' (line 339, file C:\qp_lab\qpcpp\include\qs.h) not referenced [MISRA C++ Rule 0-1-10]
"C:\qp_lab\qpcpp\include\qs.h" 339 1 Warning 1526: Member function 'QP::QS::getBlock(uint16_t *)' (line 339, file C:\qp_lab\qpcpp\include\qs.h) not defined
"C:\qp_lab\qpcpp\include\qs.h" 344 1 Info 1714: Member function 'QP::QS::onStartup(const void *)' (line 344, file C:\qp_lab\qpcpp\include\qs.h) not referenced [MISRA C++ Rule 0-1-10]
"C:\qp_lab\qpcpp\include\qs.h" 344 1 Warning 1526: Member function 'QP::QS::onStartup(const void *)' (line 344, file C:\qp_lab\qpcpp\include\qs.h) not defined
"C:\qp_lab\qpcpp\include\qs.h" 347 1 Info 1714: Member function 'QP::QS::onCleanup(void)' (line 347, file C:\qp_lab\qpcpp\include\qs.h) not referenced [MISRA C++ Rule 0-1-10]
"C:\qp_lab\qpcpp\include\qs.h" 347 1 Warning 1526: Member function 'QP::QS::onCleanup(void)' (line 347, file C:\qp_lab\qpcpp\include\qs.h) not defined
"C:\qp_lab\qpcpp\include\qs.h" 350 1 Warning 1526: Member function 'QP::QS::onFlush(void)' (line 350, file C:\qp_lab\qpcpp\include\qs.h) not defined
"C:\qp_lab\qpcpp\include\qs.h" 353 1 Warning 1526: Member function 'QP::QS::onGetTime(void)' (line 353, file C:\qp_lab\qpcpp\include\qs.h) not defined
"C:\qp_lab\qpcpp\include\qs.h" 356 1 Info 1714: Member function 'QP::QS::onReset(void)' (line 356, file C:\qp_lab\qpcpp\include\qs.h) not referenced [MISRA C++ Rule 0-1-10]
"C:\qp_lab\qpcpp\include\qs.h" 356 1 Warning 1526: Member function 'QP::QS::onReset(void)' (line 356, file C:\qp_lab\qpcpp\include\qs.h) not defined
"C:\qp_lab\qpcpp\include\qs.h" 359 1 Info 1714: Member function 'QP::QS::onCommand(uint8_t, uint32_t, uint32_t, uint32_t)' (line 359, file C:\qp_lab\qpcpp\include\qs.h) not referenced [MISRA C++ Rule 0-1-10]
"C:\qp_lab\qpcpp\include\qs.h" 359 1 Warning 1526: Member function 'QP::QS::onCommand(uint8_t, uint32_t, uint32_t, uint32_t)' (line 359, file C:\qp_lab\qpcpp\include\qs.h) not defined
"C:\qp_lab\qpcpp\include\qs.h" 364 1 Info 1714: Member function 'QP::QS::onTestSetup(void)' (line 364, file C:\qp_lab\qpcpp\include\qs.h) not referenced [MISRA C++ Rule 0-1-10]
"C:\qp_lab\qpcpp\include\qs.h" 364 1 Warning 1526: Member function 'QP::QS::onTestSetup(void)' (line 364, file C:\qp_lab\qpcpp\include\qs.h) not defined
"C:\qp_lab\qpcpp\include\qs.h" 367 1 Info 1714: Member function 'QP::QS::onTestTeardown(void)' (line 367, file C:\qp_lab\qpcpp\include\qs.h) not referenced [MISRA C++ Rule 0-1-10]
"C:\qp_lab\qpcpp\include\qs.h" 367 1 Warning 1526: Member function 'QP::QS::onTestTeardown(void)' (line 367, file C:\qp_lab\qpcpp\include\qs.h) not defined
"C:\qp_lab\qpcpp\include\qs.h" 370 1 Info 1714: Member function 'QP::QS::onTestEvt(struct QP::QEvt *)' (line 370, file C:\qp_lab\qpcpp\include\qs.h) not referenced [MISRA C++ Rule 0-1-10]
"C:\qp_lab\qpcpp\include\qs.h" 370 1 Warning 1526: Member function 'QP::QS::onTestEvt(struct QP::QEvt *)' (line 370, file C:\qp_lab\qpcpp\include\qs.h) not defined
"C:\qp_lab\qpcpp\include\qs.h" 373 1 Info 1714: Member function 'QP::QS::onTestLoop(void)' (line 373, file C:\qp_lab\qpcpp\include\qs.h) not referenced [MISRA C++ Rule 0-1-10]
"C:\qp_lab\qpcpp\include\qs.h" 373 1 Warning 1526: Member function 'QP::QS::onTestLoop(void)' (line 373, file C:\qp_lab\qpcpp\include\qs.h) not defined
"C:\qp_lab\qpcpp\include\qs.h" 376 1 Info 1714: Member function 'QP::QS::getTestProbe_(void (*)(void))' (line 376, file C:\qp_lab\qpcpp\include\qs.h) not referenced [MISRA C++ Rule 0-1-10]
"C:\qp_lab\qpcpp\include\qs.h" 376 1 Warning 1526: Member function 'QP::QS::getTestProbe_(void (*)(void))' (line 376, file C:\qp_lab\qpcpp\include\qs.h) not defined
"C:\qp_lab\qpcpp\include\qs.h" 385 1 Info 769: global enumeration constant 'QP::QS::QSType::I8_T' (line 385, file C:\qp_lab\qpcpp\include\qs.h) not referenced
"C:\qp_lab\qpcpp\include\qs.h" 386 1 Info 769: global enumeration constant 'QP::QS::QSType::U8_T' (line 386, file C:\qp_lab\qpcpp\include\qs.h) not referenced
"C:\qp_lab\qpcpp\include\qs.h" 387 1 Info 769: global enumeration constant 'QP::QS::QSType::I16_T' (line 387, file C:\qp_lab\qpcpp\include\qs.h) not referenced
"C:\qp_lab\qpcpp\include\qs.h" 388 1 Info 769: global enumeration constant 'QP::QS::QSType::U16_T' (line 388, file C:\qp_lab\qpcpp\include\qs.h) not referenced
"C:\qp_lab\qpcpp\include\qs.h" 389 1 Info 769: global enumeration constant 'QP::QS::QSType::I32_T' (line 389, file C:\qp_lab\qpcpp\include\qs.h) not referenced
"C:\qp_lab\qpcpp\include\qs.h" 390 1 Info 769: global enumeration constant 'QP::QS::QSType::U32_T' (line 390, file C:\qp_lab\qpcpp\include\qs.h) not referenced
"C:\qp_lab\qpcpp\include\qs.h" 391 1 Info 769: global enumeration constant 'QP::QS::QSType::F32_T' (line 391, file C:\qp_lab\qpcpp\include\qs.h) not referenced
"C:\qp_lab\qpcpp\include\qs.h" 392 1 Info 769: global enumeration constant 'QP::QS::QSType::F64_T' (line 392, file C:\qp_lab\qpcpp\include\qs.h) not referenced
"C:\qp_lab\qpcpp\include\qs.h" 393 1 Info 769: global enumeration constant 'QP::QS::QSType::STR_T' (line 393, file C:\qp_lab\qpcpp\include\qs.h) not referenced
"C:\qp_lab\qpcpp\include\qs.h" 394 1 Info 769: global enumeration constant 'QP::QS::QSType::MEM_T' (line 394, file C:\qp_lab\qpcpp\include\qs.h) not referenced
"C:\qp_lab\qpcpp\include\qs.h" 395 1 Info 769: global enumeration constant 'QP::QS::QSType::SIG_T' (line 395, file C:\qp_lab\qpcpp\include\qs.h) not referenced
"C:\qp_lab\qpcpp\include\qs.h" 396 1 Info 769: global enumeration constant 'QP::QS::QSType::OBJ_T' (line 396, file C:\qp_lab\qpcpp\include\qs.h) not referenced
"C:\qp_lab\qpcpp\include\qs.h" 397 1 Info 769: global enumeration constant 'QP::QS::QSType::FUN_T' (line 397, file C:\qp_lab\qpcpp\include\qs.h) not referenced
"C:\qp_lab\qpcpp\include\qs.h" 398 1 Info 769: global enumeration constant 'QP::QS::QSType::I64_T' (line 398, file C:\qp_lab\qpcpp\include\qs.h) not referenced
"C:\qp_lab\qpcpp\include\qs.h" 399 1 Info 769: global enumeration constant 'QP::QS::QSType::U64_T' (line 399, file C:\qp_lab\qpcpp\include\qs.h) not referenced
"C:\qp_lab\qpcpp\include\qs.h" 400 1 Info 769: global enumeration constant 'QP::QS::QSType::U32_HEX_T' (line 400, file C:\qp_lab\qpcpp\include\qs.h) not referenced
"C:\qp_lab\qpcpp\include\qs.h" 405 1 Info 769: global enumeration constant 'QP::QS::QSpyObjKind::SM_OBJ' (line 405, file C:\qp_lab\qpcpp\include\qs.h) not referenced
"C:\qp_lab\qpcpp\include\qs.h" 407 1 Info 769: global enumeration constant 'QP::QS::QSpyObjKind::MP_OBJ' (line 407, file C:\qp_lab\qpcpp\include\qs.h) not referenced
"C:\qp_lab\qpcpp\include\qs.h" 408 1 Info 769: global enumeration constant 'QP::QS::QSpyObjKind::EQ_OBJ' (line 408, file C:\qp_lab\qpcpp\include\qs.h) not referenced
"C:\qp_lab\qpcpp\include\qs.h" 409 1 Info 769: global enumeration constant 'QP::QS::QSpyObjKind::TE_OBJ' (line 409, file C:\qp_lab\qpcpp\include\qs.h) not referenced
"C:\qp_lab\qpcpp\include\qs.h" 410 1 Info 769: global enumeration constant 'QP::QS::QSpyObjKind::AP_OBJ' (line 410, file C:\qp_lab\qpcpp\include\qs.h) not referenced
"C:\qp_lab\qpcpp\include\qs.h" 417 1 Info 1795: Template 'QP::QS::force_cast(<2>)' (line 417, file C:\qp_lab\qpcpp\include\qs.h) was defined but not instantiated [MISRA C++ Rule 14-7-1]
"C:\qp_lab\qpcpp\include\qs.h" 428 1 Info 768: global struct member 'QP::QS::buf' (line 428, file C:\qp_lab\qpcpp\include\qs.h) not referenced
"C:\qp_lab\qpcpp\include\qs.h" 429 1 Info 768: global struct member 'QP::QS::end' (line 429, file C:\qp_lab\qpcpp\include\qs.h) not referenced
"C:\qp_lab\qpcpp\include\qs.h" 430 1 Info 768: global struct member 'QP::QS::head' (line 430, file C:\qp_lab\qpcpp\include\qs.h) not referenced
"C:\qp_lab\qpcpp\include\qs.h" 431 1 Info 768: global struct member 'QP::QS::tail' (line 431, file C:\qp_lab\qpcpp\include\qs.h) not referenced
"C:\qp_lab\qpcpp\include\qs.h" 432 1 Info 768: global struct member 'QP::QS::used' (line 432, file C:\qp_lab\qpcpp\include\qs.h) not referenced
"C:\qp_lab\qpcpp\include\qs.h" 433 1 Info 768: global struct member 'QP::QS::seq' (line 433, file C:\qp_lab\qpcpp\include\qs.h) not referenced
"C:\qp_lab\qpcpp\include\qs.h" 434 1 Info 768: global struct member 'QP::QS::chksum' (line 434, file C:\qp_lab\qpcpp\include\qs.h) not referenced
"C:\qp_lab\qpcpp\include\qs.h" 435 1 Info 768: global struct member 'QP::QS::full' (line 435, file C:\qp_lab\qpcpp\include\qs.h) not referenced
"C:\qp_lab\qpcpp\include\qs.h" 437 1 Info 768: global struct member 'QP::QS::critNest' (line 437, file C:\qp_lab\qpcpp\include\qs.h) not referenced
"C:\qp_lab\qpcpp\include\qs.h" 439 1 Warning 1527: static member 'QP::QS::priv_' (line 439, file C:\qp_lab\qpcpp\include\qs.h) not defined
"C:\qp_lab\qpcpp\include\qs.h" 442 1 Info 768: global struct member 'QP::QS::QSrxPriv::currObj' (line 442, file C:\qp_lab\qpcpp\include\qs.h) not referenced
"C:\qp_lab\qpcpp\include\qs.h" 447 1 Info 768: global struct member 'QP::QS::QSrxPriv::inTestLoop' (line 447, file C:\qp_lab\qpcpp\include\qs.h) not referenced
"C:\qp_lab\qpcpp\include\qs.h" 448 1 Warning 1527: static member 'QP::QS::rxPriv_' (line 448, file C:\qp_lab\qpcpp\include\qs.h) not defined
"C:\qp_lab\qpcpp\include\qs.h" 455 1 Info 769: global enumeration constant 'QP::QSpyRxRecords::QS_RX_INFO' (line 455, file C:\qp_lab\qpcpp\include\qs.h) not referenced
"C:\qp_lab\qpcpp\include\qs.h" 456 1 Info 769: global enumeration constant 'QP::QSpyRxRecords::QS_RX_COMMAND' (line 456, file C:\qp_lab\qpcpp\include\qs.h) not referenced
"C:\qp_lab\qpcpp\include\qs.h" 457 1 Info 769: global enumeration constant 'QP::QSpyRxRecords::QS_RX_RESET' (line 457, file C:\qp_lab\qpcpp\include\qs.h) not referenced
"C:\qp_lab\qpcpp\include\qs.h" 458 1 Info 769: global enumeration constant 'QP::QSpyRxRecords::QS_RX_TICK' (line 458, file C:\qp_lab\qpcpp\include\qs.h) not referenced
"C:\qp_lab\qpcpp\include\qs.h" 459 1 Info 769: global enumeration constant 'QP::QSpyRxRecords::QS_RX_PEEK' (line 459, file C:\qp_lab\qpcpp\include\qs.h) not referenced
"C:\qp_lab\qpcpp\include\qs.h" 460 1 Info 769: global enumeration constant 'QP::QSpyRxRecords::QS_RX_POKE' (line 460, file C:\qp_lab\qpcpp\include\qs.h) not referenced
"C:\qp_lab\qpcpp\include\qs.h" 461 1 Info 769: global enumeration constant 'QP::QSpyRxRecords::QS_RX_FILL' (line 461, file C:\qp_lab\qpcpp\include\qs.h) not referenced
"C:\qp_lab\qpcpp\include\qs.h" 462 1 Info 769: global enumeration constant 'QP::QSpyRxRecords::QS_RX_TEST_SETUP' (line 462, file C:\qp_lab\qpcpp\include\qs.h) not referenced
"C:\qp_lab\qpcpp\include\qs.h" 463 1 Info 769: global enumeration constant 'QP::QSpyRxRecords::QS_RX_TEST_TEARDOWN' (line 463, file C:\qp_lab\qpcpp\include\qs.h) not referenced
"C:\qp_lab\qpcpp\include\qs.h" 464 1 Info 769: global enumeration constant 'QP::QSpyRxRecords::QS_RX_TEST_PROBE' (line 464, file C:\qp_lab\qpcpp\include\qs.h) not referenced
"C:\qp_lab\qpcpp\include\qs.h" 465 1 Info 769: global enumeration constant 'QP::QSpyRxRecords::QS_RX_GLB_FILTER' (line 465, file C:\qp_lab\qpcpp\include\qs.h) not referenced
"C:\qp_lab\qpcpp\include\qs.h" 466 1 Info 769: global enumeration constant 'QP::QSpyRxRecords::QS_RX_LOC_FILTER' (line 466, file C:\qp_lab\qpcpp\include\qs.h) not referenced
"C:\qp_lab\qpcpp\include\qs.h" 467 1 Info 769: global enumeration constant 'QP::QSpyRxRecords::QS_RX_AO_FILTER' (line 467, file C:\qp_lab\qpcpp\include\qs.h) not referenced
"C:\qp_lab\qpcpp\include\qs.h" 468 1 Info 769: global enumeration constant 'QP::QSpyRxRecords::QS_RX_CURR_OBJ' (line 468, file C:\qp_lab\qpcpp\include\qs.h) not referenced
"C:\qp_lab\qpcpp\include\qs.h" 469 1 Info 769: global enumeration constant 'QP::QSpyRxRecords::QS_RX_TEST_CONTINUE' (line 469, file C:\qp_lab\qpcpp\include\qs.h) not referenced
"C:\qp_lab\qpcpp\include\qs.h" 470 1 Info 769: global enumeration constant 'QP::QSpyRxRecords::QS_RX_RESERVED1' (line 470, file C:\qp_lab\qpcpp\include\qs.h) not referenced
"C:\qp_lab\qpcpp\include\qs.h" 471 1 Info 769: global enumeration constant 'QP::QSpyRxRecords::QS_RX_EVENT' (line 471, file C:\qp_lab\qpcpp\include\qs.h) not referenced

Count   Type    Number  Text

14      Warning 526     Symbol '___' (___) not defined
1       Warning 632     Assignment to strong type '___' in context: ___
1       Warning 633     Assignment from a strong type '___' in context: ___
103     Warning 1526    Member function '___' (___) not defined
5       Warning 1527    static member '___' (___) not defined
3       Info    714     Symbol '___' (___) not referenced
8       Info    740     Unusual pointer cast (incompatible indirect types)
108     Info    755     global macro '___' (___) not referenced
8       Info    756     global typedef '___' (___) not referenced
1       Info    757     global declarator '___' (___) not referenced
5       Info    758     global ___ '___' (___) not referenced
3       Info    759     header declaration for symbol '___' defined at (___) could be moved from header to module
3       Info    765     external '___' (___) could be made static
27      Info    768     global struct member '___' (___) not referenced
117     Info    769     global enumeration constant '___' (___) not referenced
10      Info    826     Suspicious pointer-to-pointer conversion (area too small)
4       Info    1705    static class members may be accessed by the scoping operator
116     Info    1714    Member function '___' (___) not referenced
2       Info    1715    static member '___' (___) not referenced
8       Info    1716    Virtual member function '___' (___) not referenced
4       Info    1774    Could use dynamic_cast to downcast polymorphic type '___'
1       Info    1795    Template '___' (___) was defined but not instantiated
1       Note    925     cast from ___ to ___
14      Note    929     cast from ___ to ___
6       Note    930     cast from ___ to ___
1       Note    1914    Default constructor '___' (___) not referenced
3       Note    1960    Violates MISRA C++ 2008 Required Rule ___, ___
